#
# A fatal error has been detected by the Java Runtime Environment:
#
#  EXCEPTION_ACCESS_VIOLATION (0xc0000005) at pc=0x000000005435ec80, pid=9536, tid=0x00000000000004fc
#
# JRE version: Java(TM) SE Runtime Environment (8.0_102-b14) (build 1.8.0_102-b14)
# Java VM: Java HotSpot(TM) 64-Bit Server VM (25.102-b14 mixed mode windows-amd64 compressed oops)
# Problematic frame:
# V  [jvm.dll+0x40ec80]
#
# Failed to write core dump. Minidumps are not enabled by default on client versions of Windows
#
# If you would like to submit a bug report, please visit:
#   http://bugreport.java.com/bugreport/crash.jsp
#

---------------  T H R E A D  ---------------

Current thread (0x0000000027c26000):  JavaThread "C1 CompilerThread3" daemon [_thread_in_native, id=1276, stack(0x00000000286f0000,0x00000000287f0000)]

siginfo: ExceptionCode=0xc0000005, reading address 0xffffffffffffffff

Registers:
RAX=0x4b89480c4b894818, RBX=0x00000000545a55e8, RCX=0x4b89480c4b894818, RDX=0x000000002a082f30
RSP=0x00000000287eef48, RBP=0x0000000000000002, RSI=0x000000002a082f30, RDI=0x0000000000000000
R8 =0x00000000287ef1b0, R9 =0x000000000000001b, R10=0x0000000000000000, R11=0x0000000027c27490
R12=0x000000002a083ed0, R13=0x00000000287ef1c0, R14=0x000000000000010c, R15=0x000000000000010c
RIP=0x000000005435ec80, EFLAGS=0x0000000000010206

Top of Stack: (sp=0x00000000287eef48)
0x00000000287eef48:   0000000054372245 0000000000000001
0x00000000287eef58:   0000000028edaaf0 0000000000000000
0x00000000287eef68:   0000000054371029 00000000545a55e8
0x00000000287eef78:   000000005439de35 000000002a082f30
0x00000000287eef88:   0000000028c5d940 0000000000000000
0x00000000287eef98:   0000000054370fbe 0000000000000002
0x00000000287eefa8:   000000002a082f30 0000000000000002
0x00000000287eefb8:   0000000028c5ce20 0000000000000000
0x00000000287eefc8:   0000000000000000 ffffffff00000000
0x00000000287eefd8:   0000000028cf25d0 ffffffff00000000
0x00000000287eefe8:   000000002a083d50 ffffffff00000000
0x00000000287eeff8:   0000000028cf25e0 00000000287ef1c0
0x00000000287ef008:   0000000028e2e060 0000000028cf1e00
0x00000000287ef018:   00000000543705e7 0000000028c5ba00
0x00000000287ef028:   0000000000000998 0000000000000133
0x00000000287ef038:   0000000028e2e060 0000000000000000 

Instructions: (pc=0x000000005435ec80)
0x000000005435ec60:   83 c4 20 5f c3 48 8b 5c 24 30 48 8b 74 24 38 32
0x000000005435ec70:   c0 48 83 c4 20 5f c3 cc cc cc cc cc cc cc cc cc
0x000000005435ec80:   48 8b 41 28 48 85 c0 75 04 48 8b c1 c3 48 8b c8
0x000000005435ec90:   e9 eb ff ff ff cc cc cc cc cc cc cc cc cc cc cc 


Register to memory mapping:

RAX=0x4b89480c4b894818 is an unknown value
RBX=0x00000000545a55e8 is an unknown value
RCX=0x4b89480c4b894818 is an unknown value
RDX=0x000000002a082f30 is an unknown value
RSP=0x00000000287eef48 is pointing into the stack for thread: 0x0000000027c26000
RBP=0x0000000000000002 is an unknown value
RSI=0x000000002a082f30 is an unknown value
RDI=0x0000000000000000 is an unknown value
R8 =0x00000000287ef1b0 is pointing into the stack for thread: 0x0000000027c26000
R9 =0x000000000000001b is an unknown value
R10=0x0000000000000000 is an unknown value
R11=0x0000000027c27490 is an unknown value
R12=0x000000002a083ed0 is an unknown value
R13=0x00000000287ef1c0 is pointing into the stack for thread: 0x0000000027c26000
R14=0x000000000000010c is an unknown value
R15=0x000000000000010c is an unknown value


Stack: [0x00000000286f0000,0x00000000287f0000],  sp=0x00000000287eef48,  free space=1019k
Native frames: (J=compiled Java code, j=interpreted, Vv=VM code, C=native code)
V  [jvm.dll+0x40ec80]


Current CompileTask:
C1:    988 1555   !   3       com.sun.org.apache.xerces.internal.impl.XMLDocumentFragmentScannerImpl$FragmentContentDriver::next (2346 bytes)


---------------  P R O C E S S  ---------------

Java Threads: ( => current thread )
  0x0000000029e13000 JavaThread "DefaultQuartzScheduler_Worker-6" [_thread_blocked, id=10536, stack(0x000000002b400000,0x000000002b500000)]
  0x0000000029e12800 JavaThread "DefaultQuartzScheduler_Worker-5" [_thread_blocked, id=10944, stack(0x000000002b300000,0x000000002b400000)]
  0x0000000029e11800 JavaThread "DefaultQuartzScheduler_Worker-4" [_thread_blocked, id=9196, stack(0x000000002b200000,0x000000002b300000)]
  0x0000000029d37000 JavaThread "DefaultQuartzScheduler_Worker-3" [_thread_blocked, id=6340, stack(0x000000002b100000,0x000000002b200000)]
  0x0000000029d36800 JavaThread "DefaultQuartzScheduler_Worker-2" [_thread_blocked, id=11260, stack(0x000000002b000000,0x000000002b100000)]
  0x0000000029ede800 JavaThread "DefaultQuartzScheduler_Worker-1" [_thread_blocked, id=11024, stack(0x000000002af00000,0x000000002b000000)]
  0x0000000027cbf800 JavaThread "Service Thread" daemon [_thread_blocked, id=7472, stack(0x00000000287f0000,0x00000000288f0000)]
=>0x0000000027c26000 JavaThread "C1 CompilerThread3" daemon [_thread_in_native, id=1276, stack(0x00000000286f0000,0x00000000287f0000)]
  0x0000000027c22000 JavaThread "C2 CompilerThread2" daemon [_thread_blocked, id=5296, stack(0x00000000285f0000,0x00000000286f0000)]
  0x0000000027c1b800 JavaThread "C2 CompilerThread1" daemon [_thread_blocked, id=10472, stack(0x00000000284f0000,0x00000000285f0000)]
  0x0000000027c18000 JavaThread "C2 CompilerThread0" daemon [_thread_blocked, id=7692, stack(0x00000000283f0000,0x00000000284f0000)]
  0x0000000027c16800 JavaThread "Attach Listener" daemon [_thread_blocked, id=2820, stack(0x00000000282f0000,0x00000000283f0000)]
  0x0000000025d2e800 JavaThread "Signal Dispatcher" daemon [_thread_blocked, id=1300, stack(0x00000000281f0000,0x00000000282f0000)]
  0x0000000027c10800 JavaThread "Finalizer" daemon [_thread_blocked, id=6252, stack(0x0000000027ff0000,0x00000000280f0000)]
  0x0000000002ca5000 JavaThread "Reference Handler" daemon [_thread_blocked, id=7132, stack(0x0000000027af0000,0x0000000027bf0000)]
  0x0000000000e4d800 JavaThread "main" [_thread_in_vm, id=8740, stack(0x0000000002ab0000,0x0000000002bb0000)]

Other Threads:
  0x0000000025d19000 VMThread [stack: 0x00000000279f0000,0x0000000027af0000] [id=4716]
  0x0000000027cdc000 WatcherThread [stack: 0x00000000288f0000,0x00000000289f0000] [id=6372]

VM state:not at safepoint (normal execution)

VM Mutex/Monitor currently owned by a thread: None

Heap:
 PSYoungGen      total 1529344K, used 157348K [0x0000000715580000, 0x0000000780000000, 0x00000007c0000000)
  eden space 1311232K, 12% used [0x0000000715580000,0x000000071ef29000,0x0000000765600000)
  from space 218112K, 0% used [0x0000000772b00000,0x0000000772b00000,0x0000000780000000)
  to   space 218112K, 0% used [0x0000000765600000,0x0000000765600000,0x0000000772b00000)
 ParOldGen       total 3495424K, used 0K [0x00000005c0000000, 0x0000000695580000, 0x0000000715580000)
  object space 3495424K, 0% used [0x00000005c0000000,0x00000005c0000000,0x0000000695580000)
 Metaspace       used 19716K, capacity 19918K, committed 20224K, reserved 1067008K
  class space    used 2146K, capacity 2245K, committed 2304K, reserved 1048576K

Card table byte_map: [0x0000000012070000,0x0000000013080000] byte_map_base: 0x000000000f270000

Marking Bits: (ParMarkBitMap*) 0x000000005476a6c0
 Begin Bits: [0x0000000014330000, 0x000000001c330000)
 End Bits:   [0x000000001c330000, 0x0000000024330000)

Polling page: 0x0000000000e20000

CodeCache: size=245760Kb used=4949Kb max_used=4955Kb free=240810Kb
 bounds [0x0000000002cb0000, 0x0000000003190000, 0x0000000011cb0000]
 total_blobs=1958 nmethods=1557 adapters=313
 compilation: enabled

Compilation events (10 events):
Event: 0.954 Thread 0x0000000027c1b800 nmethod 1556 0x0000000003187c50 code [0x0000000003187d80, 0x0000000003187e18]
Event: 0.954 Thread 0x0000000027c26000 nmethod 1553 0x0000000003183c50 code [0x0000000003183dc0, 0x0000000003184128]
Event: 0.954 Thread 0x0000000027c26000 1551       3       com.sun.org.apache.xerces.internal.impl.XMLNSDocumentScannerImpl::next (39 bytes)
Event: 0.955 Thread 0x0000000027c26000 nmethod 1551 0x00000000031834d0 code [0x0000000003183660, 0x0000000003183a68]
Event: 0.955 Thread 0x0000000027c26000 1550       3       com.sun.org.apache.xerces.internal.util.XMLChar::isSpace (22 bytes)
Event: 0.955 Thread 0x0000000027c26000 nmethod 1550 0x0000000003183090 code [0x0000000003183200, 0x00000000031833f0]
Event: 0.955 Thread 0x0000000027c26000 1554       3       com.sun.org.apache.xerces.internal.impl.XMLDocumentScannerImpl::next (10 bytes)
Event: 0.955 Thread 0x0000000027c26000 nmethod 1554 0x0000000003187810 code [0x0000000003187980, 0x0000000003187ba8]
Event: 0.955 Thread 0x0000000027c26000 1555   !   3       com.sun.org.apache.xerces.internal.impl.XMLDocumentFragmentScannerImpl$FragmentContentDriver::next (2346 bytes)
Event: 0.955 Thread 0x0000000027c18000 nmethod 1546 0x0000000003187010 code [0x0000000003187180, 0x0000000003187558]

GC Heap History (0 events):
No events

Deoptimization events (10 events):
Event: 0.580 Thread 0x0000000000e4d800 Uncommon trap: reason=class_check action=maybe_recompile pc=0x0000000002ffab70 method=java.util.regex.Pattern$Curly.match(Ljava/util/regex/Matcher;ILjava/lang/CharSequence;)Z @ 19
Event: 0.580 Thread 0x0000000000e4d800 Uncommon trap: reason=class_check action=maybe_recompile pc=0x0000000002ffab70 method=java.util.regex.Pattern$Curly.match(Ljava/util/regex/Matcher;ILjava/lang/CharSequence;)Z @ 19
Event: 0.580 Thread 0x0000000000e4d800 Uncommon trap: reason=class_check action=maybe_recompile pc=0x0000000002e18a3c method=java.util.regex.Pattern$Slice.match(Ljava/util/regex/Matcher;ILjava/lang/CharSequence;)Z @ 75
Event: 0.582 Thread 0x0000000000e4d800 Uncommon trap: reason=class_check action=maybe_recompile pc=0x0000000002e18a3c method=java.util.regex.Pattern$Slice.match(Ljava/util/regex/Matcher;ILjava/lang/CharSequence;)Z @ 75
Event: 0.582 Thread 0x0000000000e4d800 Uncommon trap: reason=class_check action=maybe_recompile pc=0x0000000002e18a3c method=java.util.regex.Pattern$Slice.match(Ljava/util/regex/Matcher;ILjava/lang/CharSequence;)Z @ 75
Event: 0.584 Thread 0x0000000000e4d800 Uncommon trap: reason=class_check action=maybe_recompile pc=0x0000000002e18a3c method=java.util.regex.Pattern$Slice.match(Ljava/util/regex/Matcher;ILjava/lang/CharSequence;)Z @ 75
Event: 0.742 Thread 0x0000000000e4d800 Uncommon trap: reason=unstable_if action=reinterpret pc=0x0000000002faa154 method=java.lang.CharacterDataLatin1.digit(II)I @ 82
Event: 0.780 Thread 0x0000000000e4d800 Uncommon trap: reason=unstable_if action=reinterpret pc=0x0000000003005b1c method=java.util.HashMap.putVal(ILjava/lang/Object;Ljava/lang/Object;ZZ)Ljava/lang/Object; @ 162
Event: 0.780 Thread 0x0000000000e4d800 Uncommon trap: reason=unstable_if action=reinterpret pc=0x0000000003099c64 method=java.util.HashMap.resize()[Ljava/util/HashMap$Node; @ 206
Event: 0.864 Thread 0x0000000000e4d800 Uncommon trap: reason=unstable_if action=reinterpret pc=0x0000000002f89b14 method=java.util.HashMap.getNode(ILjava/lang/Object;)Ljava/util/HashMap$Node; @ 62

Internal exceptions (10 events):
Event: 0.080 Thread 0x0000000000e4d800 Exception <a 'java/security/PrivilegedActionException'> (0x00000007156ca2d8) thrown at [C:\re\workspace\8-2-build-windows-amd64-cygwin\jdk8u102\7268\hotspot\src\share\vm\prims\jvm.cpp, line 1386]
Event: 0.434 Thread 0x0000000000e4d800 Exception <a 'java/lang/NoClassDefFoundError': javax/validation/Validation> (0x0000000718d0be80) thrown at [C:\re\workspace\8-2-build-windows-amd64-cygwin\jdk8u102\7268\hotspot\src\share\vm\classfile\systemDictionary.cpp, line 199]
Event: 0.569 Thread 0x0000000000e4d800 Exception <a 'java/lang/NoSuchFieldError': method resolution failed> (0x00000007194e1240) thrown at [C:\re\workspace\8-2-build-windows-amd64-cygwin\jdk8u102\7268\hotspot\src\share\vm\prims\methodHandles.cpp, line 1146]
Event: 0.569 Thread 0x0000000000e4d800 Exception <a 'java/lang/NoSuchFieldError': method resolution failed> (0x00000007194ee900) thrown at [C:\re\workspace\8-2-build-windows-amd64-cygwin\jdk8u102\7268\hotspot\src\share\vm\prims\methodHandles.cpp, line 1146]
Event: 0.971 Thread 0x0000000000e4d800 Exception <a 'java/lang/ClassNotFoundException': org/quartz/simpl/SimpleThreadPoolBeanInfo> (0x000000071de37940) thrown at [C:\re\workspace\8-2-build-windows-amd64-cygwin\jdk8u102\7268\hotspot\src\share\vm\classfile\systemDictionary.cpp, line 210]
Event: 0.971 Thread 0x0000000000e4d800 Exception <a 'java/lang/ClassNotFoundException': java/lang/ObjectBeanInfo> (0x000000071de39b90) thrown at [C:\re\workspace\8-2-build-windows-amd64-cygwin\jdk8u102\7268\hotspot\src\share\vm\classfile\systemDictionary.cpp, line 210]
Event: 0.971 Thread 0x0000000000e4d800 Exception <a 'java/lang/ClassNotFoundException': java/lang/ObjectCustomizer> (0x000000071de3bee0) thrown at [C:\re\workspace\8-2-build-windows-amd64-cygwin\jdk8u102\7268\hotspot\src\share\vm\classfile\systemDictionary.cpp, line 210]
Event: 0.973 Thread 0x0000000000e4d800 Exception <a 'java/lang/ArrayIndexOutOfBoundsException': 18> (0x000000071de3e2e8) thrown at [C:\re\workspace\8-2-build-windows-amd64-cygwin\jdk8u102\7268\hotspot\src\share\vm\interpreter\interpreterRuntime.cpp, line 366]
Event: 0.973 Thread 0x0000000000e4d800 Exception <a 'java/lang/ArrayIndexOutOfBoundsException': 22> (0x000000071de41460) thrown at [C:\re\workspace\8-2-build-windows-amd64-cygwin\jdk8u102\7268\hotspot\src\share\vm\interpreter\interpreterRuntime.cpp, line 366]
Event: 0.974 Thread 0x0000000000e4d800 Exception <a 'java/lang/ArrayIndexOutOfBoundsException': 160> (0x000000071de43650) thrown at [C:\re\workspace\8-2-build-windows-amd64-cygwin\jdk8u102\7268\hotspot\src\share\vm\interpreter\interpreterRuntime.cpp, line 366]

Events (10 events):
Event: 0.974 loading class sun/reflect/generics/reflectiveObjects/TypeVariableImpl done
Event: 0.974 loading class java/lang/reflect/GenericArrayType
Event: 0.974 loading class java/lang/reflect/GenericArrayType done
Event: 0.974 loading class com/sun/beans/WildcardTypeImpl
Event: 0.974 loading class com/sun/beans/WildcardTypeImpl done
Event: 0.974 loading class java/beans/PropertyDescriptor
Event: 0.974 loading class java/beans/PropertyDescriptor done
Event: 0.974 loading class java/beans/Transient
Event: 0.974 loading class java/beans/Transient done
Event: 0.974 loading class sun/reflect/annotation/AnnotationParser


Dynamic libraries:
0x00007ff72ee50000 - 0x00007ff72ee87000 	C:\Program Files\Java\jdk1.8.0_102\bin\java.exe
0x00007ffca7f20000 - 0x00007ffca80f1000 	C:\WINDOWS\SYSTEM32\ntdll.dll
0x00007ffca55e0000 - 0x00007ffca568b000 	C:\WINDOWS\System32\KERNEL32.DLL
0x00007ffca4680000 - 0x00007ffca489d000 	C:\WINDOWS\System32\KERNELBASE.dll
0x00007ffca6cf0000 - 0x00007ffca6d92000 	C:\WINDOWS\System32\ADVAPI32.dll
0x00007ffca5690000 - 0x00007ffca572e000 	C:\WINDOWS\System32\msvcrt.dll
0x00007ffca7710000 - 0x00007ffca7769000 	C:\WINDOWS\System32\sechost.dll
0x00007ffca54b0000 - 0x00007ffca55d1000 	C:\WINDOWS\System32\RPCRT4.dll
0x00007ffca7c10000 - 0x00007ffca7d75000 	C:\WINDOWS\System32\USER32.dll
0x00007ffca5490000 - 0x00007ffca54ae000 	C:\WINDOWS\System32\win32u.dll
0x00007ffca6cb0000 - 0x00007ffca6ce4000 	C:\WINDOWS\System32\GDI32.dll
0x00007ffca5250000 - 0x00007ffca53d2000 	C:\WINDOWS\System32\gdi32full.dll
0x00007ffc94e10000 - 0x00007ffc95089000 	C:\WINDOWS\WinSxS\amd64_microsoft.windows.common-controls_6595b64144ccf1df_6.0.14393.447_none_42191651c6827bb3\COMCTL32.dll
0x00007ffca7060000 - 0x00007ffca7327000 	C:\WINDOWS\System32\combase.dll
0x00007ffca5150000 - 0x00007ffca5245000 	C:\WINDOWS\System32\ucrtbase.dll
0x00007ffca48f0000 - 0x00007ffca495a000 	C:\WINDOWS\System32\bcryptPrimitives.dll
0x00007ffca7330000 - 0x00007ffca735e000 	C:\WINDOWS\System32\IMM32.DLL
0x00000000547f0000 - 0x00000000548c1000 	C:\Program Files\Java\jdk1.8.0_102\jre\bin\msvcr100.dll
0x0000000053f50000 - 0x00000000547ea000 	C:\Program Files\Java\jdk1.8.0_102\jre\bin\server\jvm.dll
0x00007ffca7c00000 - 0x00007ffca7c08000 	C:\WINDOWS\System32\PSAPI.DLL
0x00007ffca2010000 - 0x00007ffca2033000 	C:\WINDOWS\SYSTEM32\WINMM.dll
0x00007ffc9fd70000 - 0x00007ffc9fd7a000 	C:\WINDOWS\SYSTEM32\VERSION.dll
0x00007ffc817c0000 - 0x00007ffc817c9000 	C:\WINDOWS\SYSTEM32\WSOCK32.dll
0x00007ffca7370000 - 0x00007ffca73da000 	C:\WINDOWS\System32\WS2_32.dll
0x0000000000df0000 - 0x0000000000e1b000 	C:\WINDOWS\SYSTEM32\WINMMBASE.dll
0x00007ffca48a0000 - 0x00007ffca48e2000 	C:\WINDOWS\System32\cfgmgr32.dll
0x0000000053f40000 - 0x0000000053f4f000 	C:\Program Files\Java\jdk1.8.0_102\jre\bin\verify.dll
0x0000000053f10000 - 0x0000000053f39000 	C:\Program Files\Java\jdk1.8.0_102\jre\bin\java.dll
0x0000000053ef0000 - 0x0000000053f06000 	C:\Program Files\Java\jdk1.8.0_102\jre\bin\zip.dll
0x00007ffca5730000 - 0x00007ffca6c39000 	C:\WINDOWS\System32\SHELL32.dll
0x00007ffca4a70000 - 0x00007ffca514a000 	C:\WINDOWS\System32\windows.storage.dll
0x00007ffca4390000 - 0x00007ffca43dc000 	C:\WINDOWS\System32\powrprof.dll
0x00007ffca6e60000 - 0x00007ffca6eb2000 	C:\WINDOWS\System32\shlwapi.dll
0x00007ffca4400000 - 0x00007ffca440f000 	C:\WINDOWS\System32\kernel.appcore.dll
0x00007ffca53e0000 - 0x00007ffca5489000 	C:\WINDOWS\System32\shcore.dll
0x00007ffca43e0000 - 0x00007ffca43f4000 	C:\WINDOWS\System32\profapi.dll
0x00000000504b0000 - 0x00000000504d4000 	C:\Program Files\Java\jdk1.8.0_102\jre\bin\sunec.dll
0x0000000053ed0000 - 0x0000000053eea000 	C:\Program Files\Java\jdk1.8.0_102\jre\bin\net.dll
0x00007ffca3b80000 - 0x00007ffca3bdc000 	C:\WINDOWS\system32\mswsock.dll
0x00007ffca3910000 - 0x00007ffca3948000 	C:\WINDOWS\SYSTEM32\IPHLPAPI.DLL
0x00007ffca73e0000 - 0x00007ffca73e8000 	C:\WINDOWS\System32\NSI.dll
0x00007ffca1ec0000 - 0x00007ffca1ed6000 	C:\WINDOWS\SYSTEM32\dhcpcsvc6.DLL
0x00007ffca1e50000 - 0x00007ffca1e6a000 	C:\WINDOWS\SYSTEM32\dhcpcsvc.DLL
0x0000000053b70000 - 0x0000000053b81000 	C:\Program Files\Java\jdk1.8.0_102\jre\bin\nio.dll
0x00007ffc99db0000 - 0x00007ffc99dc6000 	C:\WINDOWS\system32\napinsp.dll
0x00007ffc99d90000 - 0x00007ffc99daa000 	C:\WINDOWS\system32\pnrpnsp.dll
0x00007ffca2710000 - 0x00007ffca2728000 	C:\WINDOWS\system32\NLAapi.dll
0x00007ffca3960000 - 0x00007ffca3a00000 	C:\WINDOWS\SYSTEM32\DNSAPI.dll
0x00007ffc99dd0000 - 0x00007ffc99dde000 	C:\WINDOWS\System32\winrnr.dll
0x00007ffca1380000 - 0x00007ffca138a000 	C:\Windows\System32\rasadhlp.dll
0x00007ffca1ac0000 - 0x00007ffca1b2a000 	C:\WINDOWS\System32\fwpuclnt.dll
0x00007ffca42c0000 - 0x00007ffca42eb000 	C:\WINDOWS\SYSTEM32\bcrypt.dll
0x00007ffc950c0000 - 0x00007ffc95252000 	C:\WINDOWS\SYSTEM32\dbghelp.dll

VM Arguments:
jvm_args: -Dfile.encoding=UTF-8 -Xmx8g -Xms5g 
java_command: org.pasa.sispasaint.run.Inicio
java_class_path (initial): C:\Program Files\NetBeans 8.2\java\modules\ext\eclipselink\eclipselink.jar;C:\Program Files\NetBeans 8.2\java\modules\ext\eclipselink\javax.persistence_2.1.0.v201304241213.jar;C:\Program Files\NetBeans 8.2\java\modules\ext\eclipselink\org.eclipse.persistence.jpa.jpql_2.5.2.v20140319-9ad6abd.jar;C:\Users\90j00318\Documents\Java_Lib\jtds-1.3.1.jar;C:\Users\90j00318\Downloads\quartz-2.2.3\lib\c3p0-0.9.1.1.jar;C:\Users\90j00318\Downloads\quartz-2.2.3\lib\log4j-1.2.16.jar;C:\Users\90j00318\Downloads\quartz-2.2.3\lib\quartz-2.2.3.jar;C:\Users\90j00318\Downloads\quartz-2.2.3\lib\quartz-jobs-2.2.3.jar;C:\Users\90j00318\Downloads\quartz-2.2.3\lib\slf4j-api-1.7.7.jar;C:\Users\90j00318\Downloads\quartz-2.2.3\lib\slf4j-log4j12-1.7.7.jar;C:\Users\90j00318\Downloads\commons-codec-1.10.jar;C:\Users\90j00318\Documents\Java_Lib\commons-email-1.4.jar;C:\Users\90j00318\Documents\NetBeansProjects\SisPasaInt\build\classes
Launcher Type: SUN_STANDARD

Environment Variables:
PATH=C:\ProgramData\Oracle\Java\javapath;C:\WINDOWS\system32;C:\WINDOWS;C:\WINDOWS\System32\Wbem;C:\WINDOWS\System32\WindowsPowerShell\v1.0\;C:\Program Files (x86)\ATI Technologies\ATI.ACE\Core-Static;C:\Program Files\Microsoft SQL Server\Client SDK\ODBC\110\Tools\Binn\;C:\Program Files (x86)\Microsoft SQL Server\120\Tools\Binn\ManagementStudio\;C:\Program Files (x86)\Microsoft SQL Server\120\Tools\Binn\;C:\Program Files\Microsoft SQL Server\120\Tools\Binn\;C:\Program Files (x86)\Microsoft SQL Server\120\DTS\Binn\;C:\Program Files\Microsoft SQL Server\120\DTS\Binn\;C:\Program Files (x86)\Skype\Phone\;C:\Users\90j00318\AppData\Local\Microsoft\WindowsApps;
USERNAME=90J00318
OS=Windows_NT
PROCESSOR_IDENTIFIER=Intel64 Family 6 Model 94 Stepping 3, GenuineIntel



---------------  S Y S T E M  ---------------

OS: Windows 10.0 , 64 bit Build 14393 (10.0.14393.0)

CPU:total 8 (4 cores per cpu, 2 threads per core) family 6 model 94 stepping 3, cmov, cx8, fxsr, mmx, sse, sse2, sse3, ssse3, sse4.1, sse4.2, popcnt, avx, avx2, aes, clmul, erms, rtm, 3dnowpref, lzcnt, ht, tsc, tscinvbit, bmi1, bmi2, adx

Memory: 4k page, physical 16654828k(10906252k free), swap 19145196k(6925940k free)

vm_info: Java HotSpot(TM) 64-Bit Server VM (25.102-b14) for windows-amd64 JRE (1.8.0_102-b14), built on Jun 22 2016 13:15:21 by "java_re" with MS VC++ 10.0 (VS2010)

time: Fri Dec 02 11:13:36 2016
elapsed time: 1 seconds (0d 0h 0m 1s)

