#
# A fatal error has been detected by the Java Runtime Environment:
#
#  EXCEPTION_ACCESS_VIOLATION (0xc0000005) at pc=0x0000000003c58bd9, pid=11360, tid=0x00000000000004d0
#
# JRE version: Java(TM) SE Runtime Environment (8.0_102-b14) (build 1.8.0_102-b14)
# Java VM: Java HotSpot(TM) 64-Bit Server VM (25.102-b14 mixed mode windows-amd64 compressed oops)
# Problematic frame:
# J 2642 C2 org.eclipse.persistence.internal.sessions.UnitOfWorkImpl.calculateChanges(Ljava/util/Map;Lorg/eclipse/persistence/internal/sessions/UnitOfWorkChangeSet;ZZ)Lorg/eclipse/persistence/internal/sessions/UnitOfWorkChangeSet; (934 bytes) @ 0x0000000003c58bd9 [0x0000000003c586a0+0x539]
#
# Failed to write core dump. Minidumps are not enabled by default on client versions of Windows
#
# If you would like to submit a bug report, please visit:
#   http://bugreport.java.com/bugreport/crash.jsp
#

---------------  T H R E A D  ---------------

Current thread (0x000000002a375000):  JavaThread "DefaultQuartzScheduler_Worker-1" [_thread_in_Java, id=1232, stack(0x000000002b4b0000,0x000000002b5b0000)]

siginfo: ExceptionCode=0xc0000005, reading address 0x0000000000008008

Registers:
RAX=0x0000000000000000, RBX=0x000000000000193a, RCX=0x00000000f0e790b5, RDX=0x0000000000000000
RSP=0x000000002b5aeb70, RBP=0x000000072fc5fb40, RSI=0x000000078742dba0, RDI=0x0000000000008000
R8 =0x0000000000001000, R9 =0x000000000000347e, R10=0x00000007873e85c8, R11=0x00000007873c85a8
R12=0x0000000000000000, R13=0x000000079bc1f628, R14=0x00000000f3783ec5, R15=0x000000002a375000
RIP=0x0000000003c58bd9, EFLAGS=0x0000000000010217

Top of Stack: (sp=0x000000002b5aeb70)
0x000000002b5aeb70:   00000005c01538c8 0000000100000001
0x000000002b5aeb80:   00000005c01538c8 00000007c023e250
0x000000002b5aeb90:   00000007873e85c8 000000079bc1f628
0x000000002b5aeba0:   b802a719873c8550 f0e790889d623c28
0x000000002b5aebb0:   0000000000000040 00000007873c8550
0x000000002b5aebc0:   000000079d623c28 00000005c019fee8
0x000000002b5aebd0:   000000079ae38160 b802a719873c8120
0x000000002b5aebe0:   00008000f3783ec5 00000007e5f8bf68
0x000000002b5aebf0:   00000007c01703f0 000000002b5aec60
0x000000002b5aec00:   0000000000000000 00000007c022fa00
0x000000002b5aec10:   000000002b5aeca0 00000007873c7d60
0x000000002b5aec20:   00000007873e85f0 00000007873e8728
0x000000002b5aec30:   00000007c01703f0 00000007c001bd10
0x000000002b5aec40:   00000007873c8418 000000002b5aeca0
0x000000002b5aec50:   000000079b16ee78 0000000003e1e034
0x000000002b5aec60:   000000079d623c28 0000000000000010 

Instructions: (pc=0x0000000003c58bd9)
0x0000000003c58bb9:   0c 45 3b cb 0f 83 02 17 00 00 4d 8d 1c cc 47 8b
0x0000000003c58bc9:   44 8b 10 41 81 f8 a4 e6 08 b8 0f 84 38 1a 00 00
0x0000000003c58bd9:   43 8b 54 c4 08 4c 8b 4c 24 60 41 8b 49 28 45 0f
0x0000000003c58be9:   b6 5c cc 13 45 85 db 0f 85 33 1a 00 00 45 8b 59 


Register to memory mapping:

RAX=0x0000000000000000 is an unknown value
RBX=0x000000000000193a is an unknown value
RCX=0x00000000f0e790b5 is an unknown value
RDX=0x0000000000000000 is an unknown value
RSP=0x000000002b5aeb70 is pointing into the stack for thread: 0x000000002a375000
RBP=0x000000072fc5fb40 is an oop
[Ljava.lang.Object; 
 - klass: 'java/lang/Object'[]
 - length: 32768
RSI=0x000000078742dba0 is an oop
[Ljava.lang.Object; 
 - klass: 'java/lang/Object'[]
 - length: 8192
RDI=0x0000000000008000 is an unknown value
R8 =0x0000000000001000 is an unknown value
R9 =0x000000000000347e is an unknown value
R10=0x00000007873e85c8 is an oop
java.util.IdentityHashMap$KeyIterator 
 - klass: 'java/util/IdentityHashMap$KeyIterator'
R11=0x00000007873c85a8 is an oop
[Ljava.lang.Object; 
 - klass: 'java/lang/Object'[]
 - length: 32768
R12=0x0000000000000000 is an unknown value
R13=0x000000079bc1f628 is an oop
org.pasa.sispasaint.model.intg.ModeloBenVLI 
 - klass: 'org/pasa/sispasaint/model/intg/ModeloBenVLI'
R14=0x00000000f3783ec5 is an unknown value
R15=0x000000002a375000 is a thread


Stack: [0x000000002b4b0000,0x000000002b5b0000],  sp=0x000000002b5aeb70,  free space=1018k
Native frames: (J=compiled Java code, j=interpreted, Vv=VM code, C=native code)
C  0x0000000003c58bd9


---------------  P R O C E S S  ---------------

Java Threads: ( => current thread )
  0x0000000029598800 JavaThread "DestroyJavaVM" [_thread_blocked, id=1260, stack(0x0000000001760000,0x0000000001860000)]
  0x0000000029674800 JavaThread "DefaultQuartzScheduler_QuartzSchedulerThread" [_thread_blocked, id=11872, stack(0x000000002bfb0000,0x000000002c0b0000)]
  0x000000002a47f000 JavaThread "DefaultQuartzScheduler_Worker-10" [_thread_blocked, id=10920, stack(0x000000002beb0000,0x000000002bfb0000)]
  0x0000000029765000 JavaThread "DefaultQuartzScheduler_Worker-9" [_thread_blocked, id=7716, stack(0x000000002bcb0000,0x000000002bdb0000)]
  0x000000002a56e000 JavaThread "DefaultQuartzScheduler_Worker-8" [_thread_blocked, id=8824, stack(0x000000002bbb0000,0x000000002bcb0000)]
  0x000000002a873000 JavaThread "DefaultQuartzScheduler_Worker-7" [_thread_blocked, id=9940, stack(0x000000002bab0000,0x000000002bbb0000)]
  0x000000002a56d000 JavaThread "DefaultQuartzScheduler_Worker-6" [_thread_blocked, id=7908, stack(0x000000002b9b0000,0x000000002bab0000)]
  0x000000002a56c800 JavaThread "DefaultQuartzScheduler_Worker-5" [_thread_blocked, id=11928, stack(0x000000002b8b0000,0x000000002b9b0000)]
  0x000000002a5bb000 JavaThread "DefaultQuartzScheduler_Worker-4" [_thread_blocked, id=4392, stack(0x000000002b7b0000,0x000000002b8b0000)]
  0x000000002a5b8800 JavaThread "DefaultQuartzScheduler_Worker-3" [_thread_blocked, id=12108, stack(0x000000002b6b0000,0x000000002b7b0000)]
  0x00000000296f9000 JavaThread "DefaultQuartzScheduler_Worker-2" [_thread_blocked, id=6924, stack(0x000000002b5b0000,0x000000002b6b0000)]
=>0x000000002a375000 JavaThread "DefaultQuartzScheduler_Worker-1" [_thread_in_Java, id=1232, stack(0x000000002b4b0000,0x000000002b5b0000)]
  0x0000000028273800 JavaThread "Service Thread" daemon [_thread_blocked, id=4912, stack(0x0000000028da0000,0x0000000028ea0000)]
  0x00000000281f2000 JavaThread "C1 CompilerThread3" daemon [_thread_blocked, id=9220, stack(0x0000000028ca0000,0x0000000028da0000)]
  0x00000000281d6000 JavaThread "C2 CompilerThread2" daemon [_thread_blocked, id=7820, stack(0x0000000028ba0000,0x0000000028ca0000)]
  0x00000000281cf800 JavaThread "C2 CompilerThread1" daemon [_thread_blocked, id=11364, stack(0x0000000028aa0000,0x0000000028ba0000)]
  0x00000000281c8000 JavaThread "C2 CompilerThread0" daemon [_thread_blocked, id=12552, stack(0x00000000289a0000,0x0000000028aa0000)]
  0x00000000281c7000 JavaThread "Attach Listener" daemon [_thread_blocked, id=10736, stack(0x00000000288a0000,0x00000000289a0000)]
  0x00000000281c6000 JavaThread "Signal Dispatcher" daemon [_thread_blocked, id=12972, stack(0x00000000287a0000,0x00000000288a0000)]
  0x00000000281c0800 JavaThread "Finalizer" daemon [_thread_blocked, id=9132, stack(0x00000000285a0000,0x00000000286a0000)]
  0x00000000030e6000 JavaThread "Reference Handler" daemon [_thread_blocked, id=1044, stack(0x00000000280a0000,0x00000000281a0000)]

Other Threads:
  0x00000000262c9800 VMThread [stack: 0x0000000027fa0000,0x00000000280a0000] [id=7980]
  0x0000000028277000 WatcherThread [stack: 0x0000000028ea0000,0x0000000028fa0000] [id=7668]

VM state:not at safepoint (normal execution)

VM Mutex/Monitor currently owned by a thread: None

Heap:
 PSYoungGen      total 2128384K, used 1946673K [0x0000000715580000, 0x00000007b2b80000, 0x00000007c0000000)
  eden space 2082304K, 91% used [0x0000000715580000,0x00000007895ceb90,0x0000000794700000)
  from space 46080K, 99% used [0x000000079ae00000,0x000000079dabdc28,0x000000079db00000)
  to   space 218112K, 0% used [0x00000007a5680000,0x00000007a5680000,0x00000007b2b80000)
 ParOldGen       total 3495424K, used 34693K [0x00000005c0000000, 0x0000000695580000, 0x0000000715580000)
  object space 3495424K, 0% used [0x00000005c0000000,0x00000005c21e1690,0x0000000695580000)
 Metaspace       used 23808K, capacity 24048K, committed 24320K, reserved 1071104K
  class space    used 2687K, capacity 2790K, committed 2816K, reserved 1048576K

Card table byte_map: [0x0000000012720000,0x0000000013730000] byte_map_base: 0x000000000f920000

Marking Bits: (ParMarkBitMap*) 0x000000005a7fa6c0
 Begin Bits: [0x00000000148e0000, 0x000000001c8e0000)
 End Bits:   [0x000000001c8e0000, 0x00000000248e0000)

Polling page: 0x0000000001860000

CodeCache: size=245760Kb used=11028Kb max_used=11045Kb free=234731Kb
 bounds [0x0000000003360000, 0x0000000003e50000, 0x0000000012360000]
 total_blobs=3385 nmethods=2977 adapters=320
 compilation: enabled

Compilation events (10 events):
Event: 40.034 Thread 0x00000000281cf800 3020       4       org.eclipse.persistence.descriptors.DescriptorEventManager::hasAnyListeners (21 bytes)
Event: 40.035 Thread 0x00000000281cf800 nmethod 3020 0x00000000034c6b10 code [0x00000000034c6c40, 0x00000000034c6cb8]
Event: 47.152 Thread 0x00000000281d6000 3021       4       org.eclipse.persistence.internal.databaseaccess.DatabaseAccessor::getObjectThroughOptimizedDataConversion (554 bytes)
Event: 47.153 Thread 0x00000000281d6000 nmethod 3021 0x00000000035306d0 code [0x0000000003530820, 0x0000000003530978]
Event: 47.363 Thread 0x00000000281cf800 3022   !   4       org.eclipse.persistence.internal.jpa.transaction.EntityTransactionImpl::commit (261 bytes)
Event: 47.363 Thread 0x00000000281c8000 3023       4       org.eclipse.persistence.internal.jpa.transaction.EntityTransactionImpl::closeOpenQueries (47 bytes)
Event: 47.363 Thread 0x00000000281d6000 3024       4       org.eclipse.persistence.internal.sessions.UnitOfWorkImpl::commitAndResume (163 bytes)
Event: 47.364 Thread 0x00000000281c8000 nmethod 3023 0x0000000003dc9cd0 code [0x0000000003dc9e00, 0x0000000003dc9e78]
Event: 47.381 Thread 0x00000000281d6000 nmethod 3024 0x000000000348cc90 code [0x000000000348cf20, 0x000000000348e3c0]
Event: 47.386 Thread 0x00000000281cf800 nmethod 3022 0x0000000003e3d910 code [0x0000000003e3dbc0, 0x0000000003e3f450]

GC Heap History (8 events):
Event: 2.187 GC heap before
{Heap before GC invocations=1 (full 0):
 PSYoungGen      total 1529344K, used 262251K [0x0000000715580000, 0x0000000780000000, 0x00000007c0000000)
  eden space 1311232K, 20% used [0x0000000715580000,0x000000072559ac08,0x0000000765600000)
  from space 218112K, 0% used [0x0000000772b00000,0x0000000772b00000,0x0000000780000000)
  to   space 218112K, 0% used [0x0000000765600000,0x0000000765600000,0x0000000772b00000)
 ParOldGen       total 3495424K, used 0K [0x00000005c0000000, 0x0000000695580000, 0x0000000715580000)
  object space 3495424K, 0% used [0x00000005c0000000,0x00000005c0000000,0x0000000695580000)
 Metaspace       used 21011K, capacity 21162K, committed 21296K, reserved 1069056K
  class space    used 2342K, capacity 2405K, committed 2432K, reserved 1048576K
Event: 2.211 GC heap after
Heap after GC invocations=1 (full 0):
 PSYoungGen      total 1529344K, used 36615K [0x0000000715580000, 0x00000007c0000000, 0x00000007c0000000)
  eden space 1311232K, 0% used [0x0000000715580000,0x0000000715580000,0x0000000765600000)
  from space 218112K, 16% used [0x0000000765600000,0x00000007679c1df0,0x0000000772b00000)
  to   space 218112K, 0% used [0x00000007b2b00000,0x00000007b2b00000,0x00000007c0000000)
 ParOldGen       total 3495424K, used 88K [0x00000005c0000000, 0x0000000695580000, 0x0000000715580000)
  object space 3495424K, 0% used [0x00000005c0000000,0x00000005c0016010,0x0000000695580000)
 Metaspace       used 21011K, capacity 21162K, committed 21296K, reserved 1069056K
  class space    used 2342K, capacity 2405K, committed 2432K, reserved 1048576K
}
Event: 2.211 GC heap before
{Heap before GC invocations=2 (full 1):
 PSYoungGen      total 1529344K, used 36615K [0x0000000715580000, 0x00000007c0000000, 0x00000007c0000000)
  eden space 1311232K, 0% used [0x0000000715580000,0x0000000715580000,0x0000000765600000)
  from space 218112K, 16% used [0x0000000765600000,0x00000007679c1df0,0x0000000772b00000)
  to   space 218112K, 0% used [0x00000007b2b00000,0x00000007b2b00000,0x00000007c0000000)
 ParOldGen       total 3495424K, used 88K [0x00000005c0000000, 0x0000000695580000, 0x0000000715580000)
  object space 3495424K, 0% used [0x00000005c0000000,0x00000005c0016010,0x0000000695580000)
 Metaspace       used 21011K, capacity 21162K, committed 21296K, reserved 1069056K
  class space    used 2342K, capacity 2405K, committed 2432K, reserved 1048576K
Event: 2.243 GC heap after
Heap after GC invocations=2 (full 1):
 PSYoungGen      total 1529344K, used 0K [0x0000000715580000, 0x00000007c0000000, 0x00000007c0000000)
  eden space 1311232K, 0% used [0x0000000715580000,0x0000000715580000,0x0000000765600000)
  from space 218112K, 0% used [0x0000000765600000,0x0000000765600000,0x0000000772b00000)
  to   space 218112K, 0% used [0x00000007b2b00000,0x00000007b2b00000,0x00000007c0000000)
 ParOldGen       total 3495424K, used 34685K [0x00000005c0000000, 0x0000000695580000, 0x0000000715580000)
  object space 3495424K, 0% used [0x00000005c0000000,0x00000005c21df690,0x0000000695580000)
 Metaspace       used 21011K, capacity 21162K, committed 21296K, reserved 1069056K
  class space    used 2342K, capacity 2405K, committed 2432K, reserved 1048576K
}
Event: 18.899 GC heap before
{Heap before GC invocations=3 (full 1):
 PSYoungGen      total 1529344K, used 1311232K [0x0000000715580000, 0x00000007c0000000, 0x00000007c0000000)
  eden space 1311232K, 100% used [0x0000000715580000,0x0000000765600000,0x0000000765600000)
  from space 218112K, 0% used [0x0000000765600000,0x0000000765600000,0x0000000772b00000)
  to   space 218112K, 0% used [0x00000007b2b00000,0x00000007b2b00000,0x00000007c0000000)
 ParOldGen       total 3495424K, used 34685K [0x00000005c0000000, 0x0000000695580000, 0x0000000715580000)
  object space 3495424K, 0% used [0x00000005c0000000,0x00000005c21df690,0x0000000695580000)
 Metaspace       used 23808K, capacity 24048K, committed 24320K, reserved 1071104K
  class space    used 2687K, capacity 2790K, committed 2816K, reserved 1048576K
Event: 18.921 GC heap after
Heap after GC invocations=3 (full 1):
 PSYoungGen      total 1735168K, used 46000K [0x0000000715580000, 0x00000007b5800000, 0x00000007c0000000)
  eden space 1689088K, 0% used [0x0000000715580000,0x0000000715580000,0x000000077c700000)
  from space 46080K, 99% used [0x00000007b2b00000,0x00000007b57ec3f8,0x00000007b5800000)
  to   space 218112K, 0% used [0x000000079ae00000,0x000000079ae00000,0x00000007a8300000)
 ParOldGen       total 3495424K, used 34693K [0x00000005c0000000, 0x0000000695580000, 0x0000000715580000)
  object space 3495424K, 0% used [0x00000005c0000000,0x00000005c21e1690,0x0000000695580000)
 Metaspace       used 23808K, capacity 24048K, committed 24320K, reserved 1071104K
  class space    used 2687K, capacity 2790K, committed 2816K, reserved 1048576K
}
Event: 33.600 GC heap before
{Heap before GC invocations=4 (full 1):
 PSYoungGen      total 1735168K, used 1735088K [0x0000000715580000, 0x00000007b5800000, 0x00000007c0000000)
  eden space 1689088K, 100% used [0x0000000715580000,0x000000077c700000,0x000000077c700000)
  from space 46080K, 99% used [0x00000007b2b00000,0x00000007b57ec3f8,0x00000007b5800000)
  to   space 218112K, 0% used [0x000000079ae00000,0x000000079ae00000,0x00000007a8300000)
 ParOldGen       total 3495424K, used 34693K [0x00000005c0000000, 0x0000000695580000, 0x0000000715580000)
  object space 3495424K, 0% used [0x00000005c0000000,0x00000005c21e1690,0x0000000695580000)
 Metaspace       used 23808K, capacity 24048K, committed 24320K, reserved 1071104K
  class space    used 2687K, capacity 2790K, committed 2816K, reserved 1048576K
Event: 33.626 GC heap after
Heap after GC invocations=4 (full 1):
 PSYoungGen      total 2128384K, used 45815K [0x0000000715580000, 0x00000007b2b80000, 0x00000007c0000000)
  eden space 2082304K, 0% used [0x0000000715580000,0x0000000715580000,0x0000000794700000)
  from space 46080K, 99% used [0x000000079ae00000,0x000000079dabdc28,0x000000079db00000)
  to   space 218112K, 0% used [0x00000007a5680000,0x00000007a5680000,0x00000007b2b80000)
 ParOldGen       total 3495424K, used 34693K [0x00000005c0000000, 0x0000000695580000, 0x0000000715580000)
  object space 3495424K, 0% used [0x00000005c0000000,0x00000005c21e1690,0x0000000695580000)
 Metaspace       used 23808K, capacity 24048K, committed 24320K, reserved 1071104K
  class space    used 2687K, capacity 2790K, committed 2816K, reserved 1048576K
}

Deoptimization events (10 events):
Event: 2.391 Thread 0x000000002a375000 Uncommon trap: reason=bimorphic action=maybe_recompile pc=0x00000000036a1228 method=java.util.regex.Pattern$BmpCharProperty.match(Ljava/util/regex/Matcher;ILjava/lang/CharSequence;)Z @ 16
Event: 2.391 Thread 0x000000002a375000 Uncommon trap: reason=bimorphic action=maybe_recompile pc=0x00000000036a1228 method=java.util.regex.Pattern$BmpCharProperty.match(Ljava/util/regex/Matcher;ILjava/lang/CharSequence;)Z @ 16
Event: 2.391 Thread 0x000000002a375000 Uncommon trap: reason=unstable_if action=reinterpret pc=0x00000000038df330 method=java.util.regex.Matcher.replaceAll(Ljava/lang/String;)Ljava/lang/String; @ 11
Event: 2.393 Thread 0x000000002a375000 Uncommon trap: reason=unstable_if action=reinterpret pc=0x00000000038d5164 method=java.util.regex.Pattern$BitClass.isSatisfiedBy(I)Z @ 4
Event: 16.587 Thread 0x000000002a375000 Uncommon trap: reason=predicate action=maybe_recompile pc=0x0000000003d76044 method=net.sourceforge.jtds.jdbc.JtdsStatement.processResults(Z)Z @ 20
Event: 18.921 Thread 0x00000000281c0800 Uncommon trap: reason=unstable_if action=reinterpret pc=0x0000000003d7f96c method=net.sourceforge.jtds.jdbc.JtdsStatement.close()V @ 9
Event: 18.925 Thread 0x00000000281c0800 Uncommon trap: reason=unstable_if action=reinterpret pc=0x00000000038b587c method=java.lang.ref.ReferenceQueue.reallyPoll()Ljava/lang/ref/Reference; @ 15
Event: 33.627 Thread 0x00000000281c0800 Uncommon trap: reason=unstable_if action=reinterpret pc=0x00000000038b9490 method=java.lang.ref.Finalizer.remove()V @ 10
Event: 33.627 Thread 0x00000000281c0800 Uncommon trap: reason=unstable_if action=reinterpret pc=0x00000000038b8a38 method=java.lang.ref.Finalizer.remove()V @ 10
Event: 33.627 Thread 0x00000000281c0800 Uncommon trap: reason=unstable_if action=reinterpret pc=0x00000000038b7df4 method=java.lang.ref.Finalizer.remove()V @ 10

Internal exceptions (10 events):
Event: 1.810 Thread 0x000000000335d800 Exception <a 'java/lang/ArrayIndexOutOfBoundsException'> (0x000000071de03288) thrown at [C:\re\workspace\8-2-build-windows-amd64-cygwin\jdk8u102\7268\hotspot\src\share\vm\runtime\sharedRuntime.cpp, line 605]
Event: 1.810 Thread 0x000000000335d800 Exception <a 'java/lang/ArrayIndexOutOfBoundsException'> (0x000000071de04ae0) thrown at [C:\re\workspace\8-2-build-windows-amd64-cygwin\jdk8u102\7268\hotspot\src\share\vm\runtime\sharedRuntime.cpp, line 605]
Event: 1.810 Thread 0x000000000335d800 Exception <a 'java/lang/ArrayIndexOutOfBoundsException'> (0x000000071de081b8) thrown at [C:\re\workspace\8-2-build-windows-amd64-cygwin\jdk8u102\7268\hotspot\src\share\vm\runtime\sharedRuntime.cpp, line 605]
Event: 1.810 Thread 0x000000000335d800 Exception <a 'java/lang/ArrayIndexOutOfBoundsException'> (0x000000071de092c8) thrown at [C:\re\workspace\8-2-build-windows-amd64-cygwin\jdk8u102\7268\hotspot\src\share\vm\runtime\sharedRuntime.cpp, line 605]
Event: 1.929 Thread 0x0000000029674800 Exception <a 'java/lang/ClassNotFoundException': org/pasa/sispasaint/jobs/VliJobBeanInfo> (0x0000000720913a20) thrown at [C:\re\workspace\8-2-build-windows-amd64-cygwin\jdk8u102\7268\hotspot\src\share\vm\classfile\systemDictionary.cpp, line 210]
Event: 1.929 Thread 0x0000000029674800 Exception <a 'java/lang/ClassNotFoundException': java/lang/ObjectBeanInfo> (0x0000000720915bd0) thrown at [C:\re\workspace\8-2-build-windows-amd64-cygwin\jdk8u102\7268\hotspot\src\share\vm\classfile\systemDictionary.cpp, line 210]
Event: 1.929 Thread 0x0000000029674800 Exception <a 'java/lang/ClassNotFoundException': java/lang/ObjectCustomizer> (0x0000000720917d68) thrown at [C:\re\workspace\8-2-build-windows-amd64-cygwin\jdk8u102\7268\hotspot\src\share\vm\classfile\systemDictionary.cpp, line 210]
Event: 1.930 Thread 0x0000000029674800 Exception <a 'java/lang/ClassNotFoundException': org/pasa/sispasaint/jobs/VliJobCustomizer> (0x0000000720920970) thrown at [C:\re\workspace\8-2-build-windows-amd64-cygwin\jdk8u102\7268\hotspot\src\share\vm\classfile\systemDictionary.cpp, line 210]
Event: 1.930 Thread 0x0000000029674800 Exception <a 'java/lang/ArrayIndexOutOfBoundsException'> (0x0000000720923a88) thrown at [C:\re\workspace\8-2-build-windows-amd64-cygwin\jdk8u102\7268\hotspot\src\share\vm\runtime\sharedRuntime.cpp, line 605]
Event: 2.252 Thread 0x00000000281c0800 Implicit null exception at 0x00000000038b2b13 to 0x00000000038b2bfd

Events (10 events):
Event: 34.669 Thread 0x00000000281c8000 flushing nmethod 0x00000000034b4f10
Event: 34.669 Thread 0x00000000281c8000 flushing nmethod 0x00000000034b6790
Event: 34.669 Thread 0x00000000281c8000 flushing nmethod 0x00000000034b6e10
Event: 34.669 Thread 0x00000000281c8000 flushing nmethod 0x00000000034b7fd0
Event: 34.669 Thread 0x00000000281c8000 flushing nmethod 0x00000000034b8e10
Event: 34.669 Thread 0x00000000281c8000 flushing nmethod 0x00000000034c4fd0
Event: 34.669 Thread 0x00000000281c8000 flushing nmethod 0x00000000034c6b10
Event: 34.744 Thread 0x00000000281d6000 flushing nmethod 0x000000000352d550
Event: 34.744 Thread 0x00000000281d6000 flushing nmethod 0x00000000035301d0
Event: 34.803 Thread 0x00000000281cf800 flushing nmethod 0x0000000003572a10


Dynamic libraries:
0x00007ff7674e0000 - 0x00007ff767517000 	C:\Program Files\Java\jdk1.8.0_102\bin\java.exe
0x00007ff8c5f00000 - 0x00007ff8c60d1000 	C:\WINDOWS\SYSTEM32\ntdll.dll
0x00007ff8c47e0000 - 0x00007ff8c488b000 	C:\WINDOWS\System32\KERNEL32.DLL
0x00007ff8c2800000 - 0x00007ff8c2a1d000 	C:\WINDOWS\System32\KERNELBASE.dll
0x00007ff8c3490000 - 0x00007ff8c3532000 	C:\WINDOWS\System32\ADVAPI32.dll
0x00007ff8c43e0000 - 0x00007ff8c447e000 	C:\WINDOWS\System32\msvcrt.dll
0x00007ff8c5ea0000 - 0x00007ff8c5ef9000 	C:\WINDOWS\System32\sechost.dll
0x00007ff8c3a30000 - 0x00007ff8c3b51000 	C:\WINDOWS\System32\RPCRT4.dll
0x00007ff8c3860000 - 0x00007ff8c39c5000 	C:\WINDOWS\System32\USER32.dll
0x00007ff8c2770000 - 0x00007ff8c278e000 	C:\WINDOWS\System32\win32u.dll
0x00007ff8c3540000 - 0x00007ff8c3574000 	C:\WINDOWS\System32\GDI32.dll
0x00007ff8c31b0000 - 0x00007ff8c3332000 	C:\WINDOWS\System32\gdi32full.dll
0x00007ff8b3010000 - 0x00007ff8b3289000 	C:\WINDOWS\WinSxS\amd64_microsoft.windows.common-controls_6595b64144ccf1df_6.0.14393.447_none_42191651c6827bb3\COMCTL32.dll
0x00007ff8c3580000 - 0x00007ff8c3847000 	C:\WINDOWS\System32\combase.dll
0x00007ff8c3340000 - 0x00007ff8c3435000 	C:\WINDOWS\System32\ucrtbase.dll
0x00007ff8c2790000 - 0x00007ff8c27fa000 	C:\WINDOWS\System32\bcryptPrimitives.dll
0x00007ff8c4310000 - 0x00007ff8c433e000 	C:\WINDOWS\System32\IMM32.DLL
0x000000005a880000 - 0x000000005a951000 	C:\Program Files\Java\jdk1.8.0_102\jre\bin\msvcr100.dll
0x0000000059fe0000 - 0x000000005a87a000 	C:\Program Files\Java\jdk1.8.0_102\jre\bin\server\jvm.dll
0x00007ff8c3850000 - 0x00007ff8c3858000 	C:\WINDOWS\System32\PSAPI.DLL
0x00007ff8a8b10000 - 0x00007ff8a8b19000 	C:\WINDOWS\SYSTEM32\WSOCK32.dll
0x00007ff8c08b0000 - 0x00007ff8c08ba000 	C:\WINDOWS\SYSTEM32\VERSION.dll
0x00007ff8bf760000 - 0x00007ff8bf783000 	C:\WINDOWS\SYSTEM32\WINMM.dll
0x00007ff8c3f90000 - 0x00007ff8c3ffa000 	C:\WINDOWS\System32\WS2_32.dll
0x00007ff8bf730000 - 0x00007ff8bf75b000 	C:\WINDOWS\SYSTEM32\winmmbase.dll
0x00007ff8c3440000 - 0x00007ff8c3482000 	C:\WINDOWS\System32\cfgmgr32.dll
0x000000005af20000 - 0x000000005af2f000 	C:\Program Files\Java\jdk1.8.0_102\jre\bin\verify.dll
0x000000005aef0000 - 0x000000005af19000 	C:\Program Files\Java\jdk1.8.0_102\jre\bin\java.dll
0x0000000059fc0000 - 0x0000000059fd6000 	C:\Program Files\Java\jdk1.8.0_102\jre\bin\zip.dll
0x00007ff8c48d0000 - 0x00007ff8c5dd9000 	C:\WINDOWS\System32\SHELL32.dll
0x00007ff8c2a20000 - 0x00007ff8c30fa000 	C:\WINDOWS\System32\windows.storage.dll
0x00007ff8c2390000 - 0x00007ff8c23dc000 	C:\WINDOWS\System32\powrprof.dll
0x00007ff8c39d0000 - 0x00007ff8c3a22000 	C:\WINDOWS\System32\shlwapi.dll
0x00007ff8c2380000 - 0x00007ff8c238f000 	C:\WINDOWS\System32\kernel.appcore.dll
0x00007ff8c24f0000 - 0x00007ff8c2599000 	C:\WINDOWS\System32\shcore.dll
0x00007ff8c2360000 - 0x00007ff8c2374000 	C:\WINDOWS\System32\profapi.dll
0x00000000591b0000 - 0x00000000591d4000 	C:\Program Files\Java\jdk1.8.0_102\jre\bin\sunec.dll
0x0000000059fa0000 - 0x0000000059fba000 	C:\Program Files\Java\jdk1.8.0_102\jre\bin\net.dll
0x00007ff8c1860000 - 0x00007ff8c18bc000 	C:\WINDOWS\system32\mswsock.dll
0x00007ff8c15f0000 - 0x00007ff8c1628000 	C:\WINDOWS\SYSTEM32\IPHLPAPI.DLL
0x00007ff8c4890000 - 0x00007ff8c4898000 	C:\WINDOWS\System32\NSI.dll
0x00007ff8bcea0000 - 0x00007ff8bceb6000 	C:\WINDOWS\SYSTEM32\dhcpcsvc6.DLL
0x00007ff8bce80000 - 0x00007ff8bce9a000 	C:\WINDOWS\SYSTEM32\dhcpcsvc.DLL
0x0000000059d90000 - 0x0000000059da1000 	C:\Program Files\Java\jdk1.8.0_102\jre\bin\nio.dll
0x00007ff8bb650000 - 0x00007ff8bb666000 	C:\WINDOWS\system32\napinsp.dll
0x00007ff8bb630000 - 0x00007ff8bb64a000 	C:\WINDOWS\system32\pnrpnsp.dll
0x00007ff8bf540000 - 0x00007ff8bf558000 	C:\WINDOWS\system32\NLAapi.dll
0x00007ff8c1640000 - 0x00007ff8c16e0000 	C:\WINDOWS\SYSTEM32\DNSAPI.dll
0x00007ff8bb670000 - 0x00007ff8bb67e000 	C:\WINDOWS\System32\winrnr.dll
0x00007ff8bbc40000 - 0x00007ff8bbc4a000 	C:\Windows\System32\rasadhlp.dll
0x00007ff8bd7b0000 - 0x00007ff8bd81a000 	C:\WINDOWS\System32\fwpuclnt.dll
0x00007ff8c22a0000 - 0x00007ff8c22cb000 	C:\WINDOWS\SYSTEM32\bcrypt.dll
0x00007ff8c1f90000 - 0x00007ff8c2122000 	C:\WINDOWS\SYSTEM32\dbghelp.dll

VM Arguments:
jvm_args: -Dfile.encoding=UTF-8 -Xmx8g -Xms5g 
java_command: org.pasa.sispasaint.run.Inicio
java_class_path (initial): C:\Program Files\NetBeans 8.2\java\modules\ext\eclipselink\eclipselink.jar;C:\Program Files\NetBeans 8.2\java\modules\ext\eclipselink\javax.persistence_2.1.0.v201304241213.jar;C:\Program Files\NetBeans 8.2\java\modules\ext\eclipselink\org.eclipse.persistence.jpa.jpql_2.5.2.v20140319-9ad6abd.jar;C:\Users\90j00318\Documents\Java_Lib\jtds-1.3.1.jar;C:\Users\90j00318\Downloads\quartz-2.2.3\lib\c3p0-0.9.1.1.jar;C:\Users\90j00318\Downloads\quartz-2.2.3\lib\log4j-1.2.16.jar;C:\Users\90j00318\Downloads\quartz-2.2.3\lib\quartz-2.2.3.jar;C:\Users\90j00318\Downloads\quartz-2.2.3\lib\quartz-jobs-2.2.3.jar;C:\Users\90j00318\Downloads\quartz-2.2.3\lib\slf4j-api-1.7.7.jar;C:\Users\90j00318\Downloads\quartz-2.2.3\lib\slf4j-log4j12-1.7.7.jar;C:\Users\90j00318\Downloads\commons-codec-1.10.jar;C:\Users\90j00318\Documents\Java_Lib\commons-email-1.4.jar;C:\Users\90j00318\Documents\NetBeansProjects\SisPasaInt\build\classes
Launcher Type: SUN_STANDARD

Environment Variables:
PATH=C:\ProgramData\Oracle\Java\javapath;C:\WINDOWS\system32;C:\WINDOWS;C:\WINDOWS\System32\Wbem;C:\WINDOWS\System32\WindowsPowerShell\v1.0\;C:\Program Files (x86)\ATI Technologies\ATI.ACE\Core-Static;C:\Program Files\Microsoft SQL Server\Client SDK\ODBC\110\Tools\Binn\;C:\Program Files (x86)\Microsoft SQL Server\120\Tools\Binn\ManagementStudio\;C:\Program Files (x86)\Microsoft SQL Server\120\Tools\Binn\;C:\Program Files\Microsoft SQL Server\120\Tools\Binn\;C:\Program Files (x86)\Microsoft SQL Server\120\DTS\Binn\;C:\Program Files\Microsoft SQL Server\120\DTS\Binn\;C:\Program Files (x86)\Skype\Phone\;C:\Users\90j00318\AppData\Local\Microsoft\WindowsApps;
USERNAME=90J00318
OS=Windows_NT
PROCESSOR_IDENTIFIER=Intel64 Family 6 Model 94 Stepping 3, GenuineIntel



---------------  S Y S T E M  ---------------

OS: Windows 10.0 , 64 bit Build 14393 (10.0.14393.0)

CPU:total 8 (4 cores per cpu, 2 threads per core) family 6 model 94 stepping 3, cmov, cx8, fxsr, mmx, sse, sse2, sse3, ssse3, sse4.1, sse4.2, popcnt, avx, avx2, aes, clmul, erms, rtm, 3dnowpref, lzcnt, ht, tsc, tscinvbit, bmi1, bmi2, adx

Memory: 4k page, physical 16654828k(9005328k free), swap 19145196k(5099940k free)

vm_info: Java HotSpot(TM) 64-Bit Server VM (25.102-b14) for windows-amd64 JRE (1.8.0_102-b14), built on Jun 22 2016 13:15:21 by "java_re" with MS VC++ 10.0 (VS2010)

time: Wed Dec 07 18:02:53 2016
elapsed time: 48 seconds (0d 0h 0m 48s)

