#
# A fatal error has been detected by the Java Runtime Environment:
#
#  EXCEPTION_ACCESS_VIOLATION (0xc0000005) at pc=0x000000005a4dbee5, pid=6616, tid=0x000000000000211c
#
# JRE version: Java(TM) SE Runtime Environment (8.0_102-b14) (build 1.8.0_102-b14)
# Java VM: Java HotSpot(TM) 64-Bit Server VM (25.102-b14 mixed mode windows-amd64 compressed oops)
# Problematic frame:
# V  [jvm.dll+0x4fbee5]
#
# Failed to write core dump. Minidumps are not enabled by default on client versions of Windows
#
# If you would like to submit a bug report, please visit:
#   http://bugreport.java.com/bugreport/crash.jsp
#

---------------  T H R E A D  ---------------

Current thread (0x000000002780c000):  JavaThread "C2 CompilerThread0" daemon [_thread_in_native, id=8476, stack(0x0000000027fe0000,0x00000000280e0000)]

siginfo: ExceptionCode=0xc0000005, reading address 0x0000000000000010

Registers:
RAX=0x0000000000000000, RBX=0x0000000000000000, RCX=0x0000000029ab3940, RDX=0x000000002a7235e0
RSP=0x00000000280db9e0, RBP=0x0000000029ab37d8, RSI=0x0000000000000001, RDI=0x0000000000000001
R8 =0x0000000000000001, R9 =0x0000000029ab36a0, R10=0xffffffffffffffff, R11=0x0000000000000002
R12=0x000000002a722a90, R13=0x000000002a722a50, R14=0x00000000280dbae0, R15=0x000000002a722af0
RIP=0x000000005a4dbee5, EFLAGS=0x0000000000010297

Top of Stack: (sp=0x00000000280db9e0)
0x00000000280db9e0:   0000000000000000 0000000000000001
0x00000000280db9f0:   000000002a722af0 000000002a722c04
0x00000000280dba00:   000000002a722c04 00000000000000d0
0x00000000280dba10:   000000002783e208 000000005a4dda76
0x00000000280dba20:   0000000000000003 0000000000000000
0x00000000280dba30:   00000000280dbae0 00000000280dbae0
0x00000000280dba40:   0000000000000000 000000005a4e0ec8
0x00000000280dba50:   00000000280de280 000000002783e208
0x00000000280dba60:   00000000280de280 00000000280dbae0
0x00000000280dba70:   000000002c0109e0 0000000000000000
0x00000000280dba80:   0000000043a10000 0000000000000000
0x00000000280dba90:   00000000fffffffc 000000002d24b5f0
0x00000000280dbaa0:   0000000000000000 0000000000000000
0x00000000280dbab0:   0000000029ab3680 000000005a439280
0x00000000280dbac0:   00000000280dece0 000000002d11e170
0x00000000280dbad0:   000000002d24b5f0 000000002d11e0e8 

Instructions: (pc=0x000000005a4dbee5)
0x000000005a4dbec5:   48 3b de 7d 0b 49 8b 44 24 18 48 8b 14 d8 eb 0c
0x000000005a4dbed5:   49 8b 45 18 4a 8d 0c d0 48 8b 14 d9 48 8b 42 20
0x000000005a4dbee5:   48 8b 48 10 8b 41 60 2b 42 3c ff c8 48 63 c8 48
0x000000005a4dbef5:   8b 45 60 48 6b c9 68 49 03 8e 80 00 00 00 48 89 


Register to memory mapping:

RAX=0x0000000000000000 is an unknown value
RBX=0x0000000000000000 is an unknown value
RCX=0x0000000029ab3940 is an unknown value
RDX=0x000000002a7235e0 is an unknown value
RSP=0x00000000280db9e0 is pointing into the stack for thread: 0x000000002780c000
RBP=0x0000000029ab37d8 is an unknown value
RSI=0x0000000000000001 is an unknown value
RDI=0x0000000000000001 is an unknown value
R8 =0x0000000000000001 is an unknown value
R9 =0x0000000029ab36a0 is an unknown value
R10=0xffffffffffffffff is an unknown value
R11=0x0000000000000002 is an unknown value
R12=0x000000002a722a90 is an unknown value
R13=0x000000002a722a50 is an unknown value
R14=0x00000000280dbae0 is pointing into the stack for thread: 0x000000002780c000
R15=0x000000002a722af0 is an unknown value


Stack: [0x0000000027fe0000,0x00000000280e0000],  sp=0x00000000280db9e0,  free space=1006k
Native frames: (J=compiled Java code, j=interpreted, Vv=VM code, C=native code)
V  [jvm.dll+0x4fbee5]
V  [jvm.dll+0x4fda76]
V  [jvm.dll+0x500ec8]
V  [jvm.dll+0x459280]
V  [jvm.dll+0x47e866]
V  [jvm.dll+0x507b97]
V  [jvm.dll+0x500707]
V  [jvm.dll+0x500a89]
V  [jvm.dll+0x50101f]
V  [jvm.dll+0x459280]
V  [jvm.dll+0x47e866]
V  [jvm.dll+0x507b97]
V  [jvm.dll+0x500707]
V  [jvm.dll+0x500a89]
V  [jvm.dll+0x50101f]
V  [jvm.dll+0x459280]
V  [jvm.dll+0x47e866]
V  [jvm.dll+0x507b97]
V  [jvm.dll+0x500707]
V  [jvm.dll+0x500a89]
V  [jvm.dll+0x50101f]
V  [jvm.dll+0x459280]
V  [jvm.dll+0x45997a]
V  [jvm.dll+0x47e866]
V  [jvm.dll+0x507b97]
V  [jvm.dll+0x500707]
V  [jvm.dll+0x500a89]
V  [jvm.dll+0x50101f]
V  [jvm.dll+0x459280]
V  [jvm.dll+0x47e866]
V  [jvm.dll+0x507b97]
V  [jvm.dll+0x500707]
V  [jvm.dll+0x500a89]
V  [jvm.dll+0x50101f]
V  [jvm.dll+0x459280]
V  [jvm.dll+0x47e866]
V  [jvm.dll+0x507b97]
V  [jvm.dll+0x500707]
V  [jvm.dll+0x500a89]
V  [jvm.dll+0x50101f]
V  [jvm.dll+0x459280]
V  [jvm.dll+0x47e866]
V  [jvm.dll+0x507b97]
V  [jvm.dll+0x500707]
V  [jvm.dll+0x500a89]
V  [jvm.dll+0x50101f]
V  [jvm.dll+0x459280]
V  [jvm.dll+0x47e866]
V  [jvm.dll+0x507b97]
V  [jvm.dll+0x500707]
V  [jvm.dll+0x500a89]
V  [jvm.dll+0x50101f]
V  [jvm.dll+0x459280]
V  [jvm.dll+0x47e866]
V  [jvm.dll+0x507b97]
V  [jvm.dll+0x500707]
V  [jvm.dll+0x500a89]
V  [jvm.dll+0x50101f]
V  [jvm.dll+0x459280]
V  [jvm.dll+0x475655]
V  [jvm.dll+0x458372]
V  [jvm.dll+0xa5572]
V  [jvm.dll+0xa5eaf]
V  [jvm.dll+0x2447af]
V  [jvm.dll+0x29c03a]
C  [msvcr100.dll+0x21d7b]
C  [msvcr100.dll+0x21e17]
C  [KERNEL32.DLL+0x8364]
C  [ntdll.dll+0x65e91]


Current CompileTask:
C2:  66249 2914   !   4       org.eclipse.persistence.internal.databaseaccess.DatabaseAccessor::basicExecuteCall (693 bytes)


---------------  P R O C E S S  ---------------

Java Threads: ( => current thread )
  0x0000000027822800 JavaThread "DestroyJavaVM" [_thread_blocked, id=11508, stack(0x0000000002580000,0x0000000002680000)]
  0x0000000027824000 JavaThread "DefaultQuartzScheduler_QuartzSchedulerThread" [_thread_blocked, id=3700, stack(0x000000002b5f0000,0x000000002b6f0000)]
  0x00000000299ca800 JavaThread "DefaultQuartzScheduler_Worker-10" [_thread_blocked, id=7712, stack(0x000000002b4f0000,0x000000002b5f0000)]
  0x00000000299c9800 JavaThread "DefaultQuartzScheduler_Worker-9" [_thread_blocked, id=12780, stack(0x000000002b2f0000,0x000000002b3f0000)]
  0x00000000299c9000 JavaThread "DefaultQuartzScheduler_Worker-8" [_thread_blocked, id=9852, stack(0x000000002b1f0000,0x000000002b2f0000)]
  0x00000000299c8000 JavaThread "DefaultQuartzScheduler_Worker-7" [_thread_blocked, id=11420, stack(0x000000002b0f0000,0x000000002b1f0000)]
  0x00000000299c7800 JavaThread "DefaultQuartzScheduler_Worker-6" [_thread_blocked, id=7900, stack(0x000000002aff0000,0x000000002b0f0000)]
  0x0000000029ac2800 JavaThread "DefaultQuartzScheduler_Worker-5" [_thread_blocked, id=9376, stack(0x000000002aef0000,0x000000002aff0000)]
  0x0000000029ac2000 JavaThread "DefaultQuartzScheduler_Worker-4" [_thread_blocked, id=13200, stack(0x000000002adf0000,0x000000002aef0000)]
  0x0000000029a3a800 JavaThread "DefaultQuartzScheduler_Worker-3" [_thread_blocked, id=12376, stack(0x000000002acf0000,0x000000002adf0000)]
  0x0000000029a3a000 JavaThread "DefaultQuartzScheduler_Worker-2" [_thread_blocked, id=12712, stack(0x000000002abf0000,0x000000002acf0000)]
  0x0000000029cf0000 JavaThread "DefaultQuartzScheduler_Worker-1" [_thread_in_Java, id=9224, stack(0x000000002aaf0000,0x000000002abf0000)]
  0x00000000278be800 JavaThread "Service Thread" daemon [_thread_blocked, id=11964, stack(0x00000000283e0000,0x00000000284e0000)]
  0x0000000027824800 JavaThread "C1 CompilerThread3" daemon [_thread_blocked, id=12056, stack(0x00000000282e0000,0x00000000283e0000)]
  0x000000002781a000 JavaThread "C2 CompilerThread2" daemon [_thread_blocked, id=7524, stack(0x00000000281e0000,0x00000000282e0000)]
  0x0000000027813800 JavaThread "C2 CompilerThread1" daemon [_thread_blocked, id=4384, stack(0x00000000280e0000,0x00000000281e0000)]
=>0x000000002780c000 JavaThread "C2 CompilerThread0" daemon [_thread_in_native, id=8476, stack(0x0000000027fe0000,0x00000000280e0000)]
  0x0000000027807000 JavaThread "Attach Listener" daemon [_thread_blocked, id=11456, stack(0x0000000027ee0000,0x0000000027fe0000)]
  0x0000000027806000 JavaThread "Signal Dispatcher" daemon [_thread_blocked, id=7540, stack(0x0000000027de0000,0x0000000027ee0000)]
  0x00000000027de000 JavaThread "Finalizer" daemon [_thread_blocked, id=7356, stack(0x0000000027be0000,0x0000000027ce0000)]
  0x00000000027d5000 JavaThread "Reference Handler" daemon [_thread_blocked, id=2824, stack(0x00000000276e0000,0x00000000277e0000)]

Other Threads:
  0x00000000258e9800 VMThread [stack: 0x00000000275e0000,0x00000000276e0000] [id=12280]
  0x000000002786f800 WatcherThread [stack: 0x00000000284e0000,0x00000000285e0000] [id=9524]

VM state:not at safepoint (normal execution)

VM Mutex/Monitor currently owned by a thread: None

Heap:
 PSYoungGen      total 1529344K, used 1154204K [0x0000000715580000, 0x0000000780000000, 0x00000007c0000000)
  eden space 1311232K, 88% used [0x0000000715580000,0x000000075bca7240,0x0000000765600000)
  from space 218112K, 0% used [0x0000000765600000,0x0000000765600000,0x0000000772b00000)
  to   space 218112K, 0% used [0x0000000772b00000,0x0000000772b00000,0x0000000780000000)
 ParOldGen       total 3495424K, used 34685K [0x00000005c0000000, 0x0000000695580000, 0x0000000715580000)
  object space 3495424K, 0% used [0x00000005c0000000,0x00000005c21df620,0x0000000695580000)
 Metaspace       used 23798K, capacity 24052K, committed 24320K, reserved 1071104K
  class space    used 2687K, capacity 2790K, committed 2816K, reserved 1048576K

Card table byte_map: [0x0000000011ba0000,0x0000000012bb0000] byte_map_base: 0x000000000eda0000

Marking Bits: (ParMarkBitMap*) 0x000000005a7fa6c0
 Begin Bits: [0x0000000013e60000, 0x000000001be60000)
 End Bits:   [0x000000001be60000, 0x0000000023e60000)

Polling page: 0x0000000002490000

CodeCache: size=245760Kb used=10508Kb max_used=10528Kb free=235251Kb
 bounds [0x00000000027e0000, 0x0000000003240000, 0x00000000117e0000]
 total_blobs=3322 nmethods=2914 adapters=320
 compilation: enabled

Compilation events (10 events):
Event: 65.992 Thread 0x000000002781a000 nmethod 2911 0x00000000031ee390 code [0x00000000031ee4e0, 0x00000000031ee6f8]
Event: 65.996 Thread 0x000000002781a000 2912       4       java.util.IdentityHashMap$ValueIterator::<init> (6 bytes)
Event: 65.997 Thread 0x000000002781a000 nmethod 2912 0x00000000031eb9d0 code [0x00000000031ebb00, 0x00000000031ebbd8]
Event: 66.086 Thread 0x000000002780c000 nmethod 2909 0x000000000321c150 code [0x000000000321c580, 0x000000000321fb38]
Event: 66.134 Thread 0x0000000027813800 nmethod 2910 0x000000000322a4d0 code [0x000000000322a8c0, 0x000000000322ecd8]
Event: 66.138 Thread 0x000000002781a000 2913       4       org.eclipse.persistence.internal.queries.DatasourceCallQueryMechanism::executeCall (57 bytes)
Event: 66.142 Thread 0x000000002781a000 nmethod 2913 0x00000000031ec8d0 code [0x00000000031eca60, 0x00000000031eced8]
Event: 66.196 Thread 0x000000002780c000 2914   !   4       org.eclipse.persistence.internal.databaseaccess.DatabaseAccessor::basicExecuteCall (693 bytes)
Event: 66.197 Thread 0x0000000027813800 2915   !   4       org.eclipse.persistence.internal.databaseaccess.DatabaseAccessor::releaseStatement (216 bytes)
Event: 66.202 Thread 0x0000000027813800 nmethod 2915 0x000000000321aad0 code [0x000000000321ac80, 0x000000000321b628]

GC Heap History (4 events):
Event: 51.474 GC heap before
{Heap before GC invocations=1 (full 0):
 PSYoungGen      total 1529344K, used 262247K [0x0000000715580000, 0x0000000780000000, 0x00000007c0000000)
  eden space 1311232K, 20% used [0x0000000715580000,0x0000000725599c88,0x0000000765600000)
  from space 218112K, 0% used [0x0000000772b00000,0x0000000772b00000,0x0000000780000000)
  to   space 218112K, 0% used [0x0000000765600000,0x0000000765600000,0x0000000772b00000)
 ParOldGen       total 3495424K, used 0K [0x00000005c0000000, 0x0000000695580000, 0x0000000715580000)
  object space 3495424K, 0% used [0x00000005c0000000,0x00000005c0000000,0x0000000695580000)
 Metaspace       used 20994K, capacity 21166K, committed 21296K, reserved 1069056K
  class space    used 2343K, capacity 2405K, committed 2432K, reserved 1048576K
Event: 51.496 GC heap after
Heap after GC invocations=1 (full 0):
 PSYoungGen      total 1529344K, used 36636K [0x0000000715580000, 0x0000000780000000, 0x00000007c0000000)
  eden space 1311232K, 0% used [0x0000000715580000,0x0000000715580000,0x0000000765600000)
  from space 218112K, 16% used [0x0000000765600000,0x00000007679c7048,0x0000000772b00000)
  to   space 218112K, 0% used [0x0000000772b00000,0x0000000772b00000,0x0000000780000000)
 ParOldGen       total 3495424K, used 88K [0x00000005c0000000, 0x0000000695580000, 0x0000000715580000)
  object space 3495424K, 0% used [0x00000005c0000000,0x00000005c0016010,0x0000000695580000)
 Metaspace       used 20994K, capacity 21166K, committed 21296K, reserved 1069056K
  class space    used 2343K, capacity 2405K, committed 2432K, reserved 1048576K
}
Event: 51.497 GC heap before
{Heap before GC invocations=2 (full 1):
 PSYoungGen      total 1529344K, used 36636K [0x0000000715580000, 0x0000000780000000, 0x00000007c0000000)
  eden space 1311232K, 0% used [0x0000000715580000,0x0000000715580000,0x0000000765600000)
  from space 218112K, 16% used [0x0000000765600000,0x00000007679c7048,0x0000000772b00000)
  to   space 218112K, 0% used [0x0000000772b00000,0x0000000772b00000,0x0000000780000000)
 ParOldGen       total 3495424K, used 88K [0x00000005c0000000, 0x0000000695580000, 0x0000000715580000)
  object space 3495424K, 0% used [0x00000005c0000000,0x00000005c0016010,0x0000000695580000)
 Metaspace       used 20994K, capacity 21166K, committed 21296K, reserved 1069056K
  class space    used 2343K, capacity 2405K, committed 2432K, reserved 1048576K
Event: 51.526 GC heap after
Heap after GC invocations=2 (full 1):
 PSYoungGen      total 1529344K, used 0K [0x0000000715580000, 0x0000000780000000, 0x00000007c0000000)
  eden space 1311232K, 0% used [0x0000000715580000,0x0000000715580000,0x0000000765600000)
  from space 218112K, 0% used [0x0000000765600000,0x0000000765600000,0x0000000772b00000)
  to   space 218112K, 0% used [0x0000000772b00000,0x0000000772b00000,0x0000000780000000)
 ParOldGen       total 3495424K, used 34685K [0x00000005c0000000, 0x0000000695580000, 0x0000000715580000)
  object space 3495424K, 0% used [0x00000005c0000000,0x00000005c21df620,0x0000000695580000)
 Metaspace       used 20994K, capacity 21166K, committed 21296K, reserved 1069056K
  class space    used 2343K, capacity 2405K, committed 2432K, reserved 1048576K
}

Deoptimization events (10 events):
Event: 51.536 Thread 0x00000000027de000 Uncommon trap: reason=unstable_if action=reinterpret pc=0x0000000002d29010 method=java.lang.ref.ReferenceQueue.reallyPoll()Ljava/lang/ref/Reference; @ 6
Event: 51.607 Thread 0x0000000029cf0000 Uncommon trap: reason=unstable_if action=reinterpret pc=0x0000000002ca4a14 method=org.eclipse.persistence.internal.helper.DatabaseField.getQualifiedName()Ljava/lang/String; @ 11
Event: 51.607 Thread 0x0000000029cf0000 Uncommon trap: reason=unstable_if action=reinterpret pc=0x0000000002c7ca4c method=org.eclipse.persistence.internal.helper.DatabaseField.getQualifiedName()Ljava/lang/String; @ 11
Event: 51.675 Thread 0x0000000029cf0000 Uncommon trap: reason=bimorphic action=maybe_recompile pc=0x0000000002b1fee8 method=java.util.regex.Pattern$BmpCharProperty.match(Ljava/util/regex/Matcher;ILjava/lang/CharSequence;)Z @ 16
Event: 51.675 Thread 0x0000000029cf0000 Uncommon trap: reason=bimorphic action=maybe_recompile pc=0x0000000002b1fee8 method=java.util.regex.Pattern$BmpCharProperty.match(Ljava/util/regex/Matcher;ILjava/lang/CharSequence;)Z @ 16
Event: 51.675 Thread 0x0000000029cf0000 Uncommon trap: reason=bimorphic action=maybe_recompile pc=0x0000000002b1fee8 method=java.util.regex.Pattern$BmpCharProperty.match(Ljava/util/regex/Matcher;ILjava/lang/CharSequence;)Z @ 16
Event: 51.675 Thread 0x0000000029cf0000 Uncommon trap: reason=bimorphic action=maybe_recompile pc=0x0000000002b1fee8 method=java.util.regex.Pattern$BmpCharProperty.match(Ljava/util/regex/Matcher;ILjava/lang/CharSequence;)Z @ 16
Event: 51.675 Thread 0x0000000029cf0000 Uncommon trap: reason=unstable_if action=reinterpret pc=0x0000000002d50b48 method=java.util.regex.Matcher.replaceAll(Ljava/lang/String;)Ljava/lang/String; @ 11
Event: 51.677 Thread 0x0000000029cf0000 Uncommon trap: reason=unstable_if action=reinterpret pc=0x0000000002d54d64 method=java.util.regex.Pattern$BitClass.isSatisfiedBy(I)Z @ 4
Event: 65.069 Thread 0x0000000029cf0000 Uncommon trap: reason=predicate action=maybe_recompile pc=0x00000000031d88c4 method=net.sourceforge.jtds.jdbc.JtdsStatement.processResults(Z)Z @ 20

Internal exceptions (10 events):
Event: 1.299 Thread 0x00000000026dd800 Exception <a 'java/lang/ArrayIndexOutOfBoundsException'> (0x000000071ddfa150) thrown at [C:\re\workspace\8-2-build-windows-amd64-cygwin\jdk8u102\7268\hotspot\src\share\vm\runtime\sharedRuntime.cpp, line 605]
Event: 1.300 Thread 0x00000000026dd800 Exception <a 'java/lang/ArrayIndexOutOfBoundsException'> (0x000000071ddfdfd8) thrown at [C:\re\workspace\8-2-build-windows-amd64-cygwin\jdk8u102\7268\hotspot\src\share\vm\runtime\sharedRuntime.cpp, line 605]
Event: 1.300 Thread 0x00000000026dd800 Exception <a 'java/lang/ArrayIndexOutOfBoundsException'> (0x000000071ddff0e8) thrown at [C:\re\workspace\8-2-build-windows-amd64-cygwin\jdk8u102\7268\hotspot\src\share\vm\runtime\sharedRuntime.cpp, line 605]
Event: 1.300 Thread 0x00000000026dd800 Exception <a 'java/lang/ArrayIndexOutOfBoundsException'> (0x000000071de01828) thrown at [C:\re\workspace\8-2-build-windows-amd64-cygwin\jdk8u102\7268\hotspot\src\share\vm\runtime\sharedRuntime.cpp, line 605]
Event: 51.228 Thread 0x0000000027824000 Exception <a 'java/lang/ClassNotFoundException': org/pasa/sispasaint/jobs/VliJobBeanInfo> (0x000000071ef76b50) thrown at [C:\re\workspace\8-2-build-windows-amd64-cygwin\jdk8u102\7268\hotspot\src\share\vm\classfile\systemDictionary.cpp, line 210]
Event: 51.228 Thread 0x0000000027824000 Exception <a 'java/lang/ClassNotFoundException': java/lang/ObjectBeanInfo> (0x000000071ef78d00) thrown at [C:\re\workspace\8-2-build-windows-amd64-cygwin\jdk8u102\7268\hotspot\src\share\vm\classfile\systemDictionary.cpp, line 210]
Event: 51.229 Thread 0x0000000027824000 Exception <a 'java/lang/ClassNotFoundException': java/lang/ObjectCustomizer> (0x000000071ef7ae98) thrown at [C:\re\workspace\8-2-build-windows-amd64-cygwin\jdk8u102\7268\hotspot\src\share\vm\classfile\systemDictionary.cpp, line 210]
Event: 51.230 Thread 0x0000000027824000 Exception <a 'java/lang/ClassNotFoundException': org/pasa/sispasaint/jobs/VliJobCustomizer> (0x000000071ef83aa0) thrown at [C:\re\workspace\8-2-build-windows-amd64-cygwin\jdk8u102\7268\hotspot\src\share\vm\classfile\systemDictionary.cpp, line 210]
Event: 51.230 Thread 0x0000000027824000 Exception <a 'java/lang/ArrayIndexOutOfBoundsException'> (0x000000071ef86798) thrown at [C:\re\workspace\8-2-build-windows-amd64-cygwin\jdk8u102\7268\hotspot\src\share\vm\runtime\sharedRuntime.cpp, line 605]
Event: 51.536 Thread 0x00000000027de000 Implicit null exception at 0x0000000002d28f13 to 0x0000000002d28ffd

Events (10 events):
Event: 57.303 Executing VM operation: ForceSafepoint done
Event: 57.336 Thread 0x0000000029cf0000 DEOPT PACKING pc=0x0000000002f5c1c5 sp=0x000000002abee880
Event: 57.336 Thread 0x0000000029cf0000 DEOPT UNPACKING pc=0x000000000282787f sp=0x000000002abee6d8 mode 0
Event: 57.383 Thread 0x0000000029cf0000 DEOPT PACKING pc=0x0000000002f5c1c5 sp=0x000000002abee880
Event: 57.383 Thread 0x0000000029cf0000 DEOPT UNPACKING pc=0x000000000282787f sp=0x000000002abee6d8 mode 0
Event: 60.177 loading class java/util/IdentityHashMap$1
Event: 60.177 loading class java/util/IdentityHashMap$1 done
Event: 65.069 Thread 0x0000000029cf0000 Uncommon trap: trap_request=0xffffff86 fr.pc=0x00000000031d88c4
Event: 65.069 Thread 0x0000000029cf0000 DEOPT PACKING pc=0x00000000031d88c4 sp=0x000000002abec870
Event: 65.069 Thread 0x0000000029cf0000 DEOPT UNPACKING pc=0x000000000282582a sp=0x000000002abec820 mode 2


Dynamic libraries:
0x00007ff7674e0000 - 0x00007ff767517000 	C:\Program Files\Java\jdk1.8.0_102\bin\java.exe
0x00007ff8c5f00000 - 0x00007ff8c60d1000 	C:\WINDOWS\SYSTEM32\ntdll.dll
0x00007ff8c47e0000 - 0x00007ff8c488b000 	C:\WINDOWS\System32\KERNEL32.DLL
0x00007ff8c2800000 - 0x00007ff8c2a1d000 	C:\WINDOWS\System32\KERNELBASE.dll
0x00007ff8c3490000 - 0x00007ff8c3532000 	C:\WINDOWS\System32\ADVAPI32.dll
0x00007ff8c43e0000 - 0x00007ff8c447e000 	C:\WINDOWS\System32\msvcrt.dll
0x00007ff8c5ea0000 - 0x00007ff8c5ef9000 	C:\WINDOWS\System32\sechost.dll
0x00007ff8c3a30000 - 0x00007ff8c3b51000 	C:\WINDOWS\System32\RPCRT4.dll
0x00007ff8c3860000 - 0x00007ff8c39c5000 	C:\WINDOWS\System32\USER32.dll
0x00007ff8c2770000 - 0x00007ff8c278e000 	C:\WINDOWS\System32\win32u.dll
0x00007ff8c3540000 - 0x00007ff8c3574000 	C:\WINDOWS\System32\GDI32.dll
0x00007ff8c31b0000 - 0x00007ff8c3332000 	C:\WINDOWS\System32\gdi32full.dll
0x00007ff8b3010000 - 0x00007ff8b3289000 	C:\WINDOWS\WinSxS\amd64_microsoft.windows.common-controls_6595b64144ccf1df_6.0.14393.447_none_42191651c6827bb3\COMCTL32.dll
0x00007ff8c3580000 - 0x00007ff8c3847000 	C:\WINDOWS\System32\combase.dll
0x00007ff8c3340000 - 0x00007ff8c3435000 	C:\WINDOWS\System32\ucrtbase.dll
0x00007ff8c2790000 - 0x00007ff8c27fa000 	C:\WINDOWS\System32\bcryptPrimitives.dll
0x00007ff8c4310000 - 0x00007ff8c433e000 	C:\WINDOWS\System32\IMM32.DLL
0x000000005a880000 - 0x000000005a951000 	C:\Program Files\Java\jdk1.8.0_102\jre\bin\msvcr100.dll
0x0000000059fe0000 - 0x000000005a87a000 	C:\Program Files\Java\jdk1.8.0_102\jre\bin\server\jvm.dll
0x00007ff8c3850000 - 0x00007ff8c3858000 	C:\WINDOWS\System32\PSAPI.DLL
0x00007ff8c08b0000 - 0x00007ff8c08ba000 	C:\WINDOWS\SYSTEM32\VERSION.dll
0x00007ff8bf760000 - 0x00007ff8bf783000 	C:\WINDOWS\SYSTEM32\WINMM.dll
0x00007ff8a8b10000 - 0x00007ff8a8b19000 	C:\WINDOWS\SYSTEM32\WSOCK32.dll
0x00007ff8c3f90000 - 0x00007ff8c3ffa000 	C:\WINDOWS\System32\WS2_32.dll
0x00000000024c0000 - 0x00000000024eb000 	C:\WINDOWS\SYSTEM32\WINMMBASE.dll
0x00007ff8c3440000 - 0x00007ff8c3482000 	C:\WINDOWS\System32\cfgmgr32.dll
0x000000005af20000 - 0x000000005af2f000 	C:\Program Files\Java\jdk1.8.0_102\jre\bin\verify.dll
0x000000005aef0000 - 0x000000005af19000 	C:\Program Files\Java\jdk1.8.0_102\jre\bin\java.dll
0x0000000059fc0000 - 0x0000000059fd6000 	C:\Program Files\Java\jdk1.8.0_102\jre\bin\zip.dll
0x00007ff8c48d0000 - 0x00007ff8c5dd9000 	C:\WINDOWS\System32\SHELL32.dll
0x00007ff8c2a20000 - 0x00007ff8c30fa000 	C:\WINDOWS\System32\windows.storage.dll
0x00007ff8c2390000 - 0x00007ff8c23dc000 	C:\WINDOWS\System32\powrprof.dll
0x00007ff8c39d0000 - 0x00007ff8c3a22000 	C:\WINDOWS\System32\shlwapi.dll
0x00007ff8c2380000 - 0x00007ff8c238f000 	C:\WINDOWS\System32\kernel.appcore.dll
0x00007ff8c24f0000 - 0x00007ff8c2599000 	C:\WINDOWS\System32\shcore.dll
0x00007ff8c2360000 - 0x00007ff8c2374000 	C:\WINDOWS\System32\profapi.dll
0x00000000591b0000 - 0x00000000591d4000 	C:\Program Files\Java\jdk1.8.0_102\jre\bin\sunec.dll
0x0000000059fa0000 - 0x0000000059fba000 	C:\Program Files\Java\jdk1.8.0_102\jre\bin\net.dll
0x00007ff8c1860000 - 0x00007ff8c18bc000 	C:\WINDOWS\system32\mswsock.dll
0x00007ff8c15f0000 - 0x00007ff8c1628000 	C:\WINDOWS\SYSTEM32\IPHLPAPI.DLL
0x00007ff8c4890000 - 0x00007ff8c4898000 	C:\WINDOWS\System32\NSI.dll
0x00007ff8bcea0000 - 0x00007ff8bceb6000 	C:\WINDOWS\SYSTEM32\dhcpcsvc6.DLL
0x00007ff8bce80000 - 0x00007ff8bce9a000 	C:\WINDOWS\SYSTEM32\dhcpcsvc.DLL
0x0000000059d90000 - 0x0000000059da1000 	C:\Program Files\Java\jdk1.8.0_102\jre\bin\nio.dll
0x00007ff8bb650000 - 0x00007ff8bb666000 	C:\WINDOWS\system32\napinsp.dll
0x00007ff8bb630000 - 0x00007ff8bb64a000 	C:\WINDOWS\system32\pnrpnsp.dll
0x00007ff8bf540000 - 0x00007ff8bf558000 	C:\WINDOWS\system32\NLAapi.dll
0x00007ff8c1640000 - 0x00007ff8c16e0000 	C:\WINDOWS\SYSTEM32\DNSAPI.dll
0x00007ff8bb670000 - 0x00007ff8bb67e000 	C:\WINDOWS\System32\winrnr.dll
0x00007ff8bbc40000 - 0x00007ff8bbc4a000 	C:\Windows\System32\rasadhlp.dll
0x00007ff8bd7b0000 - 0x00007ff8bd81a000 	C:\WINDOWS\System32\fwpuclnt.dll
0x00007ff8c22a0000 - 0x00007ff8c22cb000 	C:\WINDOWS\SYSTEM32\bcrypt.dll
0x00007ff8c1f90000 - 0x00007ff8c2122000 	C:\WINDOWS\SYSTEM32\dbghelp.dll

VM Arguments:
jvm_args: -Dfile.encoding=UTF-8 -Xmx8g -Xms5g 
java_command: org.pasa.sispasaint.run.Inicio
java_class_path (initial): C:\Program Files\NetBeans 8.2\java\modules\ext\eclipselink\eclipselink.jar;C:\Program Files\NetBeans 8.2\java\modules\ext\eclipselink\javax.persistence_2.1.0.v201304241213.jar;C:\Program Files\NetBeans 8.2\java\modules\ext\eclipselink\org.eclipse.persistence.jpa.jpql_2.5.2.v20140319-9ad6abd.jar;C:\Users\90j00318\Documents\Java_Lib\jtds-1.3.1.jar;C:\Users\90j00318\Downloads\quartz-2.2.3\lib\c3p0-0.9.1.1.jar;C:\Users\90j00318\Downloads\quartz-2.2.3\lib\log4j-1.2.16.jar;C:\Users\90j00318\Downloads\quartz-2.2.3\lib\quartz-2.2.3.jar;C:\Users\90j00318\Downloads\quartz-2.2.3\lib\quartz-jobs-2.2.3.jar;C:\Users\90j00318\Downloads\quartz-2.2.3\lib\slf4j-api-1.7.7.jar;C:\Users\90j00318\Downloads\quartz-2.2.3\lib\slf4j-log4j12-1.7.7.jar;C:\Users\90j00318\Downloads\commons-codec-1.10.jar;C:\Users\90j00318\Documents\Java_Lib\commons-email-1.4.jar;C:\Users\90j00318\Documents\NetBeansProjects\SisPasaInt\build\classes
Launcher Type: SUN_STANDARD

Environment Variables:
PATH=C:\ProgramData\Oracle\Java\javapath;C:\WINDOWS\system32;C:\WINDOWS;C:\WINDOWS\System32\Wbem;C:\WINDOWS\System32\WindowsPowerShell\v1.0\;C:\Program Files (x86)\ATI Technologies\ATI.ACE\Core-Static;C:\Program Files\Microsoft SQL Server\Client SDK\ODBC\110\Tools\Binn\;C:\Program Files (x86)\Microsoft SQL Server\120\Tools\Binn\ManagementStudio\;C:\Program Files (x86)\Microsoft SQL Server\120\Tools\Binn\;C:\Program Files\Microsoft SQL Server\120\Tools\Binn\;C:\Program Files (x86)\Microsoft SQL Server\120\DTS\Binn\;C:\Program Files\Microsoft SQL Server\120\DTS\Binn\;C:\Program Files (x86)\Skype\Phone\;C:\Users\90j00318\AppData\Local\Microsoft\WindowsApps;
USERNAME=90J00318
OS=Windows_NT
PROCESSOR_IDENTIFIER=Intel64 Family 6 Model 94 Stepping 3, GenuineIntel



---------------  S Y S T E M  ---------------

OS: Windows 10.0 , 64 bit Build 14393 (10.0.14393.0)

CPU:total 8 (4 cores per cpu, 2 threads per core) family 6 model 94 stepping 3, cmov, cx8, fxsr, mmx, sse, sse2, sse3, ssse3, sse4.1, sse4.2, popcnt, avx, avx2, aes, clmul, erms, rtm, 3dnowpref, lzcnt, ht, tsc, tscinvbit, bmi1, bmi2, adx

Memory: 4k page, physical 16654828k(9540072k free), swap 19145196k(5591676k free)

vm_info: Java HotSpot(TM) 64-Bit Server VM (25.102-b14) for windows-amd64 JRE (1.8.0_102-b14), built on Jun 22 2016 13:15:21 by "java_re" with MS VC++ 10.0 (VS2010)

time: Wed Dec 07 17:52:15 2016
elapsed time: 66 seconds (0d 0h 1m 6s)

