#
# A fatal error has been detected by the Java Runtime Environment:
#
#  EXCEPTION_ACCESS_VIOLATION (0xc0000005) at pc=0x000000006e53d72d, pid=11804, tid=0x00000000000025b8
#
# JRE version: Java(TM) SE Runtime Environment (8.0_101-b13) (build 1.8.0_101-b13)
# Java VM: Java HotSpot(TM) 64-Bit Server VM (25.101-b13 mixed mode windows-amd64 compressed oops)
# Problematic frame:
# V  [jvm.dll+0x49d72d]
#
# Failed to write core dump. Minidumps are not enabled by default on client versions of Windows
#
# If you would like to submit a bug report, please visit:
#   http://bugreport.java.com/bugreport/crash.jsp
#

---------------  T H R E A D  ---------------

Current thread (0x000000001e74a000):  JavaThread "C2 CompilerThread2" daemon [_thread_in_native, id=9656, stack(0x000000001f110000,0x000000001f210000)]

siginfo: ExceptionCode=0xc0000005, reading address 0x0000000026707fc8

Registers:
RAX=0x0000000022707de8, RBX=0x0000000000000010, RCX=0x0000000000000010, RDX=0x0000000000001c11
RSP=0x000000001f20c4a0, RBP=0x000000001f20c5a0, RSI=0x000000001f20ca70, RDI=0x0000000000000000
R8 =0x0000000000004000, R9 =0x0000000022793020, R10=0x0000000000000013, R11=0x000000001f20c470
R12=0x000000000000002a, R13=0x0000000021920b60, R14=0x0000000026707fa0, R15=0x0000000000000000
RIP=0x000000006e53d72d, EFLAGS=0x0000000000010283

Top of Stack: (sp=0x000000001f20c4a0)
0x000000001f20c4a0:   000000002338a210 0000000000000029
0x000000001f20c4b0:   000000001f20c5a0 00000000232c0d68
0x000000001f20c4c0:   0000000f00000000 0000000000000015
0x000000001f20c4d0:   00000000225ff470 0000000000000000
0x000000001f20c4e0:   000006ff00000014 000000000000000e
0x000000001f20c4f0:   0000000005155455 0000000000000000
0x000000001f20c500:   0000000000000000 0000000000000000
0x000000001f20c510:   0000000000000000 0000000500000000
0x000000001f20c520:   0303030300000008 0000000022793060
0x000000001f20c530:   0000000000000033 0000000022793390
0x000000001f20c540:   0000000000000033 000000001f20c5f0
0x000000001f20c550:   0000000000000010 000000000000009d
0x000000001f20c560:   ffffffff3f3fffff ffffffffffffffff
0x000000001f20c570:   00000003ffffffff 0000000000000000
0x000000001f20c580:   0000000000000000 00000000000006ff
0x000000001f20c590:   0000000000000000 0000000021920b60 

Instructions: (pc=0x000000006e53d72d)
0x000000006e53d70d:   b5 60 01 00 00 8d 43 ff 89 44 24 24 41 3b 46 08
0x000000006e53d71d:   73 0b 49 8b 46 10 4c 8b 74 c8 f8 eb 03 45 33 f6
0x000000006e53d72d:   49 63 4e 28 48 8b 86 28 01 00 00 4c 89 74 24 30
0x000000006e53d73d:   8b 3c 88 89 7c 24 3c 85 ff 0f 84 91 09 00 00 49 


Register to memory mapping:

RAX=0x0000000022707de8 is an unknown value
RBX=0x0000000000000010 is an unknown value
RCX=0x0000000000000010 is an unknown value
RDX=0x0000000000001c11 is an unknown value
RSP=0x000000001f20c4a0 is pointing into the stack for thread: 0x000000001e74a000
RBP=0x000000001f20c5a0 is pointing into the stack for thread: 0x000000001e74a000
RSI=0x000000001f20ca70 is pointing into the stack for thread: 0x000000001e74a000
RDI=0x0000000000000000 is an unknown value
R8 =0x0000000000004000 is an unknown value
R9 =0x0000000022793020 is an unknown value
R10=0x0000000000000013 is an unknown value
R11=0x000000001f20c470 is pointing into the stack for thread: 0x000000001e74a000
R12=0x000000000000002a is an unknown value
R13=0x0000000021920b60 is an unknown value
R14=0x0000000026707fa0 is an unknown value
R15=0x0000000000000000 is an unknown value


Stack: [0x000000001f110000,0x000000001f210000],  sp=0x000000001f20c4a0,  free space=1009k
Native frames: (J=compiled Java code, j=interpreted, Vv=VM code, C=native code)
V  [jvm.dll+0x49d72d]
V  [jvm.dll+0x468798]
V  [jvm.dll+0x473aab]
V  [jvm.dll+0x476378]
V  [jvm.dll+0x458d82]
V  [jvm.dll+0xa57c2]
V  [jvm.dll+0xa60ff]
V  [jvm.dll+0x2451a4]
V  [jvm.dll+0x29c18a]
C  [msvcr100.dll+0x21d9f]
C  [msvcr100.dll+0x21e3b]
C  [KERNEL32.DLL+0x18102]
C  [ntdll.dll+0x5c5b4]


Current CompileTask:
C2: 301090 7346   !   4       org.eclipse.persistence.internal.jpa.deployment.JPAInitializer::findPersistenceUnitInfoInArchives (185 bytes)


---------------  P R O C E S S  ---------------

Java Threads: ( => current thread )
  0x000000001e7e6000 JavaThread "Service Thread" daemon [_thread_blocked, id=5680, stack(0x000000001f310000,0x000000001f410000)]
  0x000000001e746800 JavaThread "C1 CompilerThread3" daemon [_thread_blocked, id=13236, stack(0x000000001f210000,0x000000001f310000)]
=>0x000000001e74a000 JavaThread "C2 CompilerThread2" daemon [_thread_in_native, id=9656, stack(0x000000001f110000,0x000000001f210000)]
  0x000000001e73e800 JavaThread "C2 CompilerThread1" daemon [_thread_blocked, id=10192, stack(0x000000001f010000,0x000000001f110000)]
  0x000000001e737000 JavaThread "C2 CompilerThread0" daemon [_thread_blocked, id=8784, stack(0x000000001ef10000,0x000000001f010000)]
  0x000000001e736000 JavaThread "Attach Listener" daemon [_thread_blocked, id=13088, stack(0x000000001ee10000,0x000000001ef10000)]
  0x000000001e735000 JavaThread "Signal Dispatcher" daemon [_thread_blocked, id=8360, stack(0x000000001ed10000,0x000000001ee10000)]
  0x0000000002d7d800 JavaThread "Finalizer" daemon [_thread_blocked, id=5268, stack(0x000000001eb10000,0x000000001ec10000)]
  0x0000000002d74800 JavaThread "Reference Handler" daemon [_thread_blocked, id=12908, stack(0x000000001e610000,0x000000001e710000)]
  0x0000000002c80800 JavaThread "main" [_thread_in_native, id=13424, stack(0x0000000002b80000,0x0000000002c80000)]

Other Threads:
  0x000000001c839800 VMThread [stack: 0x000000001e510000,0x000000001e610000] [id=2120]
  0x000000001e7e9000 WatcherThread [stack: 0x000000001f410000,0x000000001f510000] [id=6080]

VM state:not at safepoint (normal execution)

VM Mutex/Monitor currently owned by a thread: None

Heap:
 PSYoungGen      total 37888K, used 7324K [0x000000076ae00000, 0x000000076d500000, 0x00000007c0000000)
  eden space 35840K, 16% used [0x000000076ae00000,0x000000076b39b260,0x000000076d100000)
  from space 2048K, 77% used [0x000000076d100000,0x000000076d28c010,0x000000076d300000)
  to   space 2048K, 0% used [0x000000076d300000,0x000000076d300000,0x000000076d500000)
 ParOldGen       total 126464K, used 22796K [0x00000006c0a00000, 0x00000006c8580000, 0x000000076ae00000)
  object space 126464K, 18% used [0x00000006c0a00000,0x00000006c2043040,0x00000006c8580000)
 Metaspace       used 25572K, capacity 25862K, committed 25984K, reserved 1073152K
  class space    used 2527K, capacity 2625K, committed 2688K, reserved 1048576K

Card table byte_map: [0x0000000012140000,0x0000000012940000] byte_map_base: 0x000000000eb3b000

Marking Bits: (ParMarkBitMap*) 0x000000006e8ba6d0
 Begin Bits: [0x00000000136a0000, 0x0000000017678000)
 End Bits:   [0x0000000017678000, 0x000000001b650000)

Polling page: 0x00000000012d0000

CodeCache: size=245760Kb used=23123Kb max_used=23195Kb free=222636Kb
 bounds [0x0000000002d80000, 0x0000000004460000, 0x0000000011d80000]
 total_blobs=6478 nmethods=6086 adapters=300
 compilation: enabled

Compilation events (10 events):
Event: 298.620 Thread 0x000000001e737000 7345   !   4       java.io.BufferedWriter::write (117 bytes)
Event: 298.622 Thread 0x000000001e73e800 nmethod 7344 0x0000000003b39290 code [0x0000000003b39420, 0x0000000003b397c8]
Event: 298.622 Thread 0x000000001e737000 nmethod 7345 0x0000000003854990 code [0x0000000003854ae0, 0x0000000003855118]
Event: 300.480 Thread 0x000000001e74a000 7346   !   4       org.eclipse.persistence.internal.jpa.deployment.JPAInitializer::findPersistenceUnitInfoInArchives (185 bytes)
Event: 300.963 Thread 0x000000001e746800 7347       3       javax.crypto.CryptoPermissions::getPermissionCollection (48 bytes)
Event: 300.963 Thread 0x000000001e746800 nmethod 7347 0x00000000030ba690 code [0x00000000030ba840, 0x00000000030badc8]
Event: 300.963 Thread 0x000000001e746800 7348       3       javax.crypto.CryptoPermission::<init> (53 bytes)
Event: 300.963 Thread 0x000000001e746800 nmethod 7348 0x00000000033c4810 code [0x00000000033c4980, 0x00000000033c4c30]
Event: 301.009 Thread 0x000000001e746800 7349       3       org.eclipse.persistence.descriptors.DescriptorQueryManager::setAdditionalJoinExpression (6 bytes)
Event: 301.009 Thread 0x000000001e746800 nmethod 7349 0x0000000003df9b50 code [0x0000000003df9ca0, 0x0000000003df9e10]

GC Heap History (10 events):
Event: 291.289 GC heap before
{Heap before GC invocations=80 (full 1):
 PSYoungGen      total 37888K, used 37440K [0x000000076ae00000, 0x000000076d500000, 0x00000007c0000000)
  eden space 35840K, 100% used [0x000000076ae00000,0x000000076d100000,0x000000076d100000)
  from space 2048K, 78% used [0x000000076d300000,0x000000076d490020,0x000000076d500000)
  to   space 2048K, 0% used [0x000000076d100000,0x000000076d100000,0x000000076d300000)
 ParOldGen       total 126464K, used 22740K [0x00000006c0a00000, 0x00000006c8580000, 0x000000076ae00000)
  object space 126464K, 17% used [0x00000006c0a00000,0x00000006c2035040,0x00000006c8580000)
 Metaspace       used 25555K, capacity 25798K, committed 25984K, reserved 1073152K
  class space    used 2527K, capacity 2625K, committed 2688K, reserved 1048576K
Event: 291.291 GC heap after
Heap after GC invocations=80 (full 1):
 PSYoungGen      total 37888K, used 1584K [0x000000076ae00000, 0x000000076d500000, 0x00000007c0000000)
  eden space 35840K, 0% used [0x000000076ae00000,0x000000076ae00000,0x000000076d100000)
  from space 2048K, 77% used [0x000000076d100000,0x000000076d28c010,0x000000076d300000)
  to   space 2048K, 0% used [0x000000076d300000,0x000000076d300000,0x000000076d500000)
 ParOldGen       total 126464K, used 22740K [0x00000006c0a00000, 0x00000006c8580000, 0x000000076ae00000)
  object space 126464K, 17% used [0x00000006c0a00000,0x00000006c2035040,0x00000006c8580000)
 Metaspace       used 25555K, capacity 25798K, committed 25984K, reserved 1073152K
  class space    used 2527K, capacity 2625K, committed 2688K, reserved 1048576K
}
Event: 293.672 GC heap before
{Heap before GC invocations=81 (full 1):
 PSYoungGen      total 37888K, used 37424K [0x000000076ae00000, 0x000000076d500000, 0x00000007c0000000)
  eden space 35840K, 100% used [0x000000076ae00000,0x000000076d100000,0x000000076d100000)
  from space 2048K, 77% used [0x000000076d100000,0x000000076d28c010,0x000000076d300000)
  to   space 2048K, 0% used [0x000000076d300000,0x000000076d300000,0x000000076d500000)
 ParOldGen       total 126464K, used 22740K [0x00000006c0a00000, 0x00000006c8580000, 0x000000076ae00000)
  object space 126464K, 17% used [0x00000006c0a00000,0x00000006c2035040,0x00000006c8580000)
 Metaspace       used 25555K, capacity 25798K, committed 25984K, reserved 1073152K
  class space    used 2527K, capacity 2625K, committed 2688K, reserved 1048576K
Event: 293.674 GC heap after
Heap after GC invocations=81 (full 1):
 PSYoungGen      total 37888K, used 1680K [0x000000076ae00000, 0x000000076d500000, 0x00000007c0000000)
  eden space 35840K, 0% used [0x000000076ae00000,0x000000076ae00000,0x000000076d100000)
  from space 2048K, 82% used [0x000000076d300000,0x000000076d4a4010,0x000000076d500000)
  to   space 2048K, 0% used [0x000000076d100000,0x000000076d100000,0x000000076d300000)
 ParOldGen       total 126464K, used 22756K [0x00000006c0a00000, 0x00000006c8580000, 0x000000076ae00000)
  object space 126464K, 17% used [0x00000006c0a00000,0x00000006c2039040,0x00000006c8580000)
 Metaspace       used 25555K, capacity 25798K, committed 25984K, reserved 1073152K
  class space    used 2527K, capacity 2625K, committed 2688K, reserved 1048576K
}
Event: 296.056 GC heap before
{Heap before GC invocations=82 (full 1):
 PSYoungGen      total 37888K, used 37520K [0x000000076ae00000, 0x000000076d500000, 0x00000007c0000000)
  eden space 35840K, 100% used [0x000000076ae00000,0x000000076d100000,0x000000076d100000)
  from space 2048K, 82% used [0x000000076d300000,0x000000076d4a4010,0x000000076d500000)
  to   space 2048K, 0% used [0x000000076d100000,0x000000076d100000,0x000000076d300000)
 ParOldGen       total 126464K, used 22756K [0x00000006c0a00000, 0x00000006c8580000, 0x000000076ae00000)
  object space 126464K, 17% used [0x00000006c0a00000,0x00000006c2039040,0x00000006c8580000)
 Metaspace       used 25560K, capacity 25798K, committed 25984K, reserved 1073152K
  class space    used 2527K, capacity 2625K, committed 2688K, reserved 1048576K
Event: 296.058 GC heap after
Heap after GC invocations=82 (full 1):
 PSYoungGen      total 37888K, used 1632K [0x000000076ae00000, 0x000000076d500000, 0x00000007c0000000)
  eden space 35840K, 0% used [0x000000076ae00000,0x000000076ae00000,0x000000076d100000)
  from space 2048K, 79% used [0x000000076d100000,0x000000076d298020,0x000000076d300000)
  to   space 2048K, 0% used [0x000000076d300000,0x000000076d300000,0x000000076d500000)
 ParOldGen       total 126464K, used 22772K [0x00000006c0a00000, 0x00000006c8580000, 0x000000076ae00000)
  object space 126464K, 18% used [0x00000006c0a00000,0x00000006c203d040,0x00000006c8580000)
 Metaspace       used 25560K, capacity 25798K, committed 25984K, reserved 1073152K
  class space    used 2527K, capacity 2625K, committed 2688K, reserved 1048576K
}
Event: 298.424 GC heap before
{Heap before GC invocations=83 (full 1):
 PSYoungGen      total 37888K, used 37472K [0x000000076ae00000, 0x000000076d500000, 0x00000007c0000000)
  eden space 35840K, 100% used [0x000000076ae00000,0x000000076d100000,0x000000076d100000)
  from space 2048K, 79% used [0x000000076d100000,0x000000076d298020,0x000000076d300000)
  to   space 2048K, 0% used [0x000000076d300000,0x000000076d300000,0x000000076d500000)
 ParOldGen       total 126464K, used 22772K [0x00000006c0a00000, 0x00000006c8580000, 0x000000076ae00000)
  object space 126464K, 18% used [0x00000006c0a00000,0x00000006c203d040,0x00000006c8580000)
 Metaspace       used 25571K, capacity 25798K, committed 25984K, reserved 1073152K
  class space    used 2527K, capacity 2625K, committed 2688K, reserved 1048576K
Event: 298.426 GC heap after
Heap after GC invocations=83 (full 1):
 PSYoungGen      total 37888K, used 1584K [0x000000076ae00000, 0x000000076d500000, 0x00000007c0000000)
  eden space 35840K, 0% used [0x000000076ae00000,0x000000076ae00000,0x000000076d100000)
  from space 2048K, 77% used [0x000000076d300000,0x000000076d48c010,0x000000076d500000)
  to   space 2048K, 0% used [0x000000076d100000,0x000000076d100000,0x000000076d300000)
 ParOldGen       total 126464K, used 22796K [0x00000006c0a00000, 0x00000006c8580000, 0x000000076ae00000)
  object space 126464K, 18% used [0x00000006c0a00000,0x00000006c2043040,0x00000006c8580000)
 Metaspace       used 25571K, capacity 25798K, committed 25984K, reserved 1073152K
  class space    used 2527K, capacity 2625K, committed 2688K, reserved 1048576K
}
Event: 300.843 GC heap before
{Heap before GC invocations=84 (full 1):
 PSYoungGen      total 37888K, used 37424K [0x000000076ae00000, 0x000000076d500000, 0x00000007c0000000)
  eden space 35840K, 100% used [0x000000076ae00000,0x000000076d100000,0x000000076d100000)
  from space 2048K, 77% used [0x000000076d300000,0x000000076d48c010,0x000000076d500000)
  to   space 2048K, 0% used [0x000000076d100000,0x000000076d100000,0x000000076d300000)
 ParOldGen       total 126464K, used 22796K [0x00000006c0a00000, 0x00000006c8580000, 0x000000076ae00000)
  object space 126464K, 18% used [0x00000006c0a00000,0x00000006c2043040,0x00000006c8580000)
 Metaspace       used 25572K, capacity 25862K, committed 25984K, reserved 1073152K
  class space    used 2527K, capacity 2625K, committed 2688K, reserved 1048576K
Event: 300.845 GC heap after
Heap after GC invocations=84 (full 1):
 PSYoungGen      total 37888K, used 1584K [0x000000076ae00000, 0x000000076d500000, 0x00000007c0000000)
  eden space 35840K, 0% used [0x000000076ae00000,0x000000076ae00000,0x000000076d100000)
  from space 2048K, 77% used [0x000000076d100000,0x000000076d28c010,0x000000076d300000)
  to   space 2048K, 0% used [0x000000076d300000,0x000000076d300000,0x000000076d500000)
 ParOldGen       total 126464K, used 22796K [0x00000006c0a00000, 0x00000006c8580000, 0x000000076ae00000)
  object space 126464K, 18% used [0x00000006c0a00000,0x00000006c2043040,0x00000006c8580000)
 Metaspace       used 25572K, capacity 25862K, committed 25984K, reserved 1073152K
  class space    used 2527K, capacity 2625K, committed 2688K, reserved 1048576K
}

Deoptimization events (10 events):
Event: 70.484 Thread 0x0000000002c80800 Uncommon trap: reason=bimorphic action=maybe_recompile pc=0x00000000032cdfdc method=org.eclipse.persistence.mappings.foundation.AbstractDirectMapping.compareObjectValues(Ljava/lang/Object;Ljava/lang/Object;Lorg/eclipse/persistence/internal/sessions/AbstracBxêë'S@
Event: 76.611 Thread 0x0000000002c80800 Uncommon trap: reason=bimorphic action=maybe_recompile pc=0x00000000032cdfdc method=org.eclipse.persistence.mappings.foundation.AbstractDirectMapping.compareObjectValues(Ljava/lang/Object;Ljava/lang/Object;Lorg/eclipse/persistence/internal/sessions/Abstrac’ßÕÏ–0S@
Event: 76.763 Thread 0x0000000002c80800 Uncommon trap: reason=bimorphic action=maybe_recompile pc=0x00000000032cdfdc method=org.eclipse.persistence.mappings.foundation.AbstractDirectMapping.compareObjectValues(Ljava/lang/Object;Ljava/lang/Object;Lorg/eclipse/persistence/internal/sessions/AbstracQıf/b@
Event: 144.193 Thread 0x0000000002c80800 Uncommon trap: reason=predicate action=maybe_recompile pc=0x000000000415d574 method=net.sourceforge.jtds.jdbc.JtdsStatement.processResults(Z)Z @ 20
Event: 229.758 Thread 0x0000000002c80800 Uncommon trap: reason=unstable_if action=reinterpret pc=0x0000000003f2ae00 method=sun.util.calendar.BaseCalendar.getGregorianYearFromFixedDate(J)I @ 192
Event: 248.240 Thread 0x0000000002c80800 Uncommon trap: reason=predicate action=maybe_recompile pc=0x00000000038ff734 method=java.util.AbstractCollection.toArray([Ljava/lang/Object;)[Ljava/lang/Object; @ 49
Event: 253.348 Thread 0x0000000002c80800 Uncommon trap: reason=array_check action=maybe_recompile pc=0x0000000003860f78 method=java.util.AbstractCollection.toArray([Ljava/lang/Object;)[Ljava/lang/Object; @ 119
Event: 253.348 Thread 0x0000000002c80800 Uncommon trap: reason=array_check action=maybe_recompile pc=0x0000000003860f78 method=java.util.AbstractCollection.toArray([Ljava/lang/Object;)[Ljava/lang/Object; @ 119
Event: 253.348 Thread 0x0000000002c80800 Uncommon trap: reason=array_check action=maybe_recompile pc=0x0000000003860f78 method=java.util.AbstractCollection.toArray([Ljava/lang/Object;)[Ljava/lang/Object; @ 119
Event: 253.348 Thread 0x0000000002c80800 Uncommon trap: reason=array_check action=maybe_recompile pc=0x0000000003860f78 method=java.util.AbstractCollection.toArray([Ljava/lang/Object;)[Ljava/lang/Object; @ 119

Internal exceptions (10 events):
Event: 279.525 Thread 0x0000000002c80800 Exception <a 'java/lang/NoClassDefFoundError': javax/validation/Validation> (0x000000076b1df418) thrown at [C:\re\workspace\8-2-build-windows-amd64-cygwin\jdk8u101\7261\hotspot\src\share\vm\oops\constantPool.cpp, line 235]
Event: 281.910 Thread 0x0000000002c80800 Exception <a 'java/lang/NoClassDefFoundError': javax/validation/Validation> (0x000000076b1ffb40) thrown at [C:\re\workspace\8-2-build-windows-amd64-cygwin\jdk8u101\7261\hotspot\src\share\vm\oops\constantPool.cpp, line 235]
Event: 284.249 Thread 0x0000000002c80800 Exception <a 'java/lang/NoClassDefFoundError': javax/validation/Validation> (0x000000076b182210) thrown at [C:\re\workspace\8-2-build-windows-amd64-cygwin\jdk8u101\7261\hotspot\src\share\vm\oops\constantPool.cpp, line 235]
Event: 286.637 Thread 0x0000000002c80800 Exception <a 'java/lang/NoClassDefFoundError': javax/validation/Validation> (0x000000076b19c3f0) thrown at [C:\re\workspace\8-2-build-windows-amd64-cygwin\jdk8u101\7261\hotspot\src\share\vm\oops\constantPool.cpp, line 235]
Event: 289.031 Thread 0x0000000002c80800 Exception <a 'java/lang/NoClassDefFoundError': javax/validation/Validation> (0x000000076b1d07c0) thrown at [C:\re\workspace\8-2-build-windows-amd64-cygwin\jdk8u101\7261\hotspot\src\share\vm\oops\constantPool.cpp, line 235]
Event: 291.438 Thread 0x0000000002c80800 Exception <a 'java/lang/NoClassDefFoundError': javax/validation/Validation> (0x000000076b2050b0) thrown at [C:\re\workspace\8-2-build-windows-amd64-cygwin\jdk8u101\7261\hotspot\src\share\vm\oops\constantPool.cpp, line 235]
Event: 293.787 Thread 0x0000000002c80800 Exception <a 'java/lang/NoClassDefFoundError': javax/validation/Validation> (0x000000076b1841c0) thrown at [C:\re\workspace\8-2-build-windows-amd64-cygwin\jdk8u101\7261\hotspot\src\share\vm\oops\constantPool.cpp, line 235]
Event: 296.187 Thread 0x0000000002c80800 Exception <a 'java/lang/NoClassDefFoundError': javax/validation/Validation> (0x000000076b1c1db0) thrown at [C:\re\workspace\8-2-build-windows-amd64-cygwin\jdk8u101\7261\hotspot\src\share\vm\oops\constantPool.cpp, line 235]
Event: 298.574 Thread 0x0000000002c80800 Exception <a 'java/lang/NoClassDefFoundError': javax/validation/Validation> (0x000000076b1ff8a8) thrown at [C:\re\workspace\8-2-build-windows-amd64-cygwin\jdk8u101\7261\hotspot\src\share\vm\oops\constantPool.cpp, line 235]
Event: 300.962 Thread 0x0000000002c80800 Exception <a 'java/lang/NoClassDefFoundError': javax/validation/Validation> (0x000000076b177548) thrown at [C:\re\workspace\8-2-build-windows-amd64-cygwin\jdk8u101\7261\hotspot\src\share\vm\oops\constantPool.cpp, line 235]

Events (10 events):
Event: 300.846 Executing VM operation: RevokeBias done
Event: 300.846 Executing VM operation: RevokeBias
Event: 300.846 Executing VM operation: RevokeBias done
Event: 300.846 Executing VM operation: RevokeBias
Event: 300.846 Executing VM operation: RevokeBias done
Event: 300.846 Executing VM operation: RevokeBias
Event: 300.846 Executing VM operation: RevokeBias done
Event: 300.847 Executing VM operation: RevokeBias
Event: 300.847 Executing VM operation: RevokeBias done
Event: 300.963 Thread 0x000000001e746800 flushing nmethod 0x0000000002ec6290


Dynamic libraries:
0x00007ff6e7450000 - 0x00007ff6e7487000 	C:\Program Files\Java\jdk1.8.0_101\bin\java.exe
0x00007ffd8d920000 - 0x00007ffd8dae1000 	C:\Windows\SYSTEM32\ntdll.dll
0x00007ffd8cbe0000 - 0x00007ffd8cc8d000 	C:\Windows\system32\KERNEL32.DLL
0x00007ffd89fd0000 - 0x00007ffd8a1b8000 	C:\Windows\system32\KERNELBASE.dll
0x00007ffd8d6e0000 - 0x00007ffd8d787000 	C:\Windows\system32\ADVAPI32.dll
0x00007ffd8b010000 - 0x00007ffd8b0ad000 	C:\Windows\system32\msvcrt.dll
0x00007ffd8afb0000 - 0x00007ffd8b00b000 	C:\Windows\system32\sechost.dll
0x00007ffd8b110000 - 0x00007ffd8b22c000 	C:\Windows\system32\RPCRT4.dll
0x00007ffd8d310000 - 0x00007ffd8d466000 	C:\Windows\system32\USER32.dll
0x00007ffd8d790000 - 0x00007ffd8d916000 	C:\Windows\system32\GDI32.dll
0x00007ffd7ebb0000 - 0x00007ffd7ee24000 	C:\Windows\WinSxS\amd64_microsoft.windows.common-controls_6595b64144ccf1df_6.0.10586.589_none_a2ddb3caa539acce\COMCTL32.dll
0x00007ffd8b2a0000 - 0x00007ffd8b51d000 	C:\Windows\system32\combase.dll
0x00007ffd8a440000 - 0x00007ffd8a4aa000 	C:\Windows\system32\bcryptPrimitives.dll
0x00007ffd8d4e0000 - 0x00007ffd8d51b000 	C:\Windows\system32\IMM32.DLL
0x000000006db00000 - 0x000000006dbd2000 	C:\Program Files\Java\jdk1.8.0_101\jre\bin\msvcr100.dll
0x000000006e0a0000 - 0x000000006e93a000 	C:\Program Files\Java\jdk1.8.0_101\jre\bin\server\jvm.dll
0x00007ffd8d300000 - 0x00007ffd8d308000 	C:\Windows\system32\PSAPI.DLL
0x00007ffd87d80000 - 0x00007ffd87da3000 	C:\Windows\SYSTEM32\WINMM.dll
0x00007ffd87f80000 - 0x00007ffd87f8a000 	C:\Windows\SYSTEM32\VERSION.dll
0x00007ffd87d50000 - 0x00007ffd87d7c000 	C:\Windows\SYSTEM32\winmmbase.dll
0x00007ffd8a1c0000 - 0x00007ffd8a203000 	C:\Windows\system32\cfgmgr32.dll
0x00007ffd808b0000 - 0x00007ffd808b9000 	C:\Windows\SYSTEM32\WSOCK32.dll
0x00007ffd8d470000 - 0x00007ffd8d4db000 	C:\Windows\system32\WS2_32.dll
0x000000006f180000 - 0x000000006f18f000 	C:\Program Files\Java\jdk1.8.0_101\jre\bin\verify.dll
0x000000006e070000 - 0x000000006e099000 	C:\Program Files\Java\jdk1.8.0_101\jre\bin\java.dll
0x000000006f160000 - 0x000000006f176000 	C:\Program Files\Java\jdk1.8.0_101\jre\bin\zip.dll
0x00007ffd8b520000 - 0x00007ffd8ca7c000 	C:\Windows\system32\SHELL32.dll
0x00007ffd8a620000 - 0x00007ffd8ac65000 	C:\Windows\system32\windows.storage.dll
0x00007ffd8b240000 - 0x00007ffd8b292000 	C:\Windows\system32\shlwapi.dll
0x00007ffd89f70000 - 0x00007ffd89f7f000 	C:\Windows\system32\kernel.appcore.dll
0x00007ffd8a4d0000 - 0x00007ffd8a585000 	C:\Windows\system32\shcore.dll
0x00007ffd89f80000 - 0x00007ffd89fcb000 	C:\Windows\system32\powrprof.dll
0x00007ffd89f40000 - 0x00007ffd89f54000 	C:\Windows\system32\profapi.dll
0x000000006d750000 - 0x000000006d774000 	C:\Program Files\Java\jdk1.8.0_101\jre\bin\sunec.dll
0x000000006dae0000 - 0x000000006dafa000 	C:\Program Files\Java\jdk1.8.0_101\jre\bin\net.dll
0x00007ffd897b0000 - 0x00007ffd8980c000 	C:\Windows\system32\mswsock.dll
0x00007ffd81bb0000 - 0x00007ffd81bc6000 	C:\Windows\system32\napinsp.dll
0x00007ffd81bf0000 - 0x00007ffd81c0a000 	C:\Windows\system32\pnrpnsp.dll
0x00007ffd87050000 - 0x00007ffd87068000 	C:\Windows\system32\NLAapi.dll
0x00007ffd88030000 - 0x00007ffd880da000 	C:\Windows\SYSTEM32\DNSAPI.dll
0x00007ffd8d6d0000 - 0x00007ffd8d6d8000 	C:\Windows\system32\NSI.dll
0x00007ffd81cb0000 - 0x00007ffd81cbd000 	C:\Windows\System32\winrnr.dll
0x000000006ff00000 - 0x000000006ff26000 	C:\Program Files\Bonjour\mdnsNSP.dll
0x00007ffd876b0000 - 0x00007ffd876e8000 	C:\Windows\SYSTEM32\Iphlpapi.DLL
0x00007ffd85cf0000 - 0x00007ffd85cfa000 	C:\Windows\System32\rasadhlp.dll
0x00007ffd867d0000 - 0x00007ffd86837000 	C:\Windows\System32\fwpuclnt.dll
0x00007ffd89db0000 - 0x00007ffd89dd9000 	C:\Windows\SYSTEM32\bcrypt.dll
0x00007ffd87030000 - 0x00007ffd87046000 	C:\Windows\SYSTEM32\dhcpcsvc6.DLL
0x00007ffd87010000 - 0x00007ffd8702a000 	C:\Windows\SYSTEM32\dhcpcsvc.DLL
0x00007ffd59ef0000 - 0x00007ffd5a07c000 	C:\Windows\SYSTEM32\dbghelp.dll

VM Arguments:
jvm_args: -Dfile.encoding=UTF-8 
java_command: org.pasa.sispasaint.run.Inicio
java_class_path (initial): C:\Temp\Driver\net\sourceforge\jtds\main\jtds-1.3.1.jar;C:\Program Files\NetBeans 8.1\java\modules\ext\eclipselink\eclipselink.jar;C:\Program Files\NetBeans 8.1\java\modules\ext\eclipselink\javax.persistence_2.1.0.v201304241213.jar;C:\Program Files\NetBeans 8.1\java\modules\ext\eclipselink\org.eclipse.persistence.jpa.jpql_2.5.2.v20140319-9ad6abd.jar;C:\Users\90J00318\Documents\NetBeansProjects\SisPasaInt\build\classes
Launcher Type: SUN_STANDARD

Environment Variables:
PATH=C:\ProgramData\Oracle\Java\javapath;C:\Windows\system32;C:\Windows;C:\Windows\System32\Wbem;C:\Windows\System32\WindowsPowerShell\v1.0\;C:\Program Files (x86)\ATI Technologies\ATI.ACE\Core-Static;C:\Program Files (x86)\Skype\Phone\;C:\Program Files\Microsoft SQL Server\Client SDK\ODBC\110\Tools\Binn\;C:\Program Files (x86)\Microsoft SQL Server\120\Tools\Binn\;C:\Program Files\Microsoft SQL Server\120\Tools\Binn\;C:\Program Files\Microsoft SQL Server\120\DTS\Binn\;C:\Program Files (x86)\Microsoft SQL Server\120\Tools\Binn\ManagementStudio\;C:\Program Files (x86)\Microsoft SQL Server\120\DTS\Binn\;C:\Program Files\TortoiseSVN\bin
USERNAME=90J00318
OS=Windows_NT
PROCESSOR_IDENTIFIER=Intel64 Family 6 Model 94 Stepping 3, GenuineIntel



---------------  S Y S T E M  ---------------

OS: Windows 10.0 , 64 bit Build 10586 (10.0.10586.589)

CPU:total 8 (4 cores per cpu, 2 threads per core) family 6 model 94 stepping 3, cmov, cx8, fxsr, mmx, sse, sse2, sse3, ssse3, sse4.1, sse4.2, popcnt, avx, avx2, aes, clmul, erms, rtm, 3dnowpref, lzcnt, ht, tsc, tscinvbit, bmi1, bmi2, adx

Memory: 4k page, physical 16728484k(12023312k free), swap 19218852k(13953660k free)

vm_info: Java HotSpot(TM) 64-Bit Server VM (25.101-b13) for windows-amd64 JRE (1.8.0_101-b13), built on Jun 22 2016 01:21:29 by "java_re" with MS VC++ 10.0 (VS2010)

time: Fri Oct 14 10:43:51 2016
elapsed time: 301 seconds (0d 0h 5m 1s)

