#
# A fatal error has been detected by the Java Runtime Environment:
#
#  EXCEPTION_ACCESS_VIOLATION (0xc0000005) at pc=0x0000000058e9467b, pid=1544, tid=0x000000000000142c
#
# JRE version: Java(TM) SE Runtime Environment (8.0_101-b13) (build 1.8.0_101-b13)
# Java VM: Java HotSpot(TM) 64-Bit Server VM (25.101-b13 mixed mode windows-amd64 compressed oops)
# Problematic frame:
# V  [jvm.dll+0x11467b]
#
# Failed to write core dump. Minidumps are not enabled by default on client versions of Windows
#
# If you would like to submit a bug report, please visit:
#   http://bugreport.java.com/bugreport/crash.jsp
#

---------------  T H R E A D  ---------------

Current thread (0x0000000002b39800):  GCTaskThread [stack: 0x0000000012e40000,0x0000000012f40000] [id=5164]

siginfo: ExceptionCode=0xc0000005, reading address 0x0000000003780320

Registers:
RAX=0x0000000013540000, RBX=0x00000006c125ba98, RCX=0x0000000000000003, RDX=0x0000000000000001
RSP=0x0000000012f3f760, RBP=0x00000006c1253a8c, RSI=0x0000000002c12cd0, RDI=0x0000000002c12cd0
R8 =0x0000000003780318, R9 =0x00000007c002b2d0, R10=0x000000000000000c, R11=0x000000005937fd38
R12=0x00000006c1253a94, R13=0x00000007c002b4f8, R14=0x00000007c002b500, R15=0x00000006c1253a70
RIP=0x0000000058e9467b, EFLAGS=0x0000000000010206

Top of Stack: (sp=0x0000000012f3f760)
0x0000000012f3f760:   00000007c002b2d0 00000006c1253d5c
0x0000000012f3f770:   0000000000000005 0000000058f9d202
0x0000000012f3f780:   0000000000000000 00000000000003d8
0x0000000012f3f790:   0000000002b39e28 0000000002b2e8a0
0x0000000012f3f7a0:   000000000000009e 0000000059177a50
0x0000000012f3f7b0:   000000001d1ac530 000000001c565920
0x0000000012f3f7c0:   0000000002c12cd0 0000000002b39a50
0x0000000012f3f7d0:   000000ec00000000 0000000000000c00
0x0000000012f3f7e0:   0000000000000000 0000000000000000
0x0000000012f3f7f0:   0000000000000000 0000000002b1e000
0x0000000012f3f800:   0000000000000001 0000000000000001
0x0000000012f3f810:   00001e74be40dd57 0000000002b39e28
0x0000000012f3f820:   0000000002b39a50 00000000000003d8
0x0000000012f3f830:   0000000002b39a50 0000000002b2e8a0
0x0000000012f3f840:   0000000002b39a40 000000001c565920
0x0000000012f3f850:   0000000002c12cd0 0000000059174803 

Instructions: (pc=0x0000000058e9467b)
0x0000000058e9465b:   6f 00 84 d2 74 16 44 8b 43 08 8b 0d 35 a1 68 00
0x0000000058e9466b:   49 d3 e0 4c 03 05 23 a1 68 00 eb 04 4c 8b 43 08
0x0000000058e9467b:   45 8b 48 08 45 85 c9 7e 0c 41 f6 c1 01 75 4b 41
0x0000000058e9468b:   c1 f9 03 eb 57 79 43 84 d2 41 8b c9 b8 10 00 00 


Register to memory mapping:

RAX=0x0000000013540000 is an unknown value
RBX=0x00000006c125ba98 is pointing into object: 0x00000006c125ba90
[C 
 - klass: {type array char}
 - length: 30
RCX=0x0000000000000003 is an unknown value
RDX=0x0000000000000001 is an unknown value
RSP=0x0000000012f3f760 is an unknown value
RBP=0x00000006c1253a8c is pointing into object: 0x00000006c1253a70
java.util.LinkedHashMap$Entry 
 - klass: 'java/util/LinkedHashMap$Entry'
RSI=0x0000000002c12cd0 is an unknown value
RDI=0x0000000002c12cd0 is an unknown value
R8 =0x0000000003780318 is an unknown value
R9 =0x00000007c002b2d0 is pointing into metadata
R10=0x000000000000000c is an unknown value
R11=0x000000005937fd38 is an unknown value
R12=0x00000006c1253a94 is pointing into object: 0x00000006c1253a70
java.util.LinkedHashMap$Entry 
 - klass: 'java/util/LinkedHashMap$Entry'
R13=0x00000007c002b4f8 is pointing into metadata
R14=0x00000007c002b500 is pointing into metadata
R15=0x00000006c1253a70 is an oop
java.util.LinkedHashMap$Entry 
 - klass: 'java/util/LinkedHashMap$Entry'


Stack: [0x0000000012e40000,0x0000000012f40000],  sp=0x0000000012f3f760,  free space=1021k
Native frames: (J=compiled Java code, j=interpreted, Vv=VM code, C=native code)
V  [jvm.dll+0x11467b]
V  [jvm.dll+0x3f7a50]
V  [jvm.dll+0x3f4803]
V  [jvm.dll+0x3f25ce]
V  [jvm.dll+0x29c18a]
C  [MSVCR100.dll+0x21d9f]
C  [MSVCR100.dll+0x21e3b]
C  [KERNEL32.DLL+0x18102]
C  [ntdll.dll+0x5c5b4]


---------------  P R O C E S S  ---------------

Java Threads: ( => current thread )
  0x000000001e67a800 JavaThread "Service Thread" daemon [_thread_blocked, id=6136, stack(0x000000001f1b0000,0x000000001f2b0000)]
  0x000000001e5ee800 JavaThread "C1 CompilerThread3" daemon [_thread_blocked, id=9656, stack(0x000000001f0b0000,0x000000001f1b0000)]
  0x000000001e5e4000 JavaThread "C2 CompilerThread2" daemon [_thread_blocked, id=10112, stack(0x000000001efb0000,0x000000001f0b0000)]
  0x000000001e5dc800 JavaThread "C2 CompilerThread1" daemon [_thread_blocked, id=10444, stack(0x000000001eeb0000,0x000000001efb0000)]
  0x000000001e5d8000 JavaThread "C2 CompilerThread0" daemon [_thread_blocked, id=7872, stack(0x000000001edb0000,0x000000001eeb0000)]
  0x000000001e5d6800 JavaThread "Attach Listener" daemon [_thread_blocked, id=8960, stack(0x000000001ecb0000,0x000000001edb0000)]
  0x000000001c6ee000 JavaThread "Signal Dispatcher" daemon [_thread_blocked, id=8636, stack(0x000000001ebb0000,0x000000001ecb0000)]
  0x0000000002c1e800 JavaThread "Finalizer" daemon [_thread_blocked, id=4704, stack(0x000000001e9b0000,0x000000001eab0000)]
  0x0000000002c15000 JavaThread "Reference Handler" daemon [_thread_blocked, id=7416, stack(0x000000001e4b0000,0x000000001e5b0000)]
  0x0000000002b1e000 JavaThread "main" [_thread_blocked, id=9660, stack(0x00000000029c0000,0x0000000002ac0000)]

Other Threads:
  0x000000001c6d9800 VMThread [stack: 0x000000001e3b0000,0x000000001e4b0000] [id=9748]
  0x000000001e634800 WatcherThread [stack: 0x000000001f2b0000,0x000000001f3b0000] [id=2492]

=>0x0000000002b39800 (exited) GCTaskThread [stack: 0x0000000012e40000,0x0000000012f40000] [id=5164]

VM state:at safepoint (normal execution)

VM Mutex/Monitor currently owned by a thread:  ([mutex/lock_event])
[0x0000000002b1d6c0] Threads_lock - owner thread: 0x000000001c6d9800
[0x0000000002b1ce40] Heap_lock - owner thread: 0x0000000002b1e000

Heap:
 PSYoungGen      total 19968K, used 7166K [0x000000076ae00000, 0x000000076cf00000, 0x00000007c0000000)
  eden space 12800K, 0% used [0x000000076ae00000,0x000000076ae00000,0x000000076ba80000)
  from space 7168K, 99% used [0x000000076ba80000,0x000000076c17f990,0x000000076c180000)
  to   space 9216K, 0% used [0x000000076c600000,0x000000076c600000,0x000000076cf00000)
 ParOldGen       total 11264K, used 10416K [0x00000006c0a00000, 0x00000006c1500000, 0x000000076ae00000)
  object space 11264K, 92% used [0x00000006c0a00000,0x00000006c142c260,0x00000006c1500000)
 Metaspace       used 13193K, capacity 13378K, committed 13568K, reserved 1060864K
  class space    used 1423K, capacity 1462K, committed 1536K, reserved 1048576K

Card table byte_map: [0x0000000011fe0000,0x00000000127e0000] byte_map_base: 0x000000000e9db000

Marking Bits: (ParMarkBitMap*) 0x000000005959a6d0
 Begin Bits: [0x0000000013540000, 0x0000000017518000)
 End Bits:   [0x0000000017518000, 0x000000001b4f0000)

Polling page: 0x0000000001120000

CodeCache: size=245760Kb used=5636Kb max_used=5636Kb free=240123Kb
 bounds [0x0000000002c20000, 0x00000000031b0000, 0x0000000011c20000]
 total_blobs=1689 nmethods=1379 adapters=222
 compilation: enabled

Compilation events (10 events):
Event: 0.814 Thread 0x000000001e5ee800 1366       1       org.eclipse.persistence.internal.jpa.metadata.accessors.objects.MetadataClass::isJDK (5 bytes)
Event: 0.814 Thread 0x000000001e5ee800 nmethod 1366 0x000000000318c550 code [0x000000000318c6a0, 0x000000000318c7b0]
Event: 0.814 Thread 0x000000001e5ee800 1375   !   3       java.util.zip.Inflater::reset (69 bytes)
Event: 0.814 Thread 0x000000001e5ee800 nmethod 1375 0x00000000031a3290 code [0x00000000031a3420, 0x00000000031a3898]
Event: 0.822 Thread 0x000000001e5ee800 1377   !   3       java.util.zip.ZipFile::getInflater (56 bytes)
Event: 0.823 Thread 0x000000001e5ee800 nmethod 1377 0x00000000031a3dd0 code [0x00000000031a3fc0, 0x00000000031a4bb8]
Event: 0.823 Thread 0x000000001e5ee800 1378       3       java.util.zip.ZipFile$ZipFileInflaterInputStream::<init> (29 bytes)
Event: 0.823 Thread 0x000000001e5ee800 nmethod 1378 0x00000000031a5210 code [0x00000000031a5380, 0x00000000031a5588]
Event: 0.823 Thread 0x000000001e5ee800 1379       3       java.util.ArrayDeque::add (7 bytes)
Event: 0.823 Thread 0x000000001e5ee800 nmethod 1379 0x00000000031a5650 code [0x00000000031a57c0, 0x00000000031a5968]

GC Heap History (10 events):
Event: 0.439 GC heap after
Heap after GC invocations=6 (full 0):
 PSYoungGen      total 12800K, used 2043K [0x000000076ae00000, 0x000000076c100000, 0x00000007c0000000)
  eden space 10752K, 0% used [0x000000076ae00000,0x000000076ae00000,0x000000076b880000)
  from space 2048K, 99% used [0x000000076bc00000,0x000000076bdfeec8,0x000000076be00000)
  to   space 3584K, 0% used [0x000000076b880000,0x000000076b880000,0x000000076bc00000)
 ParOldGen       total 5632K, used 4765K [0x00000006c0a00000, 0x00000006c0f80000, 0x000000076ae00000)
  object space 5632K, 84% used [0x00000006c0a00000,0x00000006c0ea7680,0x00000006c0f80000)
 Metaspace       used 7621K, capacity 8372K, committed 8704K, reserved 1056768K
  class space    used 908K, capacity 944K, committed 1024K, reserved 1048576K
}
Event: 0.439 GC heap before
{Heap before GC invocations=7 (full 1):
 PSYoungGen      total 12800K, used 2043K [0x000000076ae00000, 0x000000076c100000, 0x00000007c0000000)
  eden space 10752K, 0% used [0x000000076ae00000,0x000000076ae00000,0x000000076b880000)
  from space 2048K, 99% used [0x000000076bc00000,0x000000076bdfeec8,0x000000076be00000)
  to   space 3584K, 0% used [0x000000076b880000,0x000000076b880000,0x000000076bc00000)
 ParOldGen       total 5632K, used 4765K [0x00000006c0a00000, 0x00000006c0f80000, 0x000000076ae00000)
  object space 5632K, 84% used [0x00000006c0a00000,0x00000006c0ea7680,0x00000006c0f80000)
 Metaspace       used 7621K, capacity 8372K, committed 8704K, reserved 1056768K
  class space    used 908K, capacity 944K, committed 1024K, reserved 1048576K
Event: 0.468 GC heap after
Heap after GC invocations=7 (full 1):
 PSYoungGen      total 12800K, used 1006K [0x000000076ae00000, 0x000000076c100000, 0x00000007c0000000)
  eden space 10752K, 0% used [0x000000076ae00000,0x000000076ae00000,0x000000076b880000)
  from space 2048K, 49% used [0x000000076bc00000,0x000000076bcfb9b8,0x000000076be00000)
  to   space 3584K, 0% used [0x000000076b880000,0x000000076b880000,0x000000076bc00000)
 ParOldGen       total 11264K, used 5508K [0x00000006c0a00000, 0x00000006c1500000, 0x000000076ae00000)
  object space 11264K, 48% used [0x00000006c0a00000,0x00000006c0f61390,0x00000006c1500000)
 Metaspace       used 7621K, capacity 8372K, committed 8704K, reserved 1056768K
  class space    used 908K, capacity 944K, committed 1024K, reserved 1048576K
}
Event: 0.564 GC heap before
{Heap before GC invocations=8 (full 1):
 PSYoungGen      total 12800K, used 11758K [0x000000076ae00000, 0x000000076c100000, 0x00000007c0000000)
  eden space 10752K, 100% used [0x000000076ae00000,0x000000076b880000,0x000000076b880000)
  from space 2048K, 49% used [0x000000076bc00000,0x000000076bcfb9b8,0x000000076be00000)
  to   space 3584K, 0% used [0x000000076b880000,0x000000076b880000,0x000000076bc00000)
 ParOldGen       total 11264K, used 5508K [0x00000006c0a00000, 0x00000006c1500000, 0x000000076ae00000)
  object space 11264K, 48% used [0x00000006c0a00000,0x00000006c0f61390,0x00000006c1500000)
 Metaspace       used 7819K, capacity 8564K, committed 8704K, reserved 1056768K
  class space    used 923K, capacity 944K, committed 1024K, reserved 1048576K
Event: 0.567 GC heap after
Heap after GC invocations=8 (full 1):
 PSYoungGen      total 14336K, used 3576K [0x000000076ae00000, 0x000000076c700000, 0x00000007c0000000)
  eden space 10752K, 0% used [0x000000076ae00000,0x000000076ae00000,0x000000076b880000)
  from space 3584K, 99% used [0x000000076b880000,0x000000076bbfe308,0x000000076bc00000)
  to   space 5632K, 0% used [0x000000076c180000,0x000000076c180000,0x000000076c700000)
 ParOldGen       total 11264K, used 8012K [0x00000006c0a00000, 0x00000006c1500000, 0x000000076ae00000)
  object space 11264K, 71% used [0x00000006c0a00000,0x00000006c11d3180,0x00000006c1500000)
 Metaspace       used 7819K, capacity 8564K, committed 8704K, reserved 1056768K
  class space    used 923K, capacity 944K, committed 1024K, reserved 1048576K
}
Event: 0.715 GC heap before
{Heap before GC invocations=9 (full 1):
 PSYoungGen      total 14336K, used 14287K [0x000000076ae00000, 0x000000076c700000, 0x00000007c0000000)
  eden space 10752K, 99% used [0x000000076ae00000,0x000000076b875af0,0x000000076b880000)
  from space 3584K, 99% used [0x000000076b880000,0x000000076bbfe308,0x000000076bc00000)
  to   space 5632K, 0% used [0x000000076c180000,0x000000076c180000,0x000000076c700000)
 ParOldGen       total 11264K, used 8012K [0x00000006c0a00000, 0x00000006c1500000, 0x000000076ae00000)
  object space 11264K, 71% used [0x00000006c0a00000,0x00000006c11d3180,0x00000006c1500000)
 Metaspace       used 9239K, capacity 9756K, committed 10112K, reserved 1058816K
  class space    used 1024K, capacity 1044K, committed 1152K, reserved 1048576K
Event: 0.718 GC heap after
Heap after GC invocations=9 (full 1):
 PSYoungGen      total 18432K, used 5601K [0x000000076ae00000, 0x000000076ca00000, 0x00000007c0000000)
  eden space 12800K, 0% used [0x000000076ae00000,0x000000076ae00000,0x000000076ba80000)
  from space 5632K, 99% used [0x000000076c180000,0x000000076c6f8640,0x000000076c700000)
  to   space 7168K, 0% used [0x000000076ba80000,0x000000076ba80000,0x000000076c180000)
 ParOldGen       total 11264K, used 8509K [0x00000006c0a00000, 0x00000006c1500000, 0x000000076ae00000)
  object space 11264K, 75% used [0x00000006c0a00000,0x00000006c124f7c0,0x00000006c1500000)
 Metaspace       used 9239K, capacity 9756K, committed 10112K, reserved 1058816K
  class space    used 1024K, capacity 1044K, committed 1152K, reserved 1048576K
}
Event: 0.830 GC heap before
{Heap before GC invocations=10 (full 1):
 PSYoungGen      total 18432K, used 18401K [0x000000076ae00000, 0x000000076ca00000, 0x00000007c0000000)
  eden space 12800K, 100% used [0x000000076ae00000,0x000000076ba80000,0x000000076ba80000)
  from space 5632K, 99% used [0x000000076c180000,0x000000076c6f8640,0x000000076c700000)
  to   space 7168K, 0% used [0x000000076ba80000,0x000000076ba80000,0x000000076c180000)
 ParOldGen       total 11264K, used 8509K [0x00000006c0a00000, 0x00000006c1500000, 0x000000076ae00000)
  object space 11264K, 75% used [0x00000006c0a00000,0x00000006c124f7c0,0x00000006c1500000)
 Metaspace       used 13193K, capacity 13378K, committed 13568K, reserved 1060864K
  class space    used 1423K, capacity 1462K, committed 1536K, reserved 1048576K
Event: 0.835 GC heap after
Heap after GC invocations=10 (full 1):
 PSYoungGen      total 19968K, used 7166K [0x000000076ae00000, 0x000000076cf00000, 0x00000007c0000000)
  eden space 12800K, 0% used [0x000000076ae00000,0x000000076ae00000,0x000000076ba80000)
  from space 7168K, 99% used [0x000000076ba80000,0x000000076c17f990,0x000000076c180000)
  to   space 9216K, 0% used [0x000000076c600000,0x000000076c600000,0x000000076cf00000)
 ParOldGen       total 11264K, used 10416K [0x00000006c0a00000, 0x00000006c1500000, 0x000000076ae00000)
  object space 11264K, 92% used [0x00000006c0a00000,0x00000006c142c260,0x00000006c1500000)
 Metaspace       used 13193K, capacity 13378K, committed 13568K, reserved 1060864K
  class space    used 1423K, capacity 1462K, committed 1536K, reserved 1048576K
}
Event: 0.835 GC heap before
{Heap before GC invocations=11 (full 2):
 PSYoungGen      total 19968K, used 7166K [0x000000076ae00000, 0x000000076cf00000, 0x00000007c0000000)
  eden space 12800K, 0% used [0x000000076ae00000,0x000000076ae00000,0x000000076ba80000)
  from space 7168K, 99% used [0x000000076ba80000,0x000000076c17f990,0x000000076c180000)
  to   space 9216K, 0% used [0x000000076c600000,0x000000076c600000,0x000000076cf00000)
 ParOldGen       total 11264K, used 10416K [0x00000006c0a00000, 0x00000006c1500000, 0x000000076ae00000)
  object space 11264K, 92% used [0x00000006c0a00000,0x00000006c142c260,0x00000006c1500000)
 Metaspace       used 13193K, capacity 13378K, committed 13568K, reserved 1060864K
  class space    used 1423K, capacity 1462K, committed 1536K, reserved 1048576K

Deoptimization events (10 events):
Event: 0.704 Thread 0x0000000002b1e000 Uncommon trap: reason=unstable_if action=reinterpret pc=0x0000000002f4f2d4 method=java.util.HashMap.getNode(ILjava/lang/Object;)Ljava/util/HashMap$Node; @ 62
Event: 0.704 Thread 0x0000000002b1e000 Uncommon trap: reason=unstable_if action=reinterpret pc=0x000000000311698c method=java.util.HashMap.putVal(ILjava/lang/Object;Ljava/lang/Object;ZZ)Ljava/lang/Object; @ 81
Event: 0.761 Thread 0x0000000002b1e000 Uncommon trap: reason=class_check action=maybe_recompile pc=0x0000000002dc9734 method=sun.misc.URLClassPath.getLoader(I)Lsun/misc/URLClassPath$Loader; @ 94
Event: 0.761 Thread 0x0000000002b1e000 Uncommon trap: reason=unstable_if action=reinterpret pc=0x0000000003131e94 method=sun.net.www.ParseUtil.encodePath(Ljava/lang/String;Z)Ljava/lang/String; @ 109
Event: 0.761 Thread 0x0000000002b1e000 Uncommon trap: reason=class_check action=maybe_recompile pc=0x0000000002dc9790 method=sun.misc.URLClassPath.getLoader(I)Lsun/misc/URLClassPath$Loader; @ 193
Event: 0.762 Thread 0x0000000002b1e000 Uncommon trap: reason=class_check action=maybe_recompile pc=0x0000000002dc9790 method=sun.misc.URLClassPath.getLoader(I)Lsun/misc/URLClassPath$Loader; @ 193
Event: 0.762 Thread 0x0000000002b1e000 Uncommon trap: reason=class_check action=maybe_recompile pc=0x0000000002dc9790 method=sun.misc.URLClassPath.getLoader(I)Lsun/misc/URLClassPath$Loader; @ 193
Event: 0.787 Thread 0x0000000002b1e000 Uncommon trap: reason=unstable_if action=reinterpret pc=0x0000000002e10c10 method=sun.misc.MetaIndex.mayContain(Ljava/lang/String;)Z @ 38
Event: 0.788 Thread 0x0000000002b1e000 Uncommon trap: reason=unstable_if action=reinterpret pc=0x0000000002da2284 method=sun.misc.MetaIndex.mayContain(Ljava/lang/String;)Z @ 38
Event: 0.806 Thread 0x0000000002b1e000 Uncommon trap: reason=unstable_if action=reinterpret pc=0x0000000002f75fe0 method=java.util.HashMap.resize()[Ljava/util/HashMap$Node; @ 206

Internal exceptions (10 events):
Event: 0.025 Thread 0x0000000002b1e000 Exception <a 'java/lang/NoSuchMethodError': Method sun.misc.Unsafe.defineClass(Ljava/lang/String;[BII)Ljava/lang/Class; name or signature does not match> (0x000000076ae07cd8) thrown at [C:\re\workspace\8-2-build-windows-amd64-cygwin\jdk8u101\7261\hotspot\s¤ÍÀ
%'™?
Event: 0.025 Thread 0x0000000002b1e000 Exception <a 'java/lang/NoSuchMethodError': Method sun.misc.Unsafe.prefetchRead(Ljava/lang/Object;J)V name or signature does not match> (0x000000076ae07fc0) thrown at [C:\re\workspace\8-2-build-windows-amd64-cygwin\jdk8u101\7261\hotspot\src\share\vm\prims\e$œõö¸?
Event: 0.098 Thread 0x0000000002b1e000 Exception <a 'java/security/PrivilegedActionException'> (0x000000076af66e80) thrown at [C:\re\workspace\8-2-build-windows-amd64-cygwin\jdk8u101\7261\hotspot\src\share\vm\prims\jvm.cpp, line 1386]
Event: 0.098 Thread 0x0000000002b1e000 Exception <a 'java/security/PrivilegedActionException'> (0x000000076af67278) thrown at [C:\re\workspace\8-2-build-windows-amd64-cygwin\jdk8u101\7261\hotspot\src\share\vm\prims\jvm.cpp, line 1386]
Event: 0.098 Thread 0x0000000002b1e000 Exception <a 'java/security/PrivilegedActionException'> (0x000000076af6b378) thrown at [C:\re\workspace\8-2-build-windows-amd64-cygwin\jdk8u101\7261\hotspot\src\share\vm\prims\jvm.cpp, line 1386]
Event: 0.098 Thread 0x0000000002b1e000 Exception <a 'java/security/PrivilegedActionException'> (0x000000076af6b770) thrown at [C:\re\workspace\8-2-build-windows-amd64-cygwin\jdk8u101\7261\hotspot\src\share\vm\prims\jvm.cpp, line 1386]
Event: 0.103 Thread 0x0000000002b1e000 Exception <a 'java/security/PrivilegedActionException'> (0x000000076ae131e8) thrown at [C:\re\workspace\8-2-build-windows-amd64-cygwin\jdk8u101\7261\hotspot\src\share\vm\prims\jvm.cpp, line 1386]
Event: 0.103 Thread 0x0000000002b1e000 Exception <a 'java/security/PrivilegedActionException'> (0x000000076ae135e0) thrown at [C:\re\workspace\8-2-build-windows-amd64-cygwin\jdk8u101\7261\hotspot\src\share\vm\prims\jvm.cpp, line 1386]
Event: 0.480 Thread 0x0000000002b1e000 Exception <a 'java/io/FileNotFoundException'> (0x000000076b020240) thrown at [C:\re\workspace\8-2-build-windows-amd64-cygwin\jdk8u101\7261\hotspot\src\share\vm\prims\jni.cpp, line 709]
Event: 0.483 Thread 0x0000000002b1e000 Exception <a 'java/io/FileNotFoundException'> (0x000000076b062810) thrown at [C:\re\workspace\8-2-build-windows-amd64-cygwin\jdk8u101\7261\hotspot\src\share\vm\prims\jni.cpp, line 709]

Events (10 events):
Event: 0.828 loading class org/eclipse/persistence/mappings/ObjectReferenceMapping done
Event: 0.829 loading class org/eclipse/persistence/mappings/ManyToOneMapping
Event: 0.829 loading class org/eclipse/persistence/mappings/ManyToOneMapping done
Event: 0.829 loading class org/eclipse/persistence/mappings/OneToOneMapping
Event: 0.829 loading class org/eclipse/persistence/mappings/OneToOneMapping done
Event: 0.829 loading class org/eclipse/persistence/mappings/ManyToManyMapping
Event: 0.829 loading class org/eclipse/persistence/mappings/ManyToManyMapping done
Event: 0.830 loading class org/eclipse/persistence/sessions/remote/DistributedSession
Event: 0.830 loading class org/eclipse/persistence/sessions/remote/DistributedSession done
Event: 0.830 Executing VM operation: ParallelGCFailedAllocation


Dynamic libraries:
0x00007ff7aba20000 - 0x00007ff7aba27000 	C:\Program Files\Java\jdk1.8.0_101\bin\javac.exe
0x00007ffed8c90000 - 0x00007ffed8e51000 	C:\Windows\SYSTEM32\ntdll.dll
0x00007ffed8570000 - 0x00007ffed861d000 	C:\Windows\system32\KERNEL32.DLL
0x00007ffed5c10000 - 0x00007ffed5df8000 	C:\Windows\system32\KERNELBASE.dll
0x0000000056700000 - 0x000000005672f000 	C:\Program Files\Java\jdk1.8.0_101\bin\jli.dll
0x0000000056620000 - 0x00000000566f2000 	C:\Program Files\Java\jdk1.8.0_101\bin\MSVCR100.dll
0x00007ffed84c0000 - 0x00007ffed8567000 	C:\Windows\system32\ADVAPI32.dll
0x00007ffed8140000 - 0x00007ffed81dd000 	C:\Windows\system32\msvcrt.dll
0x00007ffed8c30000 - 0x00007ffed8c8b000 	C:\Windows\system32\sechost.dll
0x00007ffed7cf0000 - 0x00007ffed7e0c000 	C:\Windows\system32\RPCRT4.dll
0x00007ffed81e0000 - 0x00007ffed8336000 	C:\Windows\system32\USER32.dll
0x00007ffed6090000 - 0x00007ffed6216000 	C:\Windows\system32\GDI32.dll
0x00007ffec8eb0000 - 0x00007ffec9124000 	C:\Windows\WinSxS\amd64_microsoft.windows.common-controls_6595b64144ccf1df_6.0.10586.589_none_a2ddb3caa539acce\COMCTL32.dll
0x00007ffed7e10000 - 0x00007ffed808d000 	C:\Windows\system32\combase.dll
0x00007ffed5e00000 - 0x00007ffed5e6a000 	C:\Windows\system32\bcryptPrimitives.dll
0x00007ffed8090000 - 0x00007ffed80cb000 	C:\Windows\system32\IMM32.DLL
0x0000000059b10000 - 0x0000000059be2000 	C:\Program Files\Java\jdk1.8.0_101\jre\bin\msvcr100.dll
0x0000000058d80000 - 0x000000005961a000 	C:\Program Files\Java\jdk1.8.0_101\jre\bin\server\jvm.dll
0x00007ffed7880000 - 0x00007ffed7888000 	C:\Windows\system32\PSAPI.DLL
0x00007ffecbcb0000 - 0x00007ffecbcb9000 	C:\Windows\SYSTEM32\WSOCK32.dll
0x00007ffed38a0000 - 0x00007ffed38c3000 	C:\Windows\SYSTEM32\WINMM.dll
0x00007ffed1520000 - 0x00007ffed152a000 	C:\Windows\SYSTEM32\VERSION.dll
0x00007ffed80d0000 - 0x00007ffed813b000 	C:\Windows\system32\WS2_32.dll
0x00007ffed3870000 - 0x00007ffed389c000 	C:\Windows\SYSTEM32\winmmbase.dll
0x00007ffed5ed0000 - 0x00007ffed5f13000 	C:\Windows\system32\cfgmgr32.dll
0x0000000059ac0000 - 0x0000000059acf000 	C:\Program Files\Java\jdk1.8.0_101\jre\bin\verify.dll
0x0000000059a90000 - 0x0000000059ab9000 	C:\Program Files\Java\jdk1.8.0_101\jre\bin\java.dll
0x0000000059a70000 - 0x0000000059a86000 	C:\Program Files\Java\jdk1.8.0_101\jre\bin\zip.dll
0x00007ffed6220000 - 0x00007ffed777c000 	C:\Windows\system32\SHELL32.dll
0x00007ffed55c0000 - 0x00007ffed5c05000 	C:\Windows\system32\windows.storage.dll
0x00007ffed87a0000 - 0x00007ffed87f2000 	C:\Windows\system32\shlwapi.dll
0x00007ffed5310000 - 0x00007ffed531f000 	C:\Windows\system32\kernel.appcore.dll
0x00007ffed5f20000 - 0x00007ffed5fd5000 	C:\Windows\system32\shcore.dll
0x00007ffed52b0000 - 0x00007ffed52fb000 	C:\Windows\system32\powrprof.dll
0x00007ffed5320000 - 0x00007ffed5334000 	C:\Windows\system32\profapi.dll
0x00007ffea5060000 - 0x00007ffea51ec000 	C:\Windows\SYSTEM32\dbghelp.dll

VM Arguments:
jvm_args: -Dapplication.home=C:\Program Files\Java\jdk1.8.0_101 -Xms8m 
java_command: com.sun.tools.javac.Main -d C:\Users\90J00318\Documents\NetBeansProjects\SisPasaInt\build\classes -classpath C:\Users\90J00318\Documents\NetBeansProjects\SisPasaInt\build\classes;C:\Temp\Driver\net\sourceforge\jtds\main\jtds-1.3.1.jar;C:\Program Files\NetBeans 8.1\java\modules\ext\eclipselink\eclipselink.jar;C:\Program Files\NetBeans 8.1\java\modules\ext\eclipselink\javax.persistence_2.1.0.v201304241213.jar;C:\Program Files\NetBeans 8.1\java\modules\ext\eclipselink\org.eclipse.persistence.jpa.jpql_2.5.2.v20140319-9ad6abd.jar -sourcepath C:\Users\90J00318\Documents\NetBeansProjects\SisPasaInt\build\empty -target 1.8 -encoding UTF-8 -g -processorpath C:\Temp\Driver\net\sourceforge\jtds\main\jtds-1.3.1.jar;C:\Program Files\NetBeans 8.1\java\modules\ext\eclipselink\eclipselink.jar;C:\Program Files\NetBeans 8.1\java\modules\ext\eclipselink\javax.persistence_2.1.0.v201304241213.jar;C:\Program Files\NetBeans 8.1\java\modules\ext\eclipselink\org.eclipse.persistence.jpa.jpql_2.5.2.v20140319-9ad6abd.jar;C:\Program Files\NetBeans 8.1\java\modules\ext\eclipselink\org.eclipse.persistence.jpa.modelgen_2.5.2.v20140319-9ad6abd.jar;C:\Users\90J00318\Documents\NetBeansProjects\SisPasaInt\build\empty -Aeclipselink.canonicalmodel.use_static_factory=false -s C:\Users\90J00318\Documents\NetBeansProjects\SisPasaInt\build\generated-sources\ap-source-output -source 1.8 @C:\Users\90J00318\AppData\Local\Temp\files4557794286904283199
java_class_path (initial): C:\Program Files\Java\jdk1.8.0_101/lib/tools.jar;C:\Program Files\Java\jdk1.8.0_101/classes
Launcher Type: SUN_STANDARD

Environment Variables:
PATH=C:\ProgramData\Oracle\Java\javapath;C:\Windows\system32;C:\Windows;C:\Windows\System32\Wbem;C:\Windows\System32\WindowsPowerShell\v1.0\;C:\Program Files (x86)\ATI Technologies\ATI.ACE\Core-Static;C:\Program Files (x86)\Skype\Phone\;C:\Program Files\Microsoft SQL Server\Client SDK\ODBC\110\Tools\Binn\;C:\Program Files (x86)\Microsoft SQL Server\120\Tools\Binn\;C:\Program Files\Microsoft SQL Server\120\Tools\Binn\;C:\Program Files\Microsoft SQL Server\120\DTS\Binn\;C:\Program Files (x86)\Microsoft SQL Server\120\Tools\Binn\ManagementStudio\;C:\Program Files (x86)\Microsoft SQL Server\120\DTS\Binn\;C:\Program Files\TortoiseSVN\bin
USERNAME=90J00318
OS=Windows_NT
PROCESSOR_IDENTIFIER=Intel64 Family 6 Model 94 Stepping 3, GenuineIntel



---------------  S Y S T E M  ---------------

OS: Windows 10.0 , 64 bit Build 10586 (10.0.10586.589)

CPU:total 8 (4 cores per cpu, 2 threads per core) family 6 model 94 stepping 3, cmov, cx8, fxsr, mmx, sse, sse2, sse3, ssse3, sse4.1, sse4.2, popcnt, avx, avx2, aes, clmul, erms, rtm, 3dnowpref, lzcnt, ht, tsc, tscinvbit, bmi1, bmi2, adx

Memory: 4k page, physical 16728508k(11151320k free), swap 19218876k(13042248k free)

vm_info: Java HotSpot(TM) 64-Bit Server VM (25.101-b13) for windows-amd64 JRE (1.8.0_101-b13), built on Jun 22 2016 01:21:29 by "java_re" with MS VC++ 10.0 (VS2010)

time: Tue Oct 04 17:32:45 2016
elapsed time: 0 seconds (0d 0h 0m 0s)

