#
# A fatal error has been detected by the Java Runtime Environment:
#
#  EXCEPTION_ACCESS_VIOLATION (0xc0000005) at pc=0x0000000003a1050f, pid=9600, tid=0x0000000000000654
#
# JRE version: Java(TM) SE Runtime Environment (8.0_102-b14) (build 1.8.0_102-b14)
# Java VM: Java HotSpot(TM) 64-Bit Server VM (25.102-b14 mixed mode windows-amd64 compressed oops)
# Problematic frame:
# J 2719 C2 org.eclipse.persistence.internal.sessions.UnitOfWorkImpl.calculateChanges(Ljava/util/Map;Lorg/eclipse/persistence/internal/sessions/UnitOfWorkChangeSet;ZZ)Lorg/eclipse/persistence/internal/sessions/UnitOfWorkChangeSet; (934 bytes) @ 0x0000000003a1050f [0x0000000003a0ffa0+0x56f]
#
# Failed to write core dump. Minidumps are not enabled by default on client versions of Windows
#
# If you would like to submit a bug report, please visit:
#   http://bugreport.java.com/bugreport/crash.jsp
#

---------------  T H R E A D  ---------------

Current thread (0x000000002ed76800):  JavaThread "DefaultQuartzScheduler_Worker-1" [_thread_in_Java, id=1620, stack(0x000000002fe60000,0x000000002ff60000)]

siginfo: ExceptionCode=0xc0000005, reading address 0x0000000001c00230

Registers:
RAX=0x0000000000000000, RBX=0x000000000000fffe, RCX=0x0000000001c001c8, RDX=0x0000000000380039
RSP=0x000000002ff5eb30, RBP=0x000000074edb0050, RSI=0x00000007265c27a8, RDI=0x0000000000002f89
R8 =0x00000000a84b477a, R9 =0x0000000540047cf8, R10=0x00000007264ace08, R11=0x00000000a8008f73
R12=0x0000000000000000, R13=0x00000005410fb2c0, R14=0x00000000a821f658, R15=0x000000002ed76800
RIP=0x0000000003a1050f, EFLAGS=0x0000000000010246

Top of Stack: (sp=0x000000002ff5eb30)
0x000000002ff5eb30:   0000000540047b98 0000000100000001
0x000000002ff5eb40:   0000000540047b98 00000007c01d38b0
0x000000002ff5eb50:   00000007264ace08 00000005410fb2c0
0x000000002ff5eb60:   a8008f732646cd90 e4c8d990264ad6d8
0x000000002ff5eb70:   0000000000000040 000000072646cd90
0x000000002ff5eb80:   000000072646cc58 0000000540335eb8
0x000000002ff5eb90:   0000000540047cf8 a8008f7340047cf8
0x000000002ff5eba0:   00010000a821f658 00000000e9db600a
0x000000002ff5ebb0:   000000072646bff0 0000000000000000
0x000000002ff5ebc0:   00000001e4c8d7ee 0000000000000010
0x000000002ff5ebd0:   0000000540000488 00000007a80a18e4
0x000000002ff5ebe0:   00000007264ace30 00000007264acf68
0x000000002ff5ebf0:   000000054032b038 00000007c01703f0
0x000000002ff5ec00:   00000007c001bd10 a8008f73a8008f9f
0x000000002ff5ec10:   00000007a8008f59 a8008f9fa8008f73
0x000000002ff5ec20:   00000005402857c0 00000000035c0acc 

Instructions: (pc=0x0000000003a1050f)
0x0000000003a104ef:   41 0f b6 4c cc 13 85 c9 0f 85 2c 1a 00 00 45 8b
0x0000000003a104ff:   59 6c 48 b9 00 00 00 00 00 00 00 00 48 8d 0c d1
0x0000000003a1050f:   48 8b 59 68 43 8b 4c dc 40 48 8b f9 48 c1 e7 03
0x0000000003a1051f:   48 3b fb 0f 85 4a 19 00 00 43 8b 8c dc f8 00 00 


Register to memory mapping:

RAX=0x0000000000000000 is an unknown value
RBX=0x000000000000fffe is an unknown value
RCX=0x0000000001c001c8 is an unknown value
RDX=0x0000000000380039 is an unknown value
RSP=0x000000002ff5eb30 is pointing into the stack for thread: 0x000000002ed76800
RBP=0x000000074edb0050 is an oop
[Ljava.lang.Object; 
 - klass: 'java/lang/Object'[]
 - length: 65536
RSI=0x00000007265c27a8 is an oop
[Ljava.lang.Object; 
 - klass: 'java/lang/Object'[]
 - length: 32768
RDI=0x0000000000002f89 is an unknown value
R8 =0x00000000a84b477a is an unknown value
R9 =0x0000000540047cf8 is an oop
org.eclipse.persistence.internal.sessions.RepeatableWriteUnitOfWork 
 - klass: 'org/eclipse/persistence/internal/sessions/RepeatableWriteUnitOfWork'
R10=0x00000007264ace08 is an oop
java.util.IdentityHashMap$KeyIterator 
 - klass: 'java/util/IdentityHashMap$KeyIterator'
R11=0x00000000a8008f73 is an unknown value
R12=0x0000000000000000 is an unknown value
R13=0x00000005410fb2c0 is an oop
org.pasa.sispasaint.model.intg.ModeloBenVLI 
 - klass: 'org/pasa/sispasaint/model/intg/ModeloBenVLI'
R14=0x00000000a821f658 is an unknown value
R15=0x000000002ed76800 is a thread


Stack: [0x000000002fe60000,0x000000002ff60000],  sp=0x000000002ff5eb30,  free space=1018k
Native frames: (J=compiled Java code, j=interpreted, Vv=VM code, C=native code)
C  0x0000000003a1050f


---------------  P R O C E S S  ---------------

Java Threads: ( => current thread )
  0x000000002dd94000 JavaThread "DestroyJavaVM" [_thread_blocked, id=11664, stack(0x0000000002ea0000,0x0000000002fa0000)]
  0x000000002ee4b800 JavaThread "DefaultQuartzScheduler_QuartzSchedulerThread" [_thread_blocked, id=7348, stack(0x0000000030960000,0x0000000030a60000)]
  0x000000002ee4b000 JavaThread "DefaultQuartzScheduler_Worker-10" [_thread_blocked, id=6292, stack(0x0000000030860000,0x0000000030960000)]
  0x000000002e092800 JavaThread "DefaultQuartzScheduler_Worker-9" [_thread_blocked, id=2244, stack(0x0000000030660000,0x0000000030760000)]
  0x000000002e091800 JavaThread "DefaultQuartzScheduler_Worker-8" [_thread_blocked, id=2720, stack(0x0000000030560000,0x0000000030660000)]
  0x000000002e091000 JavaThread "DefaultQuartzScheduler_Worker-7" [_thread_blocked, id=880, stack(0x0000000030460000,0x0000000030560000)]
  0x000000002e090000 JavaThread "DefaultQuartzScheduler_Worker-6" [_thread_blocked, id=920, stack(0x0000000030360000,0x0000000030460000)]
  0x000000002e08f800 JavaThread "DefaultQuartzScheduler_Worker-5" [_thread_blocked, id=4808, stack(0x0000000030260000,0x0000000030360000)]
  0x000000002ef67800 JavaThread "DefaultQuartzScheduler_Worker-4" [_thread_blocked, id=5968, stack(0x0000000030160000,0x0000000030260000)]
  0x000000002ef66800 JavaThread "DefaultQuartzScheduler_Worker-3" [_thread_blocked, id=4728, stack(0x0000000030060000,0x0000000030160000)]
  0x000000002ef66000 JavaThread "DefaultQuartzScheduler_Worker-2" [_thread_blocked, id=10828, stack(0x000000002ff60000,0x0000000030060000)]
=>0x000000002ed76800 JavaThread "DefaultQuartzScheduler_Worker-1" [_thread_in_Java, id=1620, stack(0x000000002fe60000,0x000000002ff60000)]
  0x000000002cc21000 JavaThread "Service Thread" daemon [_thread_blocked, id=7332, stack(0x000000002d750000,0x000000002d850000)]
  0x000000002cb9b000 JavaThread "C1 CompilerThread3" daemon [_thread_blocked, id=10924, stack(0x000000002d650000,0x000000002d750000)]
  0x000000002cb86000 JavaThread "C2 CompilerThread2" daemon [_thread_blocked, id=3892, stack(0x000000002d550000,0x000000002d650000)]
  0x000000002cb7e800 JavaThread "C2 CompilerThread1" daemon [_thread_blocked, id=8400, stack(0x000000002d450000,0x000000002d550000)]
  0x000000002cb78000 JavaThread "C2 CompilerThread0" daemon [_thread_blocked, id=6516, stack(0x000000002d350000,0x000000002d450000)]
  0x000000002cb77000 JavaThread "Attach Listener" daemon [_thread_blocked, id=7328, stack(0x000000002d250000,0x000000002d350000)]
  0x000000002cb76000 JavaThread "Signal Dispatcher" daemon [_thread_blocked, id=4780, stack(0x000000002d150000,0x000000002d250000)]
  0x000000002ac93000 JavaThread "Finalizer" daemon [_thread_blocked, id=7544, stack(0x000000002cf50000,0x000000002d050000)]
  0x0000000003097000 JavaThread "Reference Handler" daemon [_thread_blocked, id=10028, stack(0x000000002ca50000,0x000000002cb50000)]

Other Threads:
  0x000000002ac88800 VMThread [stack: 0x000000002c950000,0x000000002ca50000] [id=6020]
  0x000000002cc24800 WatcherThread [stack: 0x000000002d850000,0x000000002d950000] [id=6276]

VM state:not at safepoint (normal execution)

VM Mutex/Monitor currently owned by a thread: None

Heap:
 PSYoungGen      total 1691648K, used 1003545K [0x00000006eab00000, 0x0000000755580000, 0x00000007c0000000)
  eden space 1639424K, 60% used [0x00000006eab00000,0x0000000727366428,0x000000074ec00000)
  from space 52224K, 22% used [0x000000074ec00000,0x000000074f7a0090,0x0000000751f00000)
  to   space 49152K, 0% used [0x0000000752580000,0x0000000752580000,0x0000000755580000)
 ParOldGen       total 3495424K, used 74946K [0x0000000540000000, 0x0000000615580000, 0x00000006eab00000)
  object space 3495424K, 2% used [0x0000000540000000,0x0000000544930990,0x0000000615580000)
 Metaspace       used 21848K, capacity 22000K, committed 22320K, reserved 1069056K
  class space    used 2257K, capacity 2342K, committed 2432K, reserved 1048576K

Card table byte_map: [0x0000000012460000,0x0000000013870000] byte_map_base: 0x000000000fa60000

Marking Bits: (ParMarkBitMap*) 0x0000000071e8a6c0
 Begin Bits: [0x0000000014dd0000, 0x000000001edd0000)
 End Bits:   [0x000000001edd0000, 0x0000000028dd0000)

Polling page: 0x0000000001680000

CodeCache: size=245760Kb used=10076Kb max_used=11131Kb free=235683Kb
 bounds [0x00000000030a0000, 0x0000000003b90000, 0x00000000120a0000]
 total_blobs=3171 nmethods=2763 adapters=320
 compilation: enabled

Compilation events (10 events):
Event: 98.709 Thread 0x000000002cb86000 3118   !   4       org.eclipse.persistence.internal.identitymaps.IdentityMapManager::putInIdentityMap (115 bytes)
Event: 98.717 Thread 0x000000002cb78000 nmethod 3117 0x0000000003677390 code [0x00000000036775a0, 0x0000000003678500]
Event: 98.717 Thread 0x000000002cb78000 3119   !   4       org.eclipse.persistence.internal.sessions.MergeManager::mergeChangesOfWorkingCopyIntoOriginal (743 bytes)
Event: 98.720 Thread 0x000000002cb86000 nmethod 3118 0x000000000320c1d0 code [0x000000000320c3c0, 0x000000000320d1e0]
Event: 98.739 Thread 0x000000002cb7e800 nmethod 3114 0x000000000362cd90 code [0x000000000362d100, 0x000000000362f378]
Event: 98.754 Thread 0x000000002cb78000 nmethod 3119 0x00000000035e4f50 code [0x00000000035e52a0, 0x00000000035e7be0]
Event: 100.630 Thread 0x000000002cb86000 3120       4       java.lang.ref.Finalizer::access$100 (6 bytes)
Event: 100.633 Thread 0x000000002cb86000 nmethod 3120 0x0000000003336a10 code [0x0000000003336b80, 0x0000000003337158]
Event: 108.633 Thread 0x000000002cb78000 3121       4       org.eclipse.persistence.internal.queries.DatasourceCallQueryMechanism::insertObject (352 bytes)
Event: 108.651 Thread 0x000000002cb78000 nmethod 3121 0x00000000031b5f10 code [0x00000000031b6140, 0x00000000031b6e68]

GC Heap History (10 events):
Event: 121.079 GC heap before
{Heap before GC invocations=8 (full 1):
 PSYoungGen      total 1678848K, used 1612000K [0x00000006eab00000, 0x0000000755580000, 0x00000007c0000000)
  eden space 1604608K, 100% used [0x00000006eab00000,0x000000074ca00000,0x000000074ca00000)
  from space 74240K, 9% used [0x0000000750d00000,0x0000000751438090,0x0000000755580000)
  to   space 68608K, 0% used [0x000000074ca00000,0x000000074ca00000,0x0000000750d00000)
 ParOldGen       total 3495424K, used 74946K [0x0000000540000000, 0x0000000615580000, 0x00000006eab00000)
  object space 3495424K, 2% used [0x0000000540000000,0x0000000544930990,0x0000000615580000)
 Metaspace       used 21848K, capacity 22000K, committed 22320K, reserved 1069056K
  class space    used 2257K, capacity 2342K, committed 2432K, reserved 1048576K
Event: 121.085 GC heap after
Heap after GC invocations=8 (full 1):
 PSYoungGen      total 1673216K, used 8736K [0x00000006eab00000, 0x0000000755580000, 0x00000007c0000000)
  eden space 1604608K, 0% used [0x00000006eab00000,0x00000006eab00000,0x000000074ca00000)
  from space 68608K, 12% used [0x000000074ca00000,0x000000074d288090,0x0000000750d00000)
  to   space 63488K, 0% used [0x0000000751780000,0x0000000751780000,0x0000000755580000)
 ParOldGen       total 3495424K, used 74946K [0x0000000540000000, 0x0000000615580000, 0x00000006eab00000)
  object space 3495424K, 2% used [0x0000000540000000,0x0000000544930990,0x0000000615580000)
 Metaspace       used 21848K, capacity 22000K, committed 22320K, reserved 1069056K
  class space    used 2257K, capacity 2342K, committed 2432K, reserved 1048576K
}
Event: 132.741 GC heap before
{Heap before GC invocations=9 (full 1):
 PSYoungGen      total 1673216K, used 1613344K [0x00000006eab00000, 0x0000000755580000, 0x00000007c0000000)
  eden space 1604608K, 100% used [0x00000006eab00000,0x000000074ca00000,0x000000074ca00000)
  from space 68608K, 12% used [0x000000074ca00000,0x000000074d288090,0x0000000750d00000)
  to   space 63488K, 0% used [0x0000000751780000,0x0000000751780000,0x0000000755580000)
 ParOldGen       total 3495424K, used 74946K [0x0000000540000000, 0x0000000615580000, 0x00000006eab00000)
  object space 3495424K, 2% used [0x0000000540000000,0x0000000544930990,0x0000000615580000)
 Metaspace       used 21848K, capacity 22000K, committed 22320K, reserved 1069056K
  class space    used 2257K, capacity 2342K, committed 2432K, reserved 1048576K
Event: 132.747 GC heap after
Heap after GC invocations=9 (full 1):
 PSYoungGen      total 1688064K, used 9696K [0x00000006eab00000, 0x0000000755580000, 0x00000007c0000000)
  eden space 1624576K, 0% used [0x00000006eab00000,0x00000006eab00000,0x000000074dd80000)
  from space 63488K, 15% used [0x0000000751780000,0x00000007520f8090,0x0000000755580000)
  to   space 59392K, 0% used [0x000000074dd80000,0x000000074dd80000,0x0000000751780000)
 ParOldGen       total 3495424K, used 74946K [0x0000000540000000, 0x0000000615580000, 0x00000006eab00000)
  object space 3495424K, 2% used [0x0000000540000000,0x0000000544930990,0x0000000615580000)
 Metaspace       used 21848K, capacity 22000K, committed 22320K, reserved 1069056K
  class space    used 2257K, capacity 2342K, committed 2432K, reserved 1048576K
}
Event: 145.431 GC heap before
{Heap before GC invocations=10 (full 1):
 PSYoungGen      total 1688064K, used 1634272K [0x00000006eab00000, 0x0000000755580000, 0x00000007c0000000)
  eden space 1624576K, 100% used [0x00000006eab00000,0x000000074dd80000,0x000000074dd80000)
  from space 63488K, 15% used [0x0000000751780000,0x00000007520f8090,0x0000000755580000)
  to   space 59392K, 0% used [0x000000074dd80000,0x000000074dd80000,0x0000000751780000)
 ParOldGen       total 3495424K, used 74946K [0x0000000540000000, 0x0000000615580000, 0x00000006eab00000)
  object space 3495424K, 2% used [0x0000000540000000,0x0000000544930990,0x0000000615580000)
 Metaspace       used 21848K, capacity 22000K, committed 22320K, reserved 1069056K
  class space    used 2257K, capacity 2342K, committed 2432K, reserved 1048576K
Event: 145.439 GC heap after
Heap after GC invocations=10 (full 1):
 PSYoungGen      total 1683968K, used 9664K [0x00000006eab00000, 0x0000000755580000, 0x00000007c0000000)
  eden space 1624576K, 0% used [0x00000006eab00000,0x00000006eab00000,0x000000074dd80000)
  from space 59392K, 16% used [0x000000074dd80000,0x000000074e6f0090,0x0000000751780000)
  to   space 55808K, 0% used [0x0000000751f00000,0x0000000751f00000,0x0000000755580000)
 ParOldGen       total 3495424K, used 74946K [0x0000000540000000, 0x0000000615580000, 0x00000006eab00000)
  object space 3495424K, 2% used [0x0000000540000000,0x0000000544930990,0x0000000615580000)
 Metaspace       used 21848K, capacity 22000K, committed 22320K, reserved 1069056K
  class space    used 2257K, capacity 2342K, committed 2432K, reserved 1048576K
}
Event: 156.454 GC heap before
{Heap before GC invocations=11 (full 1):
 PSYoungGen      total 1683968K, used 1634240K [0x00000006eab00000, 0x0000000755580000, 0x00000007c0000000)
  eden space 1624576K, 100% used [0x00000006eab00000,0x000000074dd80000,0x000000074dd80000)
  from space 59392K, 16% used [0x000000074dd80000,0x000000074e6f0090,0x0000000751780000)
  to   space 55808K, 0% used [0x0000000751f00000,0x0000000751f00000,0x0000000755580000)
 ParOldGen       total 3495424K, used 74946K [0x0000000540000000, 0x0000000615580000, 0x00000006eab00000)
  object space 3495424K, 2% used [0x0000000540000000,0x0000000544930990,0x0000000615580000)
 Metaspace       used 21848K, capacity 22000K, committed 22320K, reserved 1069056K
  class space    used 2257K, capacity 2342K, committed 2432K, reserved 1048576K
Event: 156.460 GC heap after
Heap after GC invocations=11 (full 1):
 PSYoungGen      total 1695232K, used 11488K [0x00000006eab00000, 0x0000000755580000, 0x00000007c0000000)
  eden space 1639424K, 0% used [0x00000006eab00000,0x00000006eab00000,0x000000074ec00000)
  from space 55808K, 20% used [0x0000000751f00000,0x0000000752a38090,0x0000000755580000)
  to   space 52224K, 0% used [0x000000074ec00000,0x000000074ec00000,0x0000000751f00000)
 ParOldGen       total 3495424K, used 74946K [0x0000000540000000, 0x0000000615580000, 0x00000006eab00000)
  object space 3495424K, 2% used [0x0000000540000000,0x0000000544930990,0x0000000615580000)
 Metaspace       used 21848K, capacity 22000K, committed 22320K, reserved 1069056K
  class space    used 2257K, capacity 2342K, committed 2432K, reserved 1048576K
}
Event: 165.950 GC heap before
{Heap before GC invocations=12 (full 1):
 PSYoungGen      total 1695232K, used 1650912K [0x00000006eab00000, 0x0000000755580000, 0x00000007c0000000)
  eden space 1639424K, 100% used [0x00000006eab00000,0x000000074ec00000,0x000000074ec00000)
  from space 55808K, 20% used [0x0000000751f00000,0x0000000752a38090,0x0000000755580000)
  to   space 52224K, 0% used [0x000000074ec00000,0x000000074ec00000,0x0000000751f00000)
 ParOldGen       total 3495424K, used 74946K [0x0000000540000000, 0x0000000615580000, 0x00000006eab00000)
  object space 3495424K, 2% used [0x0000000540000000,0x0000000544930990,0x0000000615580000)
 Metaspace       used 21848K, capacity 22000K, committed 22320K, reserved 1069056K
  class space    used 2257K, capacity 2342K, committed 2432K, reserved 1048576K
Event: 165.956 GC heap after
Heap after GC invocations=12 (full 1):
 PSYoungGen      total 1691648K, used 11904K [0x00000006eab00000, 0x0000000755580000, 0x00000007c0000000)
  eden space 1639424K, 0% used [0x00000006eab00000,0x00000006eab00000,0x000000074ec00000)
  from space 52224K, 22% used [0x000000074ec00000,0x000000074f7a0090,0x0000000751f00000)
  to   space 49152K, 0% used [0x0000000752580000,0x0000000752580000,0x0000000755580000)
 ParOldGen       total 3495424K, used 74946K [0x0000000540000000, 0x0000000615580000, 0x00000006eab00000)
  object space 3495424K, 2% used [0x0000000540000000,0x0000000544930990,0x0000000615580000)
 Metaspace       used 21848K, capacity 22000K, committed 22320K, reserved 1069056K
  class space    used 2257K, capacity 2342K, committed 2432K, reserved 1048576K
}

Deoptimization events (10 events):
Event: 58.500 Thread 0x000000002ed76800 Uncommon trap: reason=unstable_if action=reinterpret pc=0x00000000035bbde4 method=java.util.regex.Pattern$BitClass.isSatisfiedBy(I)Z @ 4
Event: 74.678 Thread 0x0000000003097000 Uncommon trap: reason=unstable_if action=reinterpret pc=0x000000000378d640 method=java.lang.ref.ReferenceQueue.enqueue(Ljava/lang/ref/Reference;)Z @ 61
Event: 74.678 Thread 0x000000002ac93000 Uncommon trap: reason=unstable_if action=reinterpret pc=0x0000000003b1516c method=net.sourceforge.jtds.jdbc.JtdsStatement.close()V @ 9
Event: 74.679 Thread 0x000000002ac93000 Uncommon trap: reason=unstable_if action=reinterpret pc=0x0000000003795868 method=java.lang.ref.ReferenceQueue.reallyPoll()Ljava/lang/ref/Reference; @ 15
Event: 74.679 Thread 0x0000000003097000 Uncommon trap: reason=unstable_if action=reinterpret pc=0x0000000003790428 method=java.lang.ref.ReferenceQueue.enqueue(Ljava/lang/ref/Reference;)Z @ 61
Event: 74.679 Thread 0x000000002ac93000 Uncommon trap: reason=unstable_if action=reinterpret pc=0x000000000379823c method=java.lang.ref.ReferenceQueue.reallyPoll()Ljava/lang/ref/Reference; @ 15
Event: 74.679 Thread 0x000000002ac93000 Uncommon trap: reason=unstable_if action=reinterpret pc=0x00000000037a0dec method=java.lang.ref.ReferenceQueue.reallyPoll()Ljava/lang/ref/Reference; @ 15
Event: 84.232 Thread 0x000000002ac93000 Uncommon trap: reason=unstable_if action=reinterpret pc=0x0000000003798b50 method=java.lang.ref.Finalizer.remove()V @ 10
Event: 84.233 Thread 0x000000002ac93000 Uncommon trap: reason=unstable_if action=reinterpret pc=0x0000000003799678 method=java.lang.ref.Finalizer.remove()V @ 10
Event: 84.233 Thread 0x000000002ac93000 Uncommon trap: reason=unstable_if action=reinterpret pc=0x0000000003797c74 method=java.lang.ref.Finalizer.remove()V @ 10

Internal exceptions (10 events):
Event: 1.229 Thread 0x00000000016cd800 Exception <a 'java/lang/ArrayIndexOutOfBoundsException'> (0x00000006f344a810) thrown at [C:\re\workspace\8-2-build-windows-amd64-cygwin\jdk8u102\7268\hotspot\src\share\vm\runtime\sharedRuntime.cpp, line 605]
Event: 1.229 Thread 0x00000000016cd800 Exception <a 'java/lang/ArrayIndexOutOfBoundsException'> (0x00000006f344c308) thrown at [C:\re\workspace\8-2-build-windows-amd64-cygwin\jdk8u102\7268\hotspot\src\share\vm\runtime\sharedRuntime.cpp, line 605]
Event: 1.229 Thread 0x00000000016cd800 Exception <a 'java/lang/ArrayIndexOutOfBoundsException'> (0x00000006f344f8a0) thrown at [C:\re\workspace\8-2-build-windows-amd64-cygwin\jdk8u102\7268\hotspot\src\share\vm\runtime\sharedRuntime.cpp, line 605]
Event: 1.229 Thread 0x00000000016cd800 Exception <a 'java/lang/ArrayIndexOutOfBoundsException'> (0x00000006f3454160) thrown at [C:\re\workspace\8-2-build-windows-amd64-cygwin\jdk8u102\7268\hotspot\src\share\vm\runtime\sharedRuntime.cpp, line 605]
Event: 1.229 Thread 0x00000000016cd800 Exception <a 'java/lang/ArrayIndexOutOfBoundsException'> (0x00000006f34582f0) thrown at [C:\re\workspace\8-2-build-windows-amd64-cygwin\jdk8u102\7268\hotspot\src\share\vm\runtime\sharedRuntime.cpp, line 605]
Event: 58.279 Thread 0x000000002ee4b800 Exception <a 'java/lang/ClassNotFoundException': org/pasa/sispasaint/jobs/VliJobBeanInfo> (0x00000006f44f6e08) thrown at [C:\re\workspace\8-2-build-windows-amd64-cygwin\jdk8u102\7268\hotspot\src\share\vm\classfile\systemDictionary.cpp, line 210]
Event: 58.279 Thread 0x000000002ee4b800 Exception <a 'java/lang/ClassNotFoundException': java/lang/ObjectBeanInfo> (0x00000006f44f8fb8) thrown at [C:\re\workspace\8-2-build-windows-amd64-cygwin\jdk8u102\7268\hotspot\src\share\vm\classfile\systemDictionary.cpp, line 210]
Event: 58.279 Thread 0x000000002ee4b800 Exception <a 'java/lang/ClassNotFoundException': java/lang/ObjectCustomizer> (0x00000006f44fb150) thrown at [C:\re\workspace\8-2-build-windows-amd64-cygwin\jdk8u102\7268\hotspot\src\share\vm\classfile\systemDictionary.cpp, line 210]
Event: 58.280 Thread 0x000000002ee4b800 Exception <a 'java/lang/ClassNotFoundException': org/pasa/sispasaint/jobs/VliJobCustomizer> (0x00000006f4503d58) thrown at [C:\re\workspace\8-2-build-windows-amd64-cygwin\jdk8u102\7268\hotspot\src\share\vm\classfile\systemDictionary.cpp, line 210]
Event: 58.281 Thread 0x000000002ee4b800 Exception <a 'java/lang/ArrayIndexOutOfBoundsException'> (0x00000006f4506a50) thrown at [C:\re\workspace\8-2-build-windows-amd64-cygwin\jdk8u102\7268\hotspot\src\share\vm\runtime\sharedRuntime.cpp, line 605]

Events (10 events):
Event: 121.079 Executing VM operation: ParallelGCFailedAllocation
Event: 121.085 Executing VM operation: ParallelGCFailedAllocation done
Event: 132.741 Executing VM operation: ParallelGCFailedAllocation
Event: 132.747 Executing VM operation: ParallelGCFailedAllocation done
Event: 145.431 Executing VM operation: ParallelGCFailedAllocation
Event: 145.439 Executing VM operation: ParallelGCFailedAllocation done
Event: 156.454 Executing VM operation: ParallelGCFailedAllocation
Event: 156.461 Executing VM operation: ParallelGCFailedAllocation done
Event: 165.950 Executing VM operation: ParallelGCFailedAllocation
Event: 165.956 Executing VM operation: ParallelGCFailedAllocation done


Dynamic libraries:
0x00007ff7ca520000 - 0x00007ff7ca557000 	C:\Program Files\Java\jdk1.8.0_102\bin\java.exe
0x00007ff928990000 - 0x00007ff928b61000 	C:\WINDOWS\SYSTEM32\ntdll.dll
0x00007ff928750000 - 0x00007ff9287fb000 	C:\WINDOWS\System32\KERNEL32.DLL
0x00007ff925870000 - 0x00007ff925a8d000 	C:\WINDOWS\System32\KERNELBASE.dll
0x00007ff927ee0000 - 0x00007ff927f82000 	C:\WINDOWS\System32\ADVAPI32.dll
0x00007ff927f90000 - 0x00007ff92802e000 	C:\WINDOWS\System32\msvcrt.dll
0x00007ff925f20000 - 0x00007ff925f79000 	C:\WINDOWS\System32\sechost.dll
0x00007ff928800000 - 0x00007ff928921000 	C:\WINDOWS\System32\RPCRT4.dll
0x00007ff928570000 - 0x00007ff9286d5000 	C:\WINDOWS\System32\USER32.dll
0x00007ff925c60000 - 0x00007ff925c7e000 	C:\WINDOWS\System32\win32u.dll
0x00007ff925ff0000 - 0x00007ff926024000 	C:\WINDOWS\System32\GDI32.dll
0x00007ff925d30000 - 0x00007ff925eb2000 	C:\WINDOWS\System32\gdi32full.dll
0x00007ff90ca80000 - 0x00007ff90ccf9000 	C:\WINDOWS\WinSxS\amd64_microsoft.windows.common-controls_6595b64144ccf1df_6.0.14393.447_none_42191651c6827bb3\COMCTL32.dll
0x00007ff928190000 - 0x00007ff928457000 	C:\WINDOWS\System32\combase.dll
0x00007ff925770000 - 0x00007ff925865000 	C:\WINDOWS\System32\ucrtbase.dll
0x00007ff925700000 - 0x00007ff92576a000 	C:\WINDOWS\System32\bcryptPrimitives.dll
0x00007ff9261f0000 - 0x00007ff92621e000 	C:\WINDOWS\System32\IMM32.DLL
0x0000000071590000 - 0x0000000071661000 	C:\Program Files\Java\jdk1.8.0_102\jre\bin\msvcr100.dll
0x0000000071670000 - 0x0000000071f0a000 	C:\Program Files\Java\jdk1.8.0_102\jre\bin\server\jvm.dll
0x00007ff9261e0000 - 0x00007ff9261e8000 	C:\WINDOWS\System32\PSAPI.DLL
0x00007ff91cdc0000 - 0x00007ff91cdc9000 	C:\WINDOWS\SYSTEM32\WSOCK32.dll
0x00007ff923250000 - 0x00007ff92325a000 	C:\WINDOWS\SYSTEM32\VERSION.dll
0x00007ff922500000 - 0x00007ff922523000 	C:\WINDOWS\SYSTEM32\WINMM.dll
0x00007ff9286e0000 - 0x00007ff92874a000 	C:\WINDOWS\System32\WS2_32.dll
0x0000000001610000 - 0x000000000163b000 	C:\WINDOWS\SYSTEM32\WINMMBASE.dll
0x00007ff9256b0000 - 0x00007ff9256f2000 	C:\WINDOWS\System32\cfgmgr32.dll
0x0000000071540000 - 0x000000007154f000 	C:\Program Files\Java\jdk1.8.0_102\jre\bin\verify.dll
0x0000000071510000 - 0x0000000071539000 	C:\Program Files\Java\jdk1.8.0_102\jre\bin\java.dll
0x00000000714f0000 - 0x0000000071506000 	C:\Program Files\Java\jdk1.8.0_102\jre\bin\zip.dll
0x00007ff926890000 - 0x00007ff927d99000 	C:\WINDOWS\System32\SHELL32.dll
0x00007ff924e80000 - 0x00007ff92555a000 	C:\WINDOWS\System32\windows.storage.dll
0x00007ff924e30000 - 0x00007ff924e7c000 	C:\WINDOWS\System32\powrprof.dll
0x00007ff927dc0000 - 0x00007ff927e12000 	C:\WINDOWS\System32\shlwapi.dll
0x00007ff924e10000 - 0x00007ff924e1f000 	C:\WINDOWS\System32\kernel.appcore.dll
0x00007ff925600000 - 0x00007ff9256a9000 	C:\WINDOWS\System32\shcore.dll
0x00007ff924df0000 - 0x00007ff924e04000 	C:\WINDOWS\System32\profapi.dll
0x0000000071200000 - 0x0000000071224000 	C:\Program Files\Java\jdk1.8.0_102\jre\bin\sunec.dll
0x00000000714d0000 - 0x00000000714ea000 	C:\Program Files\Java\jdk1.8.0_102\jre\bin\net.dll
0x00007ff9242f0000 - 0x00007ff92434c000 	C:\WINDOWS\system32\mswsock.dll
0x00007ff924080000 - 0x00007ff9240b8000 	C:\WINDOWS\SYSTEM32\IPHLPAPI.DLL
0x00007ff925fe0000 - 0x00007ff925fe8000 	C:\WINDOWS\System32\NSI.dll
0x00007ff9204f0000 - 0x00007ff920506000 	C:\WINDOWS\SYSTEM32\dhcpcsvc6.DLL
0x00007ff9204d0000 - 0x00007ff9204ea000 	C:\WINDOWS\SYSTEM32\dhcpcsvc.DLL
0x00000000714b0000 - 0x00000000714c1000 	C:\Program Files\Java\jdk1.8.0_102\jre\bin\nio.dll
0x00007ff91e9a0000 - 0x00007ff91e9b6000 	C:\WINDOWS\system32\napinsp.dll
0x00007ff91e9c0000 - 0x00007ff91e9da000 	C:\WINDOWS\system32\pnrpnsp.dll
0x00007ff922170000 - 0x00007ff922188000 	C:\WINDOWS\system32\NLAapi.dll
0x00007ff9240d0000 - 0x00007ff924170000 	C:\WINDOWS\SYSTEM32\DNSAPI.dll
0x00007ff91e9e0000 - 0x00007ff91e9ee000 	C:\WINDOWS\System32\winrnr.dll
0x00007ff91ec30000 - 0x00007ff91ec3a000 	C:\Windows\System32\rasadhlp.dll
0x00007ff91ee70000 - 0x00007ff91eeda000 	C:\WINDOWS\System32\fwpuclnt.dll
0x00007ff924d30000 - 0x00007ff924d5b000 	C:\WINDOWS\SYSTEM32\bcrypt.dll
0x00007ff924a70000 - 0x00007ff924c02000 	C:\WINDOWS\SYSTEM32\dbghelp.dll

VM Arguments:
jvm_args: -Dfile.encoding=UTF-8 -Xmx10g -Xms5g 
java_command: org.pasa.sispasaint.run.Inicio
java_class_path (initial): C:\Program Files\NetBeans 8.2\java\modules\ext\eclipselink\eclipselink.jar;C:\Program Files\NetBeans 8.2\java\modules\ext\eclipselink\javax.persistence_2.1.0.v201304241213.jar;C:\Program Files\NetBeans 8.2\java\modules\ext\eclipselink\org.eclipse.persistence.jpa.jpql_2.5.2.v20140319-9ad6abd.jar;C:\Users\90j00318\Documents\Java_Lib\jtds-1.3.1.jar;C:\Users\90j00318\Downloads\quartz-2.2.3\lib\c3p0-0.9.1.1.jar;C:\Users\90j00318\Downloads\quartz-2.2.3\lib\log4j-1.2.16.jar;C:\Users\90j00318\Downloads\quartz-2.2.3\lib\quartz-2.2.3.jar;C:\Users\90j00318\Downloads\quartz-2.2.3\lib\quartz-jobs-2.2.3.jar;C:\Users\90j00318\Downloads\quartz-2.2.3\lib\slf4j-api-1.7.7.jar;C:\Users\90j00318\Downloads\quartz-2.2.3\lib\slf4j-log4j12-1.7.7.jar;C:\Users\90j00318\Downloads\commons-codec-1.10.jar;C:\Users\90j00318\Documents\Java_Lib\commons-email-1.4.jar;C:\Users\90j00318\Documents\NetBeansProjects\SisPasaInt\build\classes
Launcher Type: SUN_STANDARD

Environment Variables:
PATH=C:\ProgramData\Oracle\Java\javapath;C:\WINDOWS\system32;C:\WINDOWS;C:\WINDOWS\System32\Wbem;C:\WINDOWS\System32\WindowsPowerShell\v1.0\;C:\Program Files (x86)\ATI Technologies\ATI.ACE\Core-Static;C:\Program Files\Microsoft SQL Server\Client SDK\ODBC\110\Tools\Binn\;C:\Program Files (x86)\Microsoft SQL Server\120\Tools\Binn\ManagementStudio\;C:\Program Files (x86)\Microsoft SQL Server\120\Tools\Binn\;C:\Program Files\Microsoft SQL Server\120\Tools\Binn\;C:\Program Files (x86)\Microsoft SQL Server\120\DTS\Binn\;C:\Program Files\Microsoft SQL Server\120\DTS\Binn\;C:\Program Files (x86)\Skype\Phone\;C:\Users\90j00318\AppData\Local\Microsoft\WindowsApps;
USERNAME=90J00318
OS=Windows_NT
PROCESSOR_IDENTIFIER=Intel64 Family 6 Model 94 Stepping 3, GenuineIntel



---------------  S Y S T E M  ---------------

OS: Windows 10.0 , 64 bit Build 14393 (10.0.14393.0)

CPU:total 8 (4 cores per cpu, 2 threads per core) family 6 model 94 stepping 3, cmov, cx8, fxsr, mmx, sse, sse2, sse3, ssse3, sse4.1, sse4.2, popcnt, avx, avx2, aes, clmul, erms, rtm, 3dnowpref, lzcnt, ht, tsc, tscinvbit, bmi1, bmi2, adx

Memory: 4k page, physical 16654828k(9554096k free), swap 21635564k(10093452k free)

vm_info: Java HotSpot(TM) 64-Bit Server VM (25.102-b14) for windows-amd64 JRE (1.8.0_102-b14), built on Jun 22 2016 13:15:21 by "java_re" with MS VC++ 10.0 (VS2010)

time: Thu Dec 01 16:51:53 2016
elapsed time: 172 seconds (0d 0h 2m 52s)

