#
# A fatal error has been detected by the Java Runtime Environment:
#
#  EXCEPTION_ACCESS_VIOLATION (0xc0000005) at pc=0x00000000038cc399, pid=11328, tid=0x0000000000002ce4
#
# JRE version: Java(TM) SE Runtime Environment (8.0_102-b14) (build 1.8.0_102-b14)
# Java VM: Java HotSpot(TM) 64-Bit Server VM (25.102-b14 mixed mode windows-amd64 compressed oops)
# Problematic frame:
# J 2595 C2 org.eclipse.persistence.internal.sessions.UnitOfWorkImpl.calculateChanges(Ljava/util/Map;Lorg/eclipse/persistence/internal/sessions/UnitOfWorkChangeSet;ZZ)Lorg/eclipse/persistence/internal/sessions/UnitOfWorkChangeSet; (934 bytes) @ 0x00000000038cc399 [0x00000000038cbe60+0x539]
#
# Failed to write core dump. Minidumps are not enabled by default on client versions of Windows
#
# If you would like to submit a bug report, please visit:
#   http://bugreport.java.com/bugreport/crash.jsp
#

---------------  T H R E A D  ---------------

Current thread (0x000000002a5ef800):  JavaThread "DefaultQuartzScheduler_Worker-1" [_thread_in_Java, id=11492, stack(0x000000002b2e0000,0x000000002b3e0000)]

siginfo: ExceptionCode=0xc0000005, reading address 0x0000000000008008

Registers:
RAX=0x0000000000000000, RBX=0x0000000000002506, RCX=0x00000000ee371a32, RDX=0x0000000000001000
RSP=0x000000002b3def00, RBP=0x0000000779950010, RSI=0x0000000771c37cf0, RDI=0x0000000000008000
R8 =0x0000000000001000, R9 =0x0000000000004244, R10=0x0000000771bad1b0, R11=0x0000000771b8d190
R12=0x0000000000000000, R13=0x0000000771c74c20, R14=0x00000005c4181818, R15=0x000000002a5ef800
RIP=0x00000000038cc399, EFLAGS=0x0000000000010217

Top of Stack: (sp=0x000000002b3def00)
0x000000002b3def00:   00000005c0156860 0000000100000001
0x000000002b3def10:   00000005c0156860 00000007c023e250
0x000000002b3def20:   0000000771bad1b0 00000005c4181818
0x000000002b3def30:   b802ad0cee371a00 ee371a05c4904348
0x000000002b3def40:   0000000000000040 0000000771b8d138
0x000000002b3def50:   00000005c4904348 00000005c01aae00
0x000000002b3def60:   00000005c21f57d8 b802ad0c71b8cd08
0x000000002b3def70:   00008000b8830303 00000007ef32a002
0x000000002b3def80:   00000007c01703f0 000000002b3deff0
0x000000002b3def90:   0000000000000000 00000007c022fa00
0x000000002b3defa0:   000000002b3df030 0000000771b8c948
0x000000002b3defb0:   0000000771bad1d8 0000000771bad310
0x000000002b3defc0:   00000007c01703f0 00000007c001bd10
0x000000002b3defd0:   0000000771b8d000 000000002b3df030
0x000000002b3defe0:   00000005c22938b8 000000000324ee34
0x000000002b3deff0:   00000005c4904348 00000005c4904348 

Instructions: (pc=0x00000000038cc399)
0x00000000038cc379:   0c 45 3b cb 0f 83 f2 16 00 00 4d 8d 1c cc 47 8b
0x00000000038cc389:   44 8b 10 41 81 f8 4c db 08 b8 0f 84 28 1a 00 00
0x00000000038cc399:   43 8b 54 c4 08 4c 8b 4c 24 60 41 8b 49 28 45 0f
0x00000000038cc3a9:   b6 5c cc 13 45 85 db 0f 85 23 1a 00 00 45 8b 59 


Register to memory mapping:

RAX=0x0000000000000000 is an unknown value
RBX=0x0000000000002506 is an unknown value
RCX=0x00000000ee371a32 is an unknown value
RDX=0x0000000000001000 is an unknown value
RSP=0x000000002b3def00 is pointing into the stack for thread: 0x000000002a5ef800
RBP=0x0000000779950010 is an oop
[Ljava.lang.Object; 
 - klass: 'java/lang/Object'[]
 - length: 32768
RSI=0x0000000771c37cf0 is an oop
[Ljava.lang.Object; 
 - klass: 'java/lang/Object'[]
 - length: 16384
RDI=0x0000000000008000 is an unknown value
R8 =0x0000000000001000 is an unknown value
R9 =0x0000000000004244 is an unknown value
R10=0x0000000771bad1b0 is an oop
java.util.IdentityHashMap$KeyIterator 
 - klass: 'java/util/IdentityHashMap$KeyIterator'
R11=0x0000000771b8d190 is an oop
[Ljava.lang.Object; 
 - klass: 'java/lang/Object'[]
 - length: 32768
R12=0x0000000000000000 is an unknown value
R13=0x0000000771c74c20 is an oop
org.eclipse.persistence.internal.sessions.ObjectChangeSet 
 - klass: 'org/eclipse/persistence/internal/sessions/ObjectChangeSet'
R14=0x00000005c4181818 is an oop
org.pasa.sispasaint.model.intg.ModeloBenVLI 
 - klass: 'org/pasa/sispasaint/model/intg/ModeloBenVLI'
R15=0x000000002a5ef800 is a thread


Stack: [0x000000002b2e0000,0x000000002b3e0000],  sp=0x000000002b3def00,  free space=1019k
Native frames: (J=compiled Java code, j=interpreted, Vv=VM code, C=native code)
C  0x00000000038cc399


---------------  P R O C E S S  ---------------

Java Threads: ( => current thread )
  0x000000002a4d9000 JavaThread "DestroyJavaVM" [_thread_blocked, id=2536, stack(0x0000000002d80000,0x0000000002e80000)]
  0x00000000295c7000 JavaThread "DefaultQuartzScheduler_QuartzSchedulerThread" [_thread_blocked, id=8816, stack(0x000000002bde0000,0x000000002bee0000)]
  0x00000000293b4000 JavaThread "DefaultQuartzScheduler_Worker-10" [_thread_blocked, id=11096, stack(0x000000002bce0000,0x000000002bde0000)]
  0x00000000295c6800 JavaThread "DefaultQuartzScheduler_Worker-9" [_thread_blocked, id=5856, stack(0x000000002bae0000,0x000000002bbe0000)]
  0x000000002a266800 JavaThread "DefaultQuartzScheduler_Worker-8" [_thread_blocked, id=5148, stack(0x000000002b9e0000,0x000000002bae0000)]
  0x000000002a266000 JavaThread "DefaultQuartzScheduler_Worker-7" [_thread_blocked, id=8428, stack(0x000000002b8e0000,0x000000002b9e0000)]
  0x00000000295bb800 JavaThread "DefaultQuartzScheduler_Worker-6" [_thread_blocked, id=10712, stack(0x000000002b7e0000,0x000000002b8e0000)]
  0x000000002a201000 JavaThread "DefaultQuartzScheduler_Worker-5" [_thread_blocked, id=6956, stack(0x000000002b6e0000,0x000000002b7e0000)]
  0x000000002a47d800 JavaThread "DefaultQuartzScheduler_Worker-4" [_thread_blocked, id=7804, stack(0x000000002b5e0000,0x000000002b6e0000)]
  0x000000002a200800 JavaThread "DefaultQuartzScheduler_Worker-3" [_thread_blocked, id=8572, stack(0x000000002b4e0000,0x000000002b5e0000)]
  0x000000002a4fa000 JavaThread "DefaultQuartzScheduler_Worker-2" [_thread_blocked, id=3500, stack(0x000000002b3e0000,0x000000002b4e0000)]
=>0x000000002a5ef800 JavaThread "DefaultQuartzScheduler_Worker-1" [_thread_in_Java, id=11492, stack(0x000000002b2e0000,0x000000002b3e0000)]
  0x000000002809e800 JavaThread "Service Thread" daemon [_thread_blocked, id=13236, stack(0x0000000028bd0000,0x0000000028cd0000)]
  0x0000000028009800 JavaThread "C1 CompilerThread3" daemon [_thread_blocked, id=1028, stack(0x0000000028ad0000,0x0000000028bd0000)]
  0x0000000028005800 JavaThread "C2 CompilerThread2" daemon [_thread_blocked, id=1212, stack(0x00000000289d0000,0x0000000028ad0000)]
  0x0000000027fff000 JavaThread "C2 CompilerThread1" daemon [_thread_blocked, id=11300, stack(0x00000000288d0000,0x00000000289d0000)]
  0x0000000027ff7800 JavaThread "C2 CompilerThread0" daemon [_thread_blocked, id=5368, stack(0x00000000287d0000,0x00000000288d0000)]
  0x0000000027ff6000 JavaThread "Attach Listener" daemon [_thread_blocked, id=8068, stack(0x00000000286d0000,0x00000000287d0000)]
  0x000000002610e000 JavaThread "Signal Dispatcher" daemon [_thread_blocked, id=9008, stack(0x00000000285d0000,0x00000000286d0000)]
  0x00000000260fd000 JavaThread "Finalizer" daemon [_thread_blocked, id=7680, stack(0x00000000283d0000,0x00000000284d0000)]
  0x0000000002fe5000 JavaThread "Reference Handler" daemon [_thread_blocked, id=10540, stack(0x0000000027ed0000,0x0000000027fd0000)]

Other Threads:
  0x00000000260f8800 VMThread [stack: 0x0000000027dd0000,0x0000000027ed0000] [id=5996]
  0x00000000280b3800 WatcherThread [stack: 0x0000000028cd0000,0x0000000028dd0000] [id=5552]

VM state:not at safepoint (normal execution)

VM Mutex/Monitor currently owned by a thread: None

Heap:
 PSYoungGen      total 1648640K, used 1538017K [0x0000000715580000, 0x0000000780000000, 0x00000007c0000000)
  eden space 1641984K, 93% used [0x0000000715580000,0x0000000772d40768,0x0000000779900000)
  from space 6656K, 95% used [0x0000000779900000,0x0000000779f38070,0x0000000779f80000)
  to   space 59904K, 0% used [0x000000077c580000,0x000000077c580000,0x0000000780000000)
 ParOldGen       total 3495424K, used 77710K [0x00000005c0000000, 0x0000000695580000, 0x0000000715580000)
  object space 3495424K, 2% used [0x00000005c0000000,0x00000005c4be3a00,0x0000000695580000)
 Metaspace       used 23764K, capacity 23984K, committed 24064K, reserved 1071104K
  class space    used 2687K, capacity 2790K, committed 2816K, reserved 1048576K

Card table byte_map: [0x00000000123b0000,0x00000000133c0000] byte_map_base: 0x000000000f5b0000

Marking Bits: (ParMarkBitMap*) 0x000000005a7fa6c0
 Begin Bits: [0x0000000014670000, 0x000000001c670000)
 End Bits:   [0x000000001c670000, 0x0000000024670000)

Polling page: 0x0000000001060000

CodeCache: size=245760Kb used=10699Kb max_used=10852Kb free=235060Kb
 bounds [0x0000000002ff0000, 0x0000000003aa0000, 0x0000000011ff0000]
 total_blobs=3301 nmethods=2893 adapters=320
 compilation: enabled

Compilation events (10 events):
Event: 146.565 Thread 0x0000000027fff000 3007   !   4       org.eclipse.persistence.internal.identitymaps.IdentityMapManager::putInIdentityMap (115 bytes)
Event: 146.579 Thread 0x0000000027fff000 nmethod 3007 0x000000000323dc90 code [0x000000000323de80, 0x000000000323ec00]
Event: 146.579 Thread 0x0000000027fff000 3008       4       org.eclipse.persistence.internal.identitymaps.FullIdentityMap::put (43 bytes)
Event: 146.581 Thread 0x0000000028005800 nmethod 3006 0x00000000039e6350 code [0x00000000039e6560, 0x00000000039e7460]
Event: 146.588 Thread 0x0000000027fff000 nmethod 3008 0x000000000329b4d0 code [0x000000000329b6a0, 0x000000000329c100]
Event: 146.607 Thread 0x0000000027ff7800 nmethod 3003 0x0000000003a8f510 code [0x0000000003a8f880, 0x0000000003a91a38]
Event: 151.624 Thread 0x0000000028005800 3009       4       org.eclipse.persistence.internal.queries.DatabaseQueryMechanism::getModifyRow (23 bytes)
Event: 151.625 Thread 0x0000000028005800 nmethod 3009 0x0000000003240290 code [0x00000000032403e0, 0x0000000003240498]
Event: 157.312 Thread 0x0000000027fff000 3010       4       org.eclipse.persistence.internal.queries.DatasourceCallQueryMechanism::insertObject (352 bytes)
Event: 157.333 Thread 0x0000000027fff000 nmethod 3010 0x0000000003a6d590 code [0x0000000003a6d7c0, 0x0000000003a6e4c8]

GC Heap History (10 events):
Event: 130.373 GC heap before
{Heap before GC invocations=4 (full 1):
 PSYoungGen      total 1529344K, used 1357057K [0x0000000715580000, 0x0000000780000000, 0x00000007c0000000)
  eden space 1311232K, 100% used [0x0000000715580000,0x0000000765600000,0x0000000765600000)
  from space 218112K, 21% used [0x0000000772b00000,0x00000007757c0418,0x0000000780000000)
  to   space 218112K, 0% used [0x0000000765600000,0x0000000765600000,0x0000000772b00000)
 ParOldGen       total 3495424K, used 34693K [0x00000005c0000000, 0x0000000695580000, 0x0000000715580000)
  object space 3495424K, 0% used [0x00000005c0000000,0x00000005c21e1648,0x0000000695580000)
 Metaspace       used 23764K, capacity 23984K, committed 24064K, reserved 1071104K
  class space    used 2687K, capacity 2790K, committed 2816K, reserved 1048576K
Event: 130.390 GC heap after
Heap after GC invocations=4 (full 1):
 PSYoungGen      total 1529344K, used 45495K [0x0000000715580000, 0x0000000780000000, 0x00000007c0000000)
  eden space 1311232K, 0% used [0x0000000715580000,0x0000000715580000,0x0000000765600000)
  from space 218112K, 20% used [0x0000000765600000,0x000000076826dc28,0x0000000772b00000)
  to   space 218112K, 0% used [0x0000000772b00000,0x0000000772b00000,0x0000000780000000)
 ParOldGen       total 3495424K, used 34701K [0x00000005c0000000, 0x0000000695580000, 0x0000000715580000)
  object space 3495424K, 0% used [0x00000005c0000000,0x00000005c21e3648,0x0000000695580000)
 Metaspace       used 23764K, capacity 23984K, committed 24064K, reserved 1071104K
  class space    used 2687K, capacity 2790K, committed 2816K, reserved 1048576K
}
Event: 139.255 GC heap before
{Heap before GC invocations=5 (full 1):
 PSYoungGen      total 1529344K, used 1356727K [0x0000000715580000, 0x0000000780000000, 0x00000007c0000000)
  eden space 1311232K, 100% used [0x0000000715580000,0x0000000765600000,0x0000000765600000)
  from space 218112K, 20% used [0x0000000765600000,0x000000076826dc28,0x0000000772b00000)
  to   space 218112K, 0% used [0x0000000772b00000,0x0000000772b00000,0x0000000780000000)
 ParOldGen       total 3495424K, used 34701K [0x00000005c0000000, 0x0000000695580000, 0x0000000715580000)
  object space 3495424K, 0% used [0x00000005c0000000,0x00000005c21e3648,0x0000000695580000)
 Metaspace       used 23764K, capacity 23984K, committed 24064K, reserved 1071104K
  class space    used 2687K, capacity 2790K, committed 2816K, reserved 1048576K
Event: 139.272 GC heap after
Heap after GC invocations=5 (full 1):
 PSYoungGen      total 1529344K, used 46263K [0x0000000715580000, 0x0000000780000000, 0x00000007c0000000)
  eden space 1311232K, 0% used [0x0000000715580000,0x0000000715580000,0x0000000765600000)
  from space 218112K, 21% used [0x0000000772b00000,0x000000077582dc28,0x0000000780000000)
  to   space 218112K, 0% used [0x0000000765600000,0x0000000765600000,0x0000000772b00000)
 ParOldGen       total 3495424K, used 34701K [0x00000005c0000000, 0x0000000695580000, 0x0000000715580000)
  object space 3495424K, 0% used [0x00000005c0000000,0x00000005c21e3648,0x0000000695580000)
 Metaspace       used 23764K, capacity 23984K, committed 24064K, reserved 1071104K
  class space    used 2687K, capacity 2790K, committed 2816K, reserved 1048576K
}
Event: 147.393 GC heap before
{Heap before GC invocations=6 (full 1):
 PSYoungGen      total 1529344K, used 1357495K [0x0000000715580000, 0x0000000780000000, 0x00000007c0000000)
  eden space 1311232K, 100% used [0x0000000715580000,0x0000000765600000,0x0000000765600000)
  from space 218112K, 21% used [0x0000000772b00000,0x000000077582dc28,0x0000000780000000)
  to   space 218112K, 0% used [0x0000000765600000,0x0000000765600000,0x0000000772b00000)
 ParOldGen       total 3495424K, used 34701K [0x00000005c0000000, 0x0000000695580000, 0x0000000715580000)
  object space 3495424K, 0% used [0x00000005c0000000,0x00000005c21e3648,0x0000000695580000)
 Metaspace       used 23764K, capacity 23984K, committed 24064K, reserved 1071104K
  class space    used 2687K, capacity 2790K, committed 2816K, reserved 1048576K
Event: 147.411 GC heap after
Heap after GC invocations=6 (full 1):
 PSYoungGen      total 1529344K, used 46454K [0x0000000715580000, 0x0000000780000000, 0x00000007c0000000)
  eden space 1311232K, 0% used [0x0000000715580000,0x0000000715580000,0x0000000765600000)
  from space 218112K, 21% used [0x0000000765600000,0x000000076835dbe8,0x0000000772b00000)
  to   space 52224K, 0% used [0x000000077cd00000,0x000000077cd00000,0x0000000780000000)
 ParOldGen       total 3495424K, used 34701K [0x00000005c0000000, 0x0000000695580000, 0x0000000715580000)
  object space 3495424K, 0% used [0x00000005c0000000,0x00000005c21e3648,0x0000000695580000)
 Metaspace       used 23764K, capacity 23984K, committed 24064K, reserved 1071104K
  class space    used 2687K, capacity 2790K, committed 2816K, reserved 1048576K
}
Event: 156.126 GC heap before
{Heap before GC invocations=7 (full 1):
 PSYoungGen      total 1529344K, used 1357686K [0x0000000715580000, 0x0000000780000000, 0x00000007c0000000)
  eden space 1311232K, 100% used [0x0000000715580000,0x0000000765600000,0x0000000765600000)
  from space 218112K, 21% used [0x0000000765600000,0x000000076835dbe8,0x0000000772b00000)
  to   space 52224K, 0% used [0x000000077cd00000,0x000000077cd00000,0x0000000780000000)
 ParOldGen       total 3495424K, used 34701K [0x00000005c0000000, 0x0000000695580000, 0x0000000715580000)
  object space 3495424K, 0% used [0x00000005c0000000,0x00000005c21e3648,0x0000000695580000)
 Metaspace       used 23764K, capacity 23984K, committed 24064K, reserved 1071104K
  class space    used 2687K, capacity 2790K, committed 2816K, reserved 1048576K
Event: 156.149 GC heap after
Heap after GC invocations=7 (full 1):
 PSYoungGen      total 1694208K, used 47415K [0x0000000715580000, 0x0000000780000000, 0x00000007c0000000)
  eden space 1641984K, 0% used [0x0000000715580000,0x0000000715580000,0x0000000779900000)
  from space 52224K, 90% used [0x000000077cd00000,0x000000077fb4dc08,0x0000000780000000)
  to   space 52736K, 0% used [0x0000000779900000,0x0000000779900000,0x000000077cc80000)
 ParOldGen       total 3495424K, used 34701K [0x00000005c0000000, 0x0000000695580000, 0x0000000715580000)
  object space 3495424K, 0% used [0x00000005c0000000,0x00000005c21e3648,0x0000000695580000)
 Metaspace       used 23764K, capacity 23984K, committed 24064K, reserved 1071104K
  class space    used 2687K, capacity 2790K, committed 2816K, reserved 1048576K
}
Event: 169.123 GC heap before
{Heap before GC invocations=8 (full 1):
 PSYoungGen      total 1694208K, used 1689399K [0x0000000715580000, 0x0000000780000000, 0x00000007c0000000)
  eden space 1641984K, 100% used [0x0000000715580000,0x0000000779900000,0x0000000779900000)
  from space 52224K, 90% used [0x000000077cd00000,0x000000077fb4dc08,0x0000000780000000)
  to   space 52736K, 0% used [0x0000000779900000,0x0000000779900000,0x000000077cc80000)
 ParOldGen       total 3495424K, used 34701K [0x00000005c0000000, 0x0000000695580000, 0x0000000715580000)
  object space 3495424K, 0% used [0x00000005c0000000,0x00000005c21e3648,0x0000000695580000)
 Metaspace       used 23764K, capacity 23984K, committed 24064K, reserved 1071104K
  class space    used 2687K, capacity 2790K, committed 2816K, reserved 1048576K
Event: 169.151 GC heap after
Heap after GC invocations=8 (full 1):
 PSYoungGen      total 1648640K, used 6368K [0x0000000715580000, 0x0000000780000000, 0x00000007c0000000)
  eden space 1641984K, 0% used [0x0000000715580000,0x0000000715580000,0x0000000779900000)
  from space 6656K, 95% used [0x0000000779900000,0x0000000779f38070,0x0000000779f80000)
  to   space 59904K, 0% used [0x000000077c580000,0x000000077c580000,0x0000000780000000)
 ParOldGen       total 3495424K, used 77710K [0x00000005c0000000, 0x0000000695580000, 0x0000000715580000)
  object space 3495424K, 2% used [0x00000005c0000000,0x00000005c4be3a00,0x0000000695580000)
 Metaspace       used 23764K, capacity 23984K, committed 24064K, reserved 1071104K
  class space    used 2687K, capacity 2790K, committed 2816K, reserved 1048576K
}

Deoptimization events (10 events):
Event: 109.097 Thread 0x000000002a5ef800 Uncommon trap: reason=bimorphic action=maybe_recompile pc=0x0000000003322fa8 method=java.util.regex.Pattern$BmpCharProperty.match(Ljava/util/regex/Matcher;ILjava/lang/CharSequence;)Z @ 16
Event: 109.097 Thread 0x000000002a5ef800 Uncommon trap: reason=bimorphic action=maybe_recompile pc=0x0000000003322fa8 method=java.util.regex.Pattern$BmpCharProperty.match(Ljava/util/regex/Matcher;ILjava/lang/CharSequence;)Z @ 16
Event: 109.097 Thread 0x000000002a5ef800 Uncommon trap: reason=bimorphic action=maybe_recompile pc=0x0000000003322fa8 method=java.util.regex.Pattern$BmpCharProperty.match(Ljava/util/regex/Matcher;ILjava/lang/CharSequence;)Z @ 16
Event: 109.097 Thread 0x000000002a5ef800 Uncommon trap: reason=unstable_if action=reinterpret pc=0x000000000354799c method=java.util.regex.Matcher.replaceAll(Ljava/lang/String;)Ljava/lang/String; @ 11
Event: 109.100 Thread 0x000000002a5ef800 Uncommon trap: reason=unstable_if action=reinterpret pc=0x000000000354d7a4 method=java.util.regex.Pattern$BitClass.isSatisfiedBy(I)Z @ 4
Event: 119.740 Thread 0x000000002a5ef800 Uncommon trap: reason=predicate action=maybe_recompile pc=0x00000000039d4944 method=net.sourceforge.jtds.jdbc.JtdsStatement.processResults(Z)Z @ 20
Event: 121.995 Thread 0x00000000260fd000 Uncommon trap: reason=unstable_if action=reinterpret pc=0x00000000039e056c method=net.sourceforge.jtds.jdbc.JtdsStatement.close()V @ 9
Event: 121.996 Thread 0x00000000260fd000 Uncommon trap: reason=unstable_if action=reinterpret pc=0x000000000352a6d0 method=java.lang.ref.Finalizer.remove()V @ 10
Event: 130.391 Thread 0x00000000260fd000 Uncommon trap: reason=unstable_if action=reinterpret pc=0x00000000035259b8 method=java.lang.ref.Finalizer.remove()V @ 10
Event: 130.391 Thread 0x00000000260fd000 Uncommon trap: reason=unstable_if action=reinterpret pc=0x00000000035251b4 method=java.lang.ref.Finalizer.remove()V @ 10

Internal exceptions (10 events):
Event: 1.293 Thread 0x0000000002ecd800 Exception <a 'java/lang/ArrayIndexOutOfBoundsException'> (0x000000071de050f8) thrown at [C:\re\workspace\8-2-build-windows-amd64-cygwin\jdk8u102\7268\hotspot\src\share\vm\runtime\sharedRuntime.cpp, line 605]
Event: 1.293 Thread 0x0000000002ecd800 Exception <a 'java/lang/ArrayIndexOutOfBoundsException'> (0x000000071de06208) thrown at [C:\re\workspace\8-2-build-windows-amd64-cygwin\jdk8u102\7268\hotspot\src\share\vm\runtime\sharedRuntime.cpp, line 605]
Event: 1.293 Thread 0x0000000002ecd800 Exception <a 'java/lang/ArrayIndexOutOfBoundsException'> (0x000000071de08948) thrown at [C:\re\workspace\8-2-build-windows-amd64-cygwin\jdk8u102\7268\hotspot\src\share\vm\runtime\sharedRuntime.cpp, line 605]
Event: 1.293 Thread 0x0000000002ecd800 Exception <a 'java/lang/ArrayIndexOutOfBoundsException'> (0x000000071de0a1a0) thrown at [C:\re\workspace\8-2-build-windows-amd64-cygwin\jdk8u102\7268\hotspot\src\share\vm\runtime\sharedRuntime.cpp, line 605]
Event: 108.655 Thread 0x00000000295c7000 Exception <a 'java/lang/ClassNotFoundException': org/pasa/sispasaint/jobs/VliJobBeanInfo> (0x0000000720914118) thrown at [C:\re\workspace\8-2-build-windows-amd64-cygwin\jdk8u102\7268\hotspot\src\share\vm\classfile\systemDictionary.cpp, line 210]
Event: 108.656 Thread 0x00000000295c7000 Exception <a 'java/lang/ClassNotFoundException': java/lang/ObjectBeanInfo> (0x00000007209162c8) thrown at [C:\re\workspace\8-2-build-windows-amd64-cygwin\jdk8u102\7268\hotspot\src\share\vm\classfile\systemDictionary.cpp, line 210]
Event: 108.656 Thread 0x00000000295c7000 Exception <a 'java/lang/ClassNotFoundException': java/lang/ObjectCustomizer> (0x0000000720918460) thrown at [C:\re\workspace\8-2-build-windows-amd64-cygwin\jdk8u102\7268\hotspot\src\share\vm\classfile\systemDictionary.cpp, line 210]
Event: 108.658 Thread 0x00000000295c7000 Exception <a 'java/lang/ClassNotFoundException': org/pasa/sispasaint/jobs/VliJobCustomizer> (0x0000000720921068) thrown at [C:\re\workspace\8-2-build-windows-amd64-cygwin\jdk8u102\7268\hotspot\src\share\vm\classfile\systemDictionary.cpp, line 210]
Event: 108.659 Thread 0x00000000295c7000 Exception <a 'java/lang/ArrayIndexOutOfBoundsException'> (0x0000000720923d60) thrown at [C:\re\workspace\8-2-build-windows-amd64-cygwin\jdk8u102\7268\hotspot\src\share\vm\runtime\sharedRuntime.cpp, line 605]
Event: 108.975 Thread 0x00000000260fd000 Implicit null exception at 0x00000000035247d3 to 0x00000000035248bd

Events (10 events):
Event: 157.333 Thread 0x0000000027fff000 flushing nmethod 0x0000000003193790
Event: 157.333 Thread 0x0000000027fff000 flushing nmethod 0x0000000003193f10
Event: 157.333 Thread 0x0000000027fff000 flushing nmethod 0x0000000003196610
Event: 157.333 Thread 0x0000000027fff000 flushing nmethod 0x00000000031a4390
Event: 157.333 Thread 0x0000000027fff000 flushing nmethod 0x00000000031b9350
Event: 157.333 Thread 0x0000000027fff000 flushing nmethod 0x00000000031ba4d0
Event: 157.333 Thread 0x0000000027fff000 flushing nmethod 0x00000000031be010
Event: 157.333 Thread 0x0000000027fff000 flushing nmethod 0x00000000031cb890
Event: 169.123 Executing VM operation: ParallelGCFailedAllocation
Event: 169.151 Executing VM operation: ParallelGCFailedAllocation done


Dynamic libraries:
0x00007ff7674e0000 - 0x00007ff767517000 	C:\Program Files\Java\jdk1.8.0_102\bin\java.exe
0x00007ff8c5f00000 - 0x00007ff8c60d1000 	C:\WINDOWS\SYSTEM32\ntdll.dll
0x00007ff8c47e0000 - 0x00007ff8c488b000 	C:\WINDOWS\System32\KERNEL32.DLL
0x00007ff8c2800000 - 0x00007ff8c2a1d000 	C:\WINDOWS\System32\KERNELBASE.dll
0x00007ff8c3490000 - 0x00007ff8c3532000 	C:\WINDOWS\System32\ADVAPI32.dll
0x00007ff8c43e0000 - 0x00007ff8c447e000 	C:\WINDOWS\System32\msvcrt.dll
0x00007ff8c5ea0000 - 0x00007ff8c5ef9000 	C:\WINDOWS\System32\sechost.dll
0x00007ff8c3a30000 - 0x00007ff8c3b51000 	C:\WINDOWS\System32\RPCRT4.dll
0x00007ff8c3860000 - 0x00007ff8c39c5000 	C:\WINDOWS\System32\USER32.dll
0x00007ff8c2770000 - 0x00007ff8c278e000 	C:\WINDOWS\System32\win32u.dll
0x00007ff8c3540000 - 0x00007ff8c3574000 	C:\WINDOWS\System32\GDI32.dll
0x00007ff8c31b0000 - 0x00007ff8c3332000 	C:\WINDOWS\System32\gdi32full.dll
0x00007ff8b3010000 - 0x00007ff8b3289000 	C:\WINDOWS\WinSxS\amd64_microsoft.windows.common-controls_6595b64144ccf1df_6.0.14393.447_none_42191651c6827bb3\COMCTL32.dll
0x00007ff8c3580000 - 0x00007ff8c3847000 	C:\WINDOWS\System32\combase.dll
0x00007ff8c3340000 - 0x00007ff8c3435000 	C:\WINDOWS\System32\ucrtbase.dll
0x00007ff8c2790000 - 0x00007ff8c27fa000 	C:\WINDOWS\System32\bcryptPrimitives.dll
0x00007ff8c4310000 - 0x00007ff8c433e000 	C:\WINDOWS\System32\IMM32.DLL
0x000000005a880000 - 0x000000005a951000 	C:\Program Files\Java\jdk1.8.0_102\jre\bin\msvcr100.dll
0x0000000059fe0000 - 0x000000005a87a000 	C:\Program Files\Java\jdk1.8.0_102\jre\bin\server\jvm.dll
0x00007ff8c3850000 - 0x00007ff8c3858000 	C:\WINDOWS\System32\PSAPI.DLL
0x00007ff8bf760000 - 0x00007ff8bf783000 	C:\WINDOWS\SYSTEM32\WINMM.dll
0x00007ff8a8b10000 - 0x00007ff8a8b19000 	C:\WINDOWS\SYSTEM32\WSOCK32.dll
0x00007ff8c08b0000 - 0x00007ff8c08ba000 	C:\WINDOWS\SYSTEM32\VERSION.dll
0x00007ff8c3f90000 - 0x00007ff8c3ffa000 	C:\WINDOWS\System32\WS2_32.dll
0x0000000001580000 - 0x00000000015ab000 	C:\WINDOWS\SYSTEM32\WINMMBASE.dll
0x00007ff8c3440000 - 0x00007ff8c3482000 	C:\WINDOWS\System32\cfgmgr32.dll
0x000000005af20000 - 0x000000005af2f000 	C:\Program Files\Java\jdk1.8.0_102\jre\bin\verify.dll
0x000000005aef0000 - 0x000000005af19000 	C:\Program Files\Java\jdk1.8.0_102\jre\bin\java.dll
0x0000000059fc0000 - 0x0000000059fd6000 	C:\Program Files\Java\jdk1.8.0_102\jre\bin\zip.dll
0x00007ff8c48d0000 - 0x00007ff8c5dd9000 	C:\WINDOWS\System32\SHELL32.dll
0x00007ff8c2a20000 - 0x00007ff8c30fa000 	C:\WINDOWS\System32\windows.storage.dll
0x00007ff8c2390000 - 0x00007ff8c23dc000 	C:\WINDOWS\System32\powrprof.dll
0x00007ff8c39d0000 - 0x00007ff8c3a22000 	C:\WINDOWS\System32\shlwapi.dll
0x00007ff8c2380000 - 0x00007ff8c238f000 	C:\WINDOWS\System32\kernel.appcore.dll
0x00007ff8c24f0000 - 0x00007ff8c2599000 	C:\WINDOWS\System32\shcore.dll
0x00007ff8c2360000 - 0x00007ff8c2374000 	C:\WINDOWS\System32\profapi.dll
0x00000000591b0000 - 0x00000000591d4000 	C:\Program Files\Java\jdk1.8.0_102\jre\bin\sunec.dll
0x0000000059fa0000 - 0x0000000059fba000 	C:\Program Files\Java\jdk1.8.0_102\jre\bin\net.dll
0x00007ff8c1860000 - 0x00007ff8c18bc000 	C:\WINDOWS\system32\mswsock.dll
0x00007ff8c15f0000 - 0x00007ff8c1628000 	C:\WINDOWS\SYSTEM32\IPHLPAPI.DLL
0x00007ff8c4890000 - 0x00007ff8c4898000 	C:\WINDOWS\System32\NSI.dll
0x00007ff8bcea0000 - 0x00007ff8bceb6000 	C:\WINDOWS\SYSTEM32\dhcpcsvc6.DLL
0x00007ff8bce80000 - 0x00007ff8bce9a000 	C:\WINDOWS\SYSTEM32\dhcpcsvc.DLL
0x0000000059d90000 - 0x0000000059da1000 	C:\Program Files\Java\jdk1.8.0_102\jre\bin\nio.dll
0x00007ff8bb650000 - 0x00007ff8bb666000 	C:\WINDOWS\system32\napinsp.dll
0x00007ff8bb630000 - 0x00007ff8bb64a000 	C:\WINDOWS\system32\pnrpnsp.dll
0x00007ff8bf540000 - 0x00007ff8bf558000 	C:\WINDOWS\system32\NLAapi.dll
0x00007ff8c1640000 - 0x00007ff8c16e0000 	C:\WINDOWS\SYSTEM32\DNSAPI.dll
0x00007ff8bb670000 - 0x00007ff8bb67e000 	C:\WINDOWS\System32\winrnr.dll
0x00007ff8bbc40000 - 0x00007ff8bbc4a000 	C:\Windows\System32\rasadhlp.dll
0x00007ff8bd7b0000 - 0x00007ff8bd81a000 	C:\WINDOWS\System32\fwpuclnt.dll
0x00007ff8c22a0000 - 0x00007ff8c22cb000 	C:\WINDOWS\SYSTEM32\bcrypt.dll
0x00007ff8c1f90000 - 0x00007ff8c2122000 	C:\WINDOWS\SYSTEM32\dbghelp.dll

VM Arguments:
jvm_args: -Dfile.encoding=UTF-8 -Xmx8g -Xms5g 
java_command: org.pasa.sispasaint.run.Inicio
java_class_path (initial): C:\Program Files\NetBeans 8.2\java\modules\ext\eclipselink\eclipselink.jar;C:\Program Files\NetBeans 8.2\java\modules\ext\eclipselink\javax.persistence_2.1.0.v201304241213.jar;C:\Program Files\NetBeans 8.2\java\modules\ext\eclipselink\org.eclipse.persistence.jpa.jpql_2.5.2.v20140319-9ad6abd.jar;C:\Users\90j00318\Documents\Java_Lib\jtds-1.3.1.jar;C:\Users\90j00318\Downloads\quartz-2.2.3\lib\c3p0-0.9.1.1.jar;C:\Users\90j00318\Downloads\quartz-2.2.3\lib\log4j-1.2.16.jar;C:\Users\90j00318\Downloads\quartz-2.2.3\lib\quartz-2.2.3.jar;C:\Users\90j00318\Downloads\quartz-2.2.3\lib\quartz-jobs-2.2.3.jar;C:\Users\90j00318\Downloads\quartz-2.2.3\lib\slf4j-api-1.7.7.jar;C:\Users\90j00318\Downloads\quartz-2.2.3\lib\slf4j-log4j12-1.7.7.jar;C:\Users\90j00318\Downloads\commons-codec-1.10.jar;C:\Users\90j00318\Documents\Java_Lib\commons-email-1.4.jar;C:\Users\90j00318\Documents\NetBeansProjects\SisPasaInt\build\classes
Launcher Type: SUN_STANDARD

Environment Variables:
PATH=C:\ProgramData\Oracle\Java\javapath;C:\WINDOWS\system32;C:\WINDOWS;C:\WINDOWS\System32\Wbem;C:\WINDOWS\System32\WindowsPowerShell\v1.0\;C:\Program Files (x86)\ATI Technologies\ATI.ACE\Core-Static;C:\Program Files\Microsoft SQL Server\Client SDK\ODBC\110\Tools\Binn\;C:\Program Files (x86)\Microsoft SQL Server\120\Tools\Binn\ManagementStudio\;C:\Program Files (x86)\Microsoft SQL Server\120\Tools\Binn\;C:\Program Files\Microsoft SQL Server\120\Tools\Binn\;C:\Program Files (x86)\Microsoft SQL Server\120\DTS\Binn\;C:\Program Files\Microsoft SQL Server\120\DTS\Binn\;C:\Program Files (x86)\Skype\Phone\;C:\Users\90j00318\AppData\Local\Microsoft\WindowsApps;
USERNAME=90J00318
OS=Windows_NT
PROCESSOR_IDENTIFIER=Intel64 Family 6 Model 94 Stepping 3, GenuineIntel



---------------  S Y S T E M  ---------------

OS: Windows 10.0 , 64 bit Build 14393 (10.0.14393.0)

CPU:total 8 (4 cores per cpu, 2 threads per core) family 6 model 94 stepping 3, cmov, cx8, fxsr, mmx, sse, sse2, sse3, ssse3, sse4.1, sse4.2, popcnt, avx, avx2, aes, clmul, erms, rtm, 3dnowpref, lzcnt, ht, tsc, tscinvbit, bmi1, bmi2, adx

Memory: 4k page, physical 16654828k(8893296k free), swap 19145196k(5660848k free)

vm_info: Java HotSpot(TM) 64-Bit Server VM (25.102-b14) for windows-amd64 JRE (1.8.0_102-b14), built on Jun 22 2016 13:15:21 by "java_re" with MS VC++ 10.0 (VS2010)

time: Wed Dec 07 18:17:13 2016
elapsed time: 181 seconds (0d 0h 3m 1s)

