#
# A fatal error has been detected by the Java Runtime Environment:
#
#  EXCEPTION_ACCESS_VIOLATION (0xc0000005) at pc=0x000000006e8f97d9, pid=3760, tid=0x0000000000001410
#
# JRE version: Java(TM) SE Runtime Environment (8.0_101-b13) (build 1.8.0_101-b13)
# Java VM: Java HotSpot(TM) 64-Bit Server VM (25.101-b13 mixed mode windows-amd64 compressed oops)
# Problematic frame:
# V  [jvm.dll+0x4897d9]
#
# Failed to write core dump. Minidumps are not enabled by default on client versions of Windows
#
# If you would like to submit a bug report, please visit:
#   http://bugreport.java.com/bugreport/crash.jsp
#

---------------  T H R E A D  ---------------

Current thread (0x000000001eccd800):  JavaThread "C2 CompilerThread1" daemon [_thread_in_native, id=5136, stack(0x000000001f5a0000,0x000000001f6a0000)]

siginfo: ExceptionCode=0xc0000005, reading address 0x0000000004000028

Registers:
RAX=0x0000000021440748, RBX=0x0000000000000000, RCX=0x00000000000002d3, RDX=0x0000000000000016
RSP=0x000000001f69bfe0, RBP=0x0000000000000020, RSI=0x0000000004000000, RDI=0x00000000214406e8
R8 =0x0000000000080000, R9 =0x0000000000000000, R10=0x000000000000001f, R11=0x0000000000080000
R12=0x0000000000000004, R13=0x000000001f69c0b8, R14=0x000000001f69c1f0, R15=0x000000001f69c0d8
RIP=0x000000006e8f97d9, EFLAGS=0x0000000000010206

Top of Stack: (sp=0x000000001f69bfe0)
0x000000001f69bfe0:   000000001ecec0d0 0000000000000020
0x000000001f69bff0:   00000000201c1ea8 000000001f69c038
0x000000001f69c000:   00000000212f74f0 0000000021307570
0x000000001f69c010:   00000000212f74f0 000000001ecc9480
0x000000001f69c020:   000000001ef0be50 000000001ecc9480
0x000000001f69c030:   000000001ef0ce20 000000000000086b
0x000000001f69c040:   000000001f69c1f0 000000006e8fb4cf
0x000000001f69c050:   000000001f69c0d9 0000000000000000
0x000000001f69c060:   000000001ef13e38 000000001ffc50d0
0x000000001f69c070:   0000000000000002 0000000020194350
0x000000001f69c080:   0000000000000000 0000000000000000
0x000000001f69c090:   0000000000000000 0000000000000000
0x000000001f69c0a0:   0000000000000000 0000000000000000
0x000000001f69c0b0:   0000000000000000 000000001ecc9480
0x000000001f69c0c0:   0000000000001000 000000001fbeab30
0x000000001f69c0d0:   0000000000000091 000000006eae5a58 

Instructions: (pc=0x000000006e8f97d9)
0x000000006e8f97b9:   1f 84 00 00 00 00 00 48 8b 47 08 41 ff c4 48 83
0x000000006e8f97c9:   c5 08 48 8b 74 28 f8 48 85 f6 0f 84 85 00 00 00
0x000000006e8f97d9:   8b 4e 28 8b c1 c1 e8 05 41 3b 47 10 72 10 49 8b
0x000000006e8f97e9:   07 8b d1 49 8b cf ff 50 18 45 33 db eb 21 83 e1 


Register to memory mapping:

RAX=0x0000000021440748 is an unknown value
RBX=0x0000000000000000 is an unknown value
RCX=0x00000000000002d3 is an unknown value
RDX=0x0000000000000016 is an unknown value
RSP=0x000000001f69bfe0 is pointing into the stack for thread: 0x000000001eccd800
RBP=0x0000000000000020 is an unknown value
RSI=0x0000000004000000 is an unknown value
RDI=0x00000000214406e8 is an unknown value
R8 =0x0000000000080000 is an unknown value
R9 =0x0000000000000000 is an unknown value
R10=0x000000000000001f is an unknown value
R11=0x0000000000080000 is an unknown value
R12=0x0000000000000004 is an unknown value
R13=0x000000001f69c0b8 is pointing into the stack for thread: 0x000000001eccd800
R14=0x000000001f69c1f0 is pointing into the stack for thread: 0x000000001eccd800
R15=0x000000001f69c0d8 is pointing into the stack for thread: 0x000000001eccd800


Stack: [0x000000001f5a0000,0x000000001f6a0000],  sp=0x000000001f69bfe0,  free space=1007k
Native frames: (J=compiled Java code, j=interpreted, Vv=VM code, C=native code)
V  [jvm.dll+0x4897d9]
V  [jvm.dll+0x48b4cf]
V  [jvm.dll+0x48c39a]
V  [jvm.dll+0x4739cc]
V  [jvm.dll+0x476378]
V  [jvm.dll+0x458d82]
V  [jvm.dll+0xa57c2]
V  [jvm.dll+0xa60ff]
V  [jvm.dll+0x2451a4]
V  [jvm.dll+0x29c18a]
C  [msvcr100.dll+0x21d9f]
C  [msvcr100.dll+0x21e3b]
C  [KERNEL32.DLL+0x18102]
C  [ntdll.dll+0x5c5b4]


Current CompileTask:
C2:   8490 2519       4       org.eclipse.persistence.internal.jpa.metadata.accessors.objects.MetadataAsmFactory::processDescription (604 bytes)


---------------  P R O C E S S  ---------------

Java Threads: ( => current thread )
  0x000000001ed3b000 JavaThread "Service Thread" daemon [_thread_blocked, id=2300, stack(0x000000001f8a0000,0x000000001f9a0000)]
  0x000000001ecdb800 JavaThread "C1 CompilerThread3" daemon [_thread_blocked, id=5540, stack(0x000000001f7a0000,0x000000001f8a0000)]
  0x000000001ecde000 JavaThread "C2 CompilerThread2" daemon [_thread_blocked, id=14012, stack(0x000000001f6a0000,0x000000001f7a0000)]
=>0x000000001eccd800 JavaThread "C2 CompilerThread1" daemon [_thread_in_native, id=5136, stack(0x000000001f5a0000,0x000000001f6a0000)]
  0x000000001ecc7000 JavaThread "C2 CompilerThread0" daemon [_thread_blocked, id=12628, stack(0x000000001f4a0000,0x000000001f5a0000)]
  0x000000001cdde800 JavaThread "Attach Listener" daemon [_thread_blocked, id=6220, stack(0x000000001f3a0000,0x000000001f4a0000)]
  0x000000001cddd800 JavaThread "Signal Dispatcher" daemon [_thread_blocked, id=12220, stack(0x000000001f2a0000,0x000000001f3a0000)]
  0x00000000032bd800 JavaThread "Finalizer" daemon [_thread_blocked, id=12092, stack(0x000000001f0a0000,0x000000001f1a0000)]
  0x00000000032b4000 JavaThread "Reference Handler" daemon [_thread_blocked, id=13376, stack(0x000000001eba0000,0x000000001eca0000)]
  0x00000000031c0800 JavaThread "main" [_thread_in_native, id=12172, stack(0x00000000030c0000,0x00000000031c0000)]

Other Threads:
  0x000000001cdc9800 VMThread [stack: 0x000000001eaa0000,0x000000001eba0000] [id=5408]
  0x000000001ed3d800 WatcherThread [stack: 0x000000001f9a0000,0x000000001faa0000] [id=10696]

VM state:not at safepoint (normal execution)

VM Mutex/Monitor currently owned by a thread: None

Heap:
 PSYoungGen      total 76288K, used 7323K [0x000000076ae00000, 0x0000000773900000, 0x00000007c0000000)
  eden space 65536K, 9% used [0x000000076ae00000,0x000000076b3e6088,0x000000076ee00000)
  from space 10752K, 11% used [0x000000076ee00000,0x000000076ef40c88,0x000000076f880000)
  to   space 10752K, 0% used [0x0000000772e80000,0x0000000772e80000,0x0000000773900000)
 ParOldGen       total 124416K, used 20695K [0x00000006c0a00000, 0x00000006c8380000, 0x000000076ae00000)
  object space 124416K, 16% used [0x00000006c0a00000,0x00000006c1e35de8,0x00000006c8380000)
 Metaspace       used 21995K, capacity 22254K, committed 22576K, reserved 1069056K
  class space    used 2516K, capacity 2611K, committed 2688K, reserved 1048576K

Card table byte_map: [0x0000000012680000,0x0000000012e80000] byte_map_base: 0x000000000f07b000

Marking Bits: (ParMarkBitMap*) 0x000000006ec8a6d0
 Begin Bits: [0x0000000013be0000, 0x0000000017bb8000)
 End Bits:   [0x0000000017bb8000, 0x000000001bb90000)

Polling page: 0x00000000018e0000

CodeCache: size=245760Kb used=8461Kb max_used=8461Kb free=237299Kb
 bounds [0x00000000032c0000, 0x0000000003b10000, 0x00000000122c0000]
 total_blobs=2975 nmethods=2587 adapters=300
 compilation: enabled

Compilation events (10 events):
Event: 8.435 Thread 0x000000001ecdb800 2588       1       sun.security.jca.ProviderList::access$100 (5 bytes)
Event: 8.435 Thread 0x000000001ecdb800 nmethod 2588 0x0000000003af1210 code [0x0000000003af1360, 0x0000000003af1450]
Event: 8.435 Thread 0x000000001ecdb800 2535       1       org.eclipse.persistence.descriptors.DescriptorQueryManager::getDeleteQuery (5 bytes)
Event: 8.435 Thread 0x000000001ecdb800 nmethod 2535 0x0000000003b07810 code [0x0000000003b07960, 0x0000000003b07a70]
Event: 8.435 Thread 0x000000001ecdb800 2582       1       org.eclipse.persistence.descriptors.DescriptorQueryManager::getDoesExistQuery (5 bytes)
Event: 8.435 Thread 0x000000001ecdb800 nmethod 2582 0x0000000003b07550 code [0x0000000003b076a0, 0x0000000003b077b0]
Event: 8.435 Thread 0x000000001ecdb800 2577       1       org.eclipse.persistence.sequencing.Sequence::getName (5 bytes)
Event: 8.435 Thread 0x000000001ecdb800 nmethod 2577 0x0000000003b07290 code [0x0000000003b073e0, 0x0000000003b074f0]
Event: 8.435 Thread 0x000000001ecdb800 2547       1       java.net.URLConnection::getUseCaches (5 bytes)
Event: 8.435 Thread 0x000000001ecdb800 nmethod 2547 0x0000000003b06fd0 code [0x0000000003b07120, 0x0000000003b07230]

GC Heap History (8 events):
Event: 0.796 GC heap before
{Heap before GC invocations=1 (full 0):
 PSYoungGen      total 76288K, used 65536K [0x000000076ae00000, 0x0000000770300000, 0x00000007c0000000)
  eden space 65536K, 100% used [0x000000076ae00000,0x000000076ee00000,0x000000076ee00000)
  from space 10752K, 0% used [0x000000076f880000,0x000000076f880000,0x0000000770300000)
  to   space 10752K, 0% used [0x000000076ee00000,0x000000076ee00000,0x000000076f880000)
 ParOldGen       total 175104K, used 0K [0x00000006c0a00000, 0x00000006cb500000, 0x000000076ae00000)
  object space 175104K, 0% used [0x00000006c0a00000,0x00000006c0a00000,0x00000006cb500000)
 Metaspace       used 14809K, capacity 15020K, committed 15360K, reserved 1062912K
  class space    used 1621K, capacity 1728K, committed 1792K, reserved 1048576K
Event: 0.807 GC heap after
Heap after GC invocations=1 (full 0):
 PSYoungGen      total 76288K, used 10734K [0x000000076ae00000, 0x0000000774300000, 0x00000007c0000000)
  eden space 65536K, 0% used [0x000000076ae00000,0x000000076ae00000,0x000000076ee00000)
  from space 10752K, 99% used [0x000000076ee00000,0x000000076f87b958,0x000000076f880000)
  to   space 10752K, 0% used [0x0000000773880000,0x0000000773880000,0x0000000774300000)
 ParOldGen       total 175104K, used 7113K [0x00000006c0a00000, 0x00000006cb500000, 0x000000076ae00000)
  object space 175104K, 4% used [0x00000006c0a00000,0x00000006c10f2560,0x00000006cb500000)
 Metaspace       used 14809K, capacity 15020K, committed 15360K, reserved 1062912K
  class space    used 1621K, capacity 1728K, committed 1792K, reserved 1048576K
}
Event: 3.552 GC heap before
{Heap before GC invocations=2 (full 0):
 PSYoungGen      total 76288K, used 70408K [0x000000076ae00000, 0x0000000774300000, 0x00000007c0000000)
  eden space 65536K, 91% used [0x000000076ae00000,0x000000076e846730,0x000000076ee00000)
  from space 10752K, 99% used [0x000000076ee00000,0x000000076f87b958,0x000000076f880000)
  to   space 10752K, 0% used [0x0000000773880000,0x0000000773880000,0x0000000774300000)
 ParOldGen       total 175104K, used 7113K [0x00000006c0a00000, 0x00000006cb500000, 0x000000076ae00000)
  object space 175104K, 4% used [0x00000006c0a00000,0x00000006c10f2560,0x00000006cb500000)
 Metaspace       used 20871K, capacity 21050K, committed 21296K, reserved 1069056K
  class space    used 2486K, capacity 2565K, committed 2688K, reserved 1048576K
Event: 3.562 GC heap after
Heap after GC invocations=2 (full 0):
 PSYoungGen      total 76288K, used 10733K [0x000000076ae00000, 0x0000000774300000, 0x00000007c0000000)
  eden space 65536K, 0% used [0x000000076ae00000,0x000000076ae00000,0x000000076ee00000)
  from space 10752K, 99% used [0x0000000773880000,0x00000007742fb4e0,0x0000000774300000)
  to   space 10752K, 0% used [0x000000076ee00000,0x000000076ee00000,0x000000076f880000)
 ParOldGen       total 175104K, used 17858K [0x00000006c0a00000, 0x00000006cb500000, 0x000000076ae00000)
  object space 175104K, 10% used [0x00000006c0a00000,0x00000006c1b70940,0x00000006cb500000)
 Metaspace       used 20871K, capacity 21050K, committed 21296K, reserved 1069056K
  class space    used 2486K, capacity 2565K, committed 2688K, reserved 1048576K
}
Event: 3.562 GC heap before
{Heap before GC invocations=3 (full 1):
 PSYoungGen      total 76288K, used 10733K [0x000000076ae00000, 0x0000000774300000, 0x00000007c0000000)
  eden space 65536K, 0% used [0x000000076ae00000,0x000000076ae00000,0x000000076ee00000)
  from space 10752K, 99% used [0x0000000773880000,0x00000007742fb4e0,0x0000000774300000)
  to   space 10752K, 0% used [0x000000076ee00000,0x000000076ee00000,0x000000076f880000)
 ParOldGen       total 175104K, used 17858K [0x00000006c0a00000, 0x00000006cb500000, 0x000000076ae00000)
  object space 175104K, 10% used [0x00000006c0a00000,0x00000006c1b70940,0x00000006cb500000)
 Metaspace       used 20871K, capacity 21050K, committed 21296K, reserved 1069056K
  class space    used 2486K, capacity 2565K, committed 2688K, reserved 1048576K
Event: 3.582 GC heap after
Heap after GC invocations=3 (full 1):
 PSYoungGen      total 76288K, used 0K [0x000000076ae00000, 0x0000000774300000, 0x00000007c0000000)
  eden space 65536K, 0% used [0x000000076ae00000,0x000000076ae00000,0x000000076ee00000)
  from space 10752K, 0% used [0x0000000773880000,0x0000000773880000,0x0000000774300000)
  to   space 10752K, 0% used [0x000000076ee00000,0x000000076ee00000,0x000000076f880000)
 ParOldGen       total 124416K, used 20687K [0x00000006c0a00000, 0x00000006c8380000, 0x000000076ae00000)
  object space 124416K, 16% used [0x00000006c0a00000,0x00000006c1e33de8,0x00000006c8380000)
 Metaspace       used 20871K, capacity 21050K, committed 21296K, reserved 1069056K
  class space    used 2486K, capacity 2565K, committed 2688K, reserved 1048576K
}
Event: 8.283 GC heap before
{Heap before GC invocations=4 (full 1):
 PSYoungGen      total 76288K, used 65536K [0x000000076ae00000, 0x0000000774300000, 0x00000007c0000000)
  eden space 65536K, 100% used [0x000000076ae00000,0x000000076ee00000,0x000000076ee00000)
  from space 10752K, 0% used [0x0000000773880000,0x0000000773880000,0x0000000774300000)
  to   space 10752K, 0% used [0x000000076ee00000,0x000000076ee00000,0x000000076f880000)
 ParOldGen       total 124416K, used 20687K [0x00000006c0a00000, 0x00000006c8380000, 0x000000076ae00000)
  object space 124416K, 16% used [0x00000006c0a00000,0x00000006c1e33de8,0x00000006c8380000)
 Metaspace       used 21967K, capacity 22190K, committed 22320K, reserved 1069056K
  class space    used 2516K, capacity 2611K, committed 2688K, reserved 1048576K
Event: 8.286 GC heap after
Heap after GC invocations=4 (full 1):
 PSYoungGen      total 76288K, used 1283K [0x000000076ae00000, 0x0000000773900000, 0x00000007c0000000)
  eden space 65536K, 0% used [0x000000076ae00000,0x000000076ae00000,0x000000076ee00000)
  from space 10752K, 11% used [0x000000076ee00000,0x000000076ef40c88,0x000000076f880000)
  to   space 10752K, 0% used [0x0000000772e80000,0x0000000772e80000,0x0000000773900000)
 ParOldGen       total 124416K, used 20695K [0x00000006c0a00000, 0x00000006c8380000, 0x000000076ae00000)
  object space 124416K, 16% used [0x00000006c0a00000,0x00000006c1e35de8,0x00000006c8380000)
 Metaspace       used 21967K, capacity 22190K, committed 22320K, reserved 1069056K
  class space    used 2516K, capacity 2611K, committed 2688K, reserved 1048576K
}

Deoptimization events (10 events):
Event: 3.033 Thread 0x00000000031c0800 Uncommon trap: reason=unstable_if action=reinterpret pc=0x0000000003566c54 method=java.lang.CharacterDataLatin1.digit(II)I @ 82
Event: 3.128 Thread 0x00000000031c0800 Uncommon trap: reason=unstable_if action=reinterpret pc=0x00000000034e6ca8 method=java.util.HashMap.getNode(ILjava/lang/Object;)Ljava/util/HashMap$Node; @ 62
Event: 3.128 Thread 0x00000000031c0800 Uncommon trap: reason=unstable_if action=reinterpret pc=0x00000000034e8888 method=java.util.HashMap.getNode(ILjava/lang/Object;)Ljava/util/HashMap$Node; @ 62
Event: 3.424 Thread 0x00000000031c0800 Uncommon trap: reason=unstable_if action=reinterpret pc=0x00000000036f3048 method=org.eclipse.persistence.internal.helper.DatabaseField.getQualifiedName()Ljava/lang/String; @ 11
Event: 3.424 Thread 0x00000000031c0800 Uncommon trap: reason=unstable_if action=reinterpret pc=0x00000000036e0144 method=org.eclipse.persistence.internal.helper.DatabaseField.getQualifiedName()Ljava/lang/String; @ 11
Event: 3.584 Thread 0x00000000032b4000 Uncommon trap: reason=unstable_if action=reinterpret pc=0x0000000003678f48 method=java.lang.ref.Reference.tryHandlePending(Z)Z @ 9
Event: 3.798 Thread 0x00000000031c0800 Uncommon trap: reason=unstable_if action=reinterpret pc=0x00000000035162b0 method=org.eclipse.persistence.internal.jpa.metadata.accessors.objects.MetadataAsmFactory.processDescription(Ljava/lang/String;Z)Ljava/util/List; @ 58
Event: 8.288 Thread 0x00000000032bd800 Uncommon trap: reason=unstable_if action=reinterpret pc=0x000000000377f110 method=java.lang.ref.Finalizer.remove()V @ 10
Event: 8.288 Thread 0x00000000032bd800 Uncommon trap: reason=unstable_if action=reinterpret pc=0x0000000003781a78 method=java.lang.ref.Finalizer.remove()V @ 10
Event: 8.289 Thread 0x00000000032bd800 Uncommon trap: reason=unstable_if action=reinterpret pc=0x000000000377be74 method=java.lang.ref.Finalizer.remove()V @ 10

Internal exceptions (10 events):
Event: 0.095 Thread 0x00000000031c0800 Exception <a 'java/security/PrivilegedActionException'> (0x000000076af2a4c0) thrown at [C:\re\workspace\8-2-build-windows-amd64-cygwin\jdk8u101\7261\hotspot\src\share\vm\prims\jvm.cpp, line 1386]
Event: 0.096 Thread 0x00000000031c0800 Exception <a 'java/security/PrivilegedActionException'> (0x000000076af2e3a8) thrown at [C:\re\workspace\8-2-build-windows-amd64-cygwin\jdk8u101\7261\hotspot\src\share\vm\prims\jvm.cpp, line 1386]
Event: 0.096 Thread 0x00000000031c0800 Exception <a 'java/security/PrivilegedActionException'> (0x000000076af2e5b8) thrown at [C:\re\workspace\8-2-build-windows-amd64-cygwin\jdk8u101\7261\hotspot\src\share\vm\prims\jvm.cpp, line 1386]
Event: 0.576 Thread 0x00000000031c0800 Exception <a 'java/lang/NoClassDefFoundError': javax/validation/Validation> (0x000000076cad4310) thrown at [C:\re\workspace\8-2-build-windows-amd64-cygwin\jdk8u101\7261\hotspot\src\share\vm\classfile\systemDictionary.cpp, line 199]
Event: 0.708 Thread 0x00000000031c0800 Exception <a 'java/lang/NoSuchFieldError': method resolution failed> (0x000000076d2574b0) thrown at [C:\re\workspace\8-2-build-windows-amd64-cygwin\jdk8u101\7261\hotspot\src\share\vm\prims\methodHandles.cpp, line 1146]
Event: 0.709 Thread 0x00000000031c0800 Exception <a 'java/lang/NoSuchFieldError': method resolution failed> (0x000000076d264b70) thrown at [C:\re\workspace\8-2-build-windows-amd64-cygwin\jdk8u101\7261\hotspot\src\share\vm\prims\methodHandles.cpp, line 1146]
Event: 2.922 Thread 0x00000000031c0800 Exception <a 'java/net/SocketTimeoutException': Receive timed out> (0x000000076d1a56a0) thrown at [C:\re\workspace\8-2-build-windows-amd64-cygwin\jdk8u101\7261\hotspot\src\share\vm\prims\jni.cpp, line 735]
Event: 3.584 Thread 0x00000000032b4000 Implicit null exception at 0x00000000036788bf to 0x0000000003678f31
Event: 3.812 Thread 0x00000000031c0800 Exception <a 'java/lang/NoClassDefFoundError': javax/validation/Validation> (0x000000076b413008) thrown at [C:\re\workspace\8-2-build-windows-amd64-cygwin\jdk8u101\7261\hotspot\src\share\vm\oops\constantPool.cpp, line 235]
Event: 8.429 Thread 0x00000000031c0800 Exception <a 'java/lang/NoClassDefFoundError': javax/validation/Validation> (0x000000076b2b2c38) thrown at [C:\re\workspace\8-2-build-windows-amd64-cygwin\jdk8u101\7261\hotspot\src\share\vm\oops\constantPool.cpp, line 235]

Events (10 events):
Event: 8.288 Executing VM operation: BulkRevokeBias
Event: 8.288 Executing VM operation: BulkRevokeBias done
Event: 8.288 Thread 0x00000000032bd800 Uncommon trap: trap_request=0xffffff65 fr.pc=0x0000000003781a78
Event: 8.288 Executing VM operation: RevokeBias
Event: 8.288 Executing VM operation: RevokeBias done
Event: 8.288 Thread 0x00000000032bd800 DEOPT PACKING pc=0x0000000003781a78 sp=0x000000001f19f6d0
Event: 8.289 Thread 0x00000000032bd800 DEOPT UNPACKING pc=0x000000000330582a sp=0x000000001f19f628 mode 2
Event: 8.289 Thread 0x00000000032bd800 Uncommon trap: trap_request=0xffffff65 fr.pc=0x000000000377be74
Event: 8.289 Thread 0x00000000032bd800 DEOPT PACKING pc=0x000000000377be74 sp=0x000000001f19f690
Event: 8.289 Thread 0x00000000032bd800 DEOPT UNPACKING pc=0x000000000330582a sp=0x000000001f19f630 mode 2


Dynamic libraries:
0x00007ff6e7450000 - 0x00007ff6e7487000 	C:\Program Files\Java\jdk1.8.0_101\bin\java.exe
0x00007ffd8d920000 - 0x00007ffd8dae1000 	C:\Windows\SYSTEM32\ntdll.dll
0x00007ffd8cbe0000 - 0x00007ffd8cc8d000 	C:\Windows\system32\KERNEL32.DLL
0x00007ffd89fd0000 - 0x00007ffd8a1b8000 	C:\Windows\system32\KERNELBASE.dll
0x00007ffd8d6e0000 - 0x00007ffd8d787000 	C:\Windows\system32\ADVAPI32.dll
0x00007ffd8b010000 - 0x00007ffd8b0ad000 	C:\Windows\system32\msvcrt.dll
0x00007ffd8afb0000 - 0x00007ffd8b00b000 	C:\Windows\system32\sechost.dll
0x00007ffd8b110000 - 0x00007ffd8b22c000 	C:\Windows\system32\RPCRT4.dll
0x00007ffd8d310000 - 0x00007ffd8d466000 	C:\Windows\system32\USER32.dll
0x00007ffd8d790000 - 0x00007ffd8d916000 	C:\Windows\system32\GDI32.dll
0x00007ffd7ebb0000 - 0x00007ffd7ee24000 	C:\Windows\WinSxS\amd64_microsoft.windows.common-controls_6595b64144ccf1df_6.0.10586.589_none_a2ddb3caa539acce\COMCTL32.dll
0x00007ffd8b2a0000 - 0x00007ffd8b51d000 	C:\Windows\system32\combase.dll
0x00007ffd8a440000 - 0x00007ffd8a4aa000 	C:\Windows\system32\bcryptPrimitives.dll
0x00007ffd8d4e0000 - 0x00007ffd8d51b000 	C:\Windows\system32\IMM32.DLL
0x000000006e390000 - 0x000000006e462000 	C:\Program Files\Java\jdk1.8.0_101\jre\bin\msvcr100.dll
0x000000006e470000 - 0x000000006ed0a000 	C:\Program Files\Java\jdk1.8.0_101\jre\bin\server\jvm.dll
0x00007ffd8d300000 - 0x00007ffd8d308000 	C:\Windows\system32\PSAPI.DLL
0x00007ffd808b0000 - 0x00007ffd808b9000 	C:\Windows\SYSTEM32\WSOCK32.dll
0x00007ffd87d80000 - 0x00007ffd87da3000 	C:\Windows\SYSTEM32\WINMM.dll
0x00007ffd87f80000 - 0x00007ffd87f8a000 	C:\Windows\SYSTEM32\VERSION.dll
0x00007ffd8d470000 - 0x00007ffd8d4db000 	C:\Windows\system32\WS2_32.dll
0x00007ffd87d50000 - 0x00007ffd87d7c000 	C:\Windows\SYSTEM32\winmmbase.dll
0x00007ffd8a1c0000 - 0x00007ffd8a203000 	C:\Windows\system32\cfgmgr32.dll
0x000000006e340000 - 0x000000006e34f000 	C:\Program Files\Java\jdk1.8.0_101\jre\bin\verify.dll
0x000000006e310000 - 0x000000006e339000 	C:\Program Files\Java\jdk1.8.0_101\jre\bin\java.dll
0x000000006e2f0000 - 0x000000006e306000 	C:\Program Files\Java\jdk1.8.0_101\jre\bin\zip.dll
0x00007ffd8b520000 - 0x00007ffd8ca7c000 	C:\Windows\system32\SHELL32.dll
0x00007ffd8a620000 - 0x00007ffd8ac65000 	C:\Windows\system32\windows.storage.dll
0x00007ffd8b240000 - 0x00007ffd8b292000 	C:\Windows\system32\shlwapi.dll
0x00007ffd89f70000 - 0x00007ffd89f7f000 	C:\Windows\system32\kernel.appcore.dll
0x00007ffd8a4d0000 - 0x00007ffd8a585000 	C:\Windows\system32\shcore.dll
0x00007ffd89f80000 - 0x00007ffd89fcb000 	C:\Windows\system32\powrprof.dll
0x00007ffd89f40000 - 0x00007ffd89f54000 	C:\Windows\system32\profapi.dll
0x000000006b890000 - 0x000000006b8b4000 	C:\Program Files\Java\jdk1.8.0_101\jre\bin\sunec.dll
0x000000006e2d0000 - 0x000000006e2ea000 	C:\Program Files\Java\jdk1.8.0_101\jre\bin\net.dll
0x00007ffd897b0000 - 0x00007ffd8980c000 	C:\Windows\system32\mswsock.dll
0x00007ffd81bb0000 - 0x00007ffd81bc6000 	C:\Windows\system32\napinsp.dll
0x00007ffd81bf0000 - 0x00007ffd81c0a000 	C:\Windows\system32\pnrpnsp.dll
0x00007ffd87050000 - 0x00007ffd87068000 	C:\Windows\system32\NLAapi.dll
0x00007ffd88030000 - 0x00007ffd880da000 	C:\Windows\SYSTEM32\DNSAPI.dll
0x00007ffd8d6d0000 - 0x00007ffd8d6d8000 	C:\Windows\system32\NSI.dll
0x00007ffd81cb0000 - 0x00007ffd81cbd000 	C:\Windows\System32\winrnr.dll
0x000000006ff00000 - 0x000000006ff26000 	C:\Program Files\Bonjour\mdnsNSP.dll
0x00007ffd876b0000 - 0x00007ffd876e8000 	C:\Windows\SYSTEM32\Iphlpapi.DLL
0x00007ffd85cf0000 - 0x00007ffd85cfa000 	C:\Windows\System32\rasadhlp.dll
0x00007ffd867d0000 - 0x00007ffd86837000 	C:\Windows\System32\fwpuclnt.dll
0x00007ffd89db0000 - 0x00007ffd89dd9000 	C:\Windows\SYSTEM32\bcrypt.dll
0x00007ffd87030000 - 0x00007ffd87046000 	C:\Windows\SYSTEM32\dhcpcsvc6.DLL
0x00007ffd87010000 - 0x00007ffd8702a000 	C:\Windows\SYSTEM32\dhcpcsvc.DLL
0x00007ffd59ef0000 - 0x00007ffd5a07c000 	C:\Windows\SYSTEM32\dbghelp.dll

VM Arguments:
jvm_args: -Dfile.encoding=UTF-8 
java_command: org.pasa.sispasaint.run.Inicio
java_class_path (initial): C:\Temp\Driver\net\sourceforge\jtds\main\jtds-1.3.1.jar;C:\Program Files\NetBeans 8.1\java\modules\ext\eclipselink\eclipselink.jar;C:\Program Files\NetBeans 8.1\java\modules\ext\eclipselink\javax.persistence_2.1.0.v201304241213.jar;C:\Program Files\NetBeans 8.1\java\modules\ext\eclipselink\org.eclipse.persistence.jpa.jpql_2.5.2.v20140319-9ad6abd.jar;C:\Users\90J00318\Documents\NetBeansProjects\SisPasaInt\build\classes
Launcher Type: SUN_STANDARD

Environment Variables:
PATH=C:\ProgramData\Oracle\Java\javapath;C:\Windows\system32;C:\Windows;C:\Windows\System32\Wbem;C:\Windows\System32\WindowsPowerShell\v1.0\;C:\Program Files (x86)\ATI Technologies\ATI.ACE\Core-Static;C:\Program Files (x86)\Skype\Phone\;C:\Program Files\Microsoft SQL Server\Client SDK\ODBC\110\Tools\Binn\;C:\Program Files (x86)\Microsoft SQL Server\120\Tools\Binn\;C:\Program Files\Microsoft SQL Server\120\Tools\Binn\;C:\Program Files\Microsoft SQL Server\120\DTS\Binn\;C:\Program Files (x86)\Microsoft SQL Server\120\Tools\Binn\ManagementStudio\;C:\Program Files (x86)\Microsoft SQL Server\120\DTS\Binn\;C:\Program Files\TortoiseSVN\bin
USERNAME=90J00318
OS=Windows_NT
PROCESSOR_IDENTIFIER=Intel64 Family 6 Model 94 Stepping 3, GenuineIntel



---------------  S Y S T E M  ---------------

OS: Windows 10.0 , 64 bit Build 10586 (10.0.10586.589)

CPU:total 8 (4 cores per cpu, 2 threads per core) family 6 model 94 stepping 3, cmov, cx8, fxsr, mmx, sse, sse2, sse3, ssse3, sse4.1, sse4.2, popcnt, avx, avx2, aes, clmul, erms, rtm, 3dnowpref, lzcnt, ht, tsc, tscinvbit, bmi1, bmi2, adx

Memory: 4k page, physical 16728484k(10667368k free), swap 19218852k(12649168k free)

vm_info: Java HotSpot(TM) 64-Bit Server VM (25.101-b13) for windows-amd64 JRE (1.8.0_101-b13), built on Jun 22 2016 01:21:29 by "java_re" with MS VC++ 10.0 (VS2010)

time: Fri Oct 14 10:35:55 2016
elapsed time: 8 seconds (0d 0h 0m 8s)

